{"level":"info","message":"{\"method\":\"GET\",\"url\":\"/v1/api/user/vendors\",\"status\":\"200\",\"responseTime\":\"95.006\"}","timestamp":"2024-11-22T09:40:07.324Z"}
{"level":"info","message":"{\"method\":\"POST\",\"url\":\"/v1/api/user/login\",\"status\":\"400\",\"responseTime\":\"242.910\"}","timestamp":"2024-11-22T09:40:41.252Z"}
{"level":"info","message":"{\"method\":\"POST\",\"url\":\"/v1/api/user/login\",\"status\":\"400\",\"responseTime\":\"222.359\"}","timestamp":"2024-11-22T09:42:48.612Z"}
{"level":"info","message":"{\"method\":\"POST\",\"url\":\"/v1/api/user/login\",\"status\":\"200\",\"responseTime\":\"265.297\"}","timestamp":"2024-11-22T09:43:16.427Z"}
{"level":"info","message":"{\"method\":\"GET\",\"url\":\"/v1/api/user/vendors\",\"status\":\"200\",\"responseTime\":\"105.184\"}","timestamp":"2024-11-22T09:43:17.805Z"}
{"level":"info","message":"{\"method\":\"POST\",\"url\":\"/v1/api/user/logout\",\"status\":\"200\",\"responseTime\":\"14.017\"}","timestamp":"2024-11-22T09:43:18.565Z"}
{"level":"info","message":"{\"method\":\"GET\",\"url\":\"/v1/api/vendor/unread-count\",\"status\":\"401\",\"responseTime\":\"117.982\"}","timestamp":"2024-11-22T09:43:30.330Z"}
{"level":"info","message":"{\"method\":\"POST\",\"url\":\"/v1/api/vendor/login\",\"status\":\"200\",\"responseTime\":\"96.483\"}","timestamp":"2024-11-22T09:45:12.181Z"}
{"level":"info","message":"{\"method\":\"GET\",\"url\":\"/v1/api/vendor/unread-count\",\"status\":\"401\",\"responseTime\":\"2.362\"}","timestamp":"2024-11-22T09:45:37.211Z"}
{"level":"info","message":"{\"method\":\"POST\",\"url\":\"/v1/api/vendor/login\",\"status\":\"400\",\"responseTime\":\"63.532\"}","timestamp":"2024-11-22T09:47:02.741Z"}
{"level":"info","message":"{\"method\":\"GET\",\"url\":\"/v1/api/user/vendors\",\"status\":\"200\",\"responseTime\":\"222.492\"}","timestamp":"2024-11-22T09:53:26.384Z"}
{"level":"info","message":"{\"method\":\"POST\",\"url\":\"/v1/api/user/login\",\"status\":\"400\",\"responseTime\":\"331.448\"}","timestamp":"2024-11-22T09:53:47.362Z"}
{"level":"info","message":"{\"method\":\"POST\",\"url\":\"/v1/api/user/login\",\"status\":\"400\",\"responseTime\":\"369.475\"}","timestamp":"2024-11-22T09:55:14.369Z"}
{"level":"info","message":"{\"method\":\"POST\",\"url\":\"/v1/api/user/login\",\"status\":\"400\",\"responseTime\":\"404.911\"}","timestamp":"2024-11-22T09:58:34.046Z"}
{"level":"info","message":"{\"method\":\"POST\",\"url\":\"/v1/api/user/login\",\"status\":\"400\",\"responseTime\":\"363.184\"}","timestamp":"2024-11-22T10:01:07.200Z"}
{"level":"info","message":"{\"method\":\"POST\",\"url\":\"/v1/api/user/login\",\"status\":\"400\",\"responseTime\":\"178.247\"}","timestamp":"2024-11-22T10:01:07.311Z"}
{"level":"info","message":"{\"method\":\"POST\",\"url\":\"/v1/api/user/login\",\"status\":\"400\",\"responseTime\":\"266.137\"}","timestamp":"2024-11-22T10:01:08.695Z"}
{"level":"info","message":"{\"method\":\"POST\",\"url\":\"/v1/api/user/login\",\"status\":\"400\",\"responseTime\":\"259.140\"}","timestamp":"2024-11-22T10:01:21.480Z"}
{"level":"info","message":"{\"method\":\"POST\",\"url\":\"/v1/api/user/login\",\"status\":\"400\",\"responseTime\":\"552.051\"}","timestamp":"2024-11-22T10:03:45.727Z"}
{"level":"info","message":"{\"method\":\"POST\",\"url\":\"/v1/api/user/login\",\"status\":\"404\",\"responseTime\":\"306.593\"}","timestamp":"2024-11-22T10:09:59.044Z"}
{"level":"info","message":"{\"method\":\"POST\",\"url\":\"/v1/api/user/login\",\"status\":\"404\",\"responseTime\":\"506.166\"}","timestamp":"2024-11-22T10:10:12.304Z"}
{"level":"info","message":"{\"method\":\"POST\",\"url\":\"/v1/api/user/login\",\"status\":\"404\",\"responseTime\":\"698.990\"}","timestamp":"2024-11-22T10:10:14.314Z"}
{"level":"info","message":"{\"method\":\"POST\",\"url\":\"/v1/api/user/login\",\"status\":\"404\",\"responseTime\":\"360.950\"}","timestamp":"2024-11-22T10:10:14.624Z"}
{"level":"info","message":"{\"method\":\"POST\",\"url\":\"/v1/api/user/login\",\"status\":\"404\",\"responseTime\":\"435.142\"}","timestamp":"2024-11-22T10:10:14.893Z"}
{"level":"info","message":"{\"method\":\"POST\",\"url\":\"/v1/api/user/login\",\"status\":\"404\",\"responseTime\":\"362.964\"}","timestamp":"2024-11-22T10:10:15.041Z"}
{"level":"info","message":"{\"method\":\"POST\",\"url\":\"/v1/api/user/login\",\"status\":\"404\",\"responseTime\":\"391.171\"}","timestamp":"2024-11-22T10:10:15.224Z"}
{"level":"info","message":"{\"method\":\"POST\",\"url\":\"/v1/api/user/login\",\"status\":\"404\",\"responseTime\":\"256.723\"}","timestamp":"2024-11-22T10:10:15.278Z"}
{"level":"info","message":"{\"method\":\"POST\",\"url\":\"/v1/api/user/login\",\"status\":\"404\",\"responseTime\":\"348.927\"}","timestamp":"2024-11-22T10:10:15.564Z"}
{"level":"info","message":"{\"method\":\"POST\",\"url\":\"/v1/api/user/login\",\"status\":\"404\",\"responseTime\":\"436.644\"}","timestamp":"2024-11-22T10:10:15.832Z"}
{"level":"info","message":"{\"method\":\"POST\",\"url\":\"/v1/api/user/login\",\"status\":\"404\",\"responseTime\":\"331.874\"}","timestamp":"2024-11-22T10:10:15.915Z"}
{"level":"info","message":"{\"method\":\"POST\",\"url\":\"/v1/api/user/login\",\"status\":\"404\",\"responseTime\":\"390.075\"}","timestamp":"2024-11-22T10:10:16.153Z"}
{"level":"info","message":"{\"method\":\"POST\",\"url\":\"/v1/api/user/login\",\"status\":\"404\",\"responseTime\":\"398.538\"}","timestamp":"2024-11-22T10:10:16.354Z"}
{"level":"info","message":"{\"method\":\"POST\",\"url\":\"/v1/api/user/login\",\"status\":\"404\",\"responseTime\":\"673.693\"}","timestamp":"2024-11-22T10:10:17.183Z"}
{"level":"info","message":"{\"method\":\"POST\",\"url\":\"/v1/api/user/login\",\"status\":\"404\",\"responseTime\":\"1065.760\"}","timestamp":"2024-11-22T10:10:17.192Z"}
{"level":"info","message":"{\"method\":\"POST\",\"url\":\"/v1/api/user/login\",\"status\":\"404\",\"responseTime\":\"883.547\"}","timestamp":"2024-11-22T10:10:17.211Z"}
{"level":"info","message":"{\"method\":\"POST\",\"url\":\"/v1/api/user/login\",\"status\":\"404\",\"responseTime\":\"648.912\"}","timestamp":"2024-11-22T10:10:17.359Z"}
{"level":"info","message":"{\"method\":\"POST\",\"url\":\"/v1/api/user/login\",\"status\":\"404\",\"responseTime\":\"444.487\"}","timestamp":"2024-11-22T10:10:17.517Z"}
{"level":"info","message":"{\"method\":\"POST\",\"url\":\"/v1/api/user/login\",\"status\":\"404\",\"responseTime\":\"473.118\"}","timestamp":"2024-11-22T10:10:17.763Z"}
{"level":"info","message":"{\"method\":\"POST\",\"url\":\"/v1/api/user/login\",\"status\":\"404\",\"responseTime\":\"1265.820\"}","timestamp":"2024-11-22T10:10:18.150Z"}
{"level":"info","message":"{\"method\":\"POST\",\"url\":\"/v1/api/user/login\",\"status\":\"404\",\"responseTime\":\"3765.876\"}","timestamp":"2024-11-22T10:38:19.095Z"}
{"level":"info","message":"{\"method\":\"GET\",\"url\":\"/v1/api/user/vendors\",\"status\":\"304\",\"responseTime\":\"1288.959\"}","timestamp":"2024-11-22T11:03:52.249Z"}
{"level":"info","message":"{\"method\":\"POST\",\"url\":\"/v1/api/user/login\",\"status\":\"404\",\"responseTime\":\"304.460\"}","timestamp":"2024-11-22T11:04:15.873Z"}
{"level":"info","message":"{\"method\":\"POST\",\"url\":\"/v1/api/user/login\",\"status\":\"404\",\"responseTime\":\"290.206\"}","timestamp":"2024-11-22T11:04:15.884Z"}
{"level":"info","message":"{\"method\":\"POST\",\"url\":\"/v1/api/user/login\",\"status\":\"401\",\"responseTime\":\"579.419\"}","timestamp":"2024-11-22T11:07:18.442Z"}
{"level":"info","message":"{\"method\":\"POST\",\"url\":\"/v1/api/user/signup\",\"status\":\"500\",\"responseTime\":\"35355.249\"}","timestamp":"2024-11-22T12:02:01.285Z"}
{"level":"info","message":"{\"method\":\"POST\",\"url\":\"/v1/api/user/signup\",\"status\":\"500\",\"responseTime\":\"15454.413\"}","timestamp":"2024-11-22T12:02:04.060Z"}
{"level":"info","message":"{\"method\":\"POST\",\"url\":\"/v1/api/user/signup\",\"status\":\"500\",\"responseTime\":\"679.168\"}","timestamp":"2024-11-22T12:02:39.178Z"}
{"level":"info","message":"{\"method\":\"POST\",\"url\":\"/v1/api/user/signup\",\"status\":\"500\",\"responseTime\":\"19251.488\"}","timestamp":"2024-11-22T12:02:49.406Z"}
{"level":"info","message":"{\"method\":\"POST\",\"url\":\"/v1/api/user/signup\",\"status\":\"200\",\"responseTime\":\"16465.406\"}","timestamp":"2024-11-22T12:02:50.109Z"}
{"level":"info","message":"{\"method\":\"POST\",\"url\":\"/v1/api/user/signup\",\"status\":\"200\",\"responseTime\":\"6892.084\"}","timestamp":"2024-11-22T12:03:38.400Z"}
{"level":"info","message":"{\"method\":\"POST\",\"url\":\"/v1/api/user/signup\",\"status\":\"500\",\"responseTime\":\"1300.941\"}","timestamp":"2024-11-22T12:06:49.540Z"}
{"level":"info","message":"{\"method\":\"POST\",\"url\":\"/v1/api/user/signup\",\"status\":\"500\",\"responseTime\":\"577.415\"}","timestamp":"2024-11-22T12:20:17.625Z"}
{"level":"info","message":"{\"method\":\"POST\",\"url\":\"/v1/api/user/signup\",\"status\":\"500\",\"responseTime\":\"156.704\"}","timestamp":"2024-11-22T12:21:02.201Z"}
{"level":"info","message":"{\"method\":\"POST\",\"url\":\"/v1/api/user/signup\",\"status\":\"500\",\"responseTime\":\"83.379\"}","timestamp":"2024-11-22T12:21:32.141Z"}
{"level":"info","message":"{\"method\":\"POST\",\"url\":\"/v1/api/user/signup\",\"status\":\"500\",\"responseTime\":\"326.095\"}","timestamp":"2024-11-22T12:36:35.356Z"}
{"level":"info","message":"{\"method\":\"POST\",\"url\":\"/v1/api/user/signup\",\"status\":\"500\",\"responseTime\":\"71.560\"}","timestamp":"2024-11-22T12:39:15.722Z"}
{"level":"info","message":"{\"method\":\"POST\",\"url\":\"/v1/api/user/signup\",\"status\":\"500\",\"responseTime\":\"69.465\"}","timestamp":"2024-11-22T12:39:29.342Z"}
{"level":"info","message":"{\"method\":\"POST\",\"url\":\"/v1/api/user/signup\",\"status\":\"500\",\"responseTime\":\"294.828\"}","timestamp":"2024-11-22T12:40:23.283Z"}
{"level":"info","message":"{\"method\":\"POST\",\"url\":\"/v1/api/user/signup\",\"status\":\"500\",\"responseTime\":\"313.221\"}","timestamp":"2024-11-22T12:43:49.539Z"}
{"level":"info","message":"{\"method\":\"POST\",\"url\":\"/v1/api/user/login\",\"status\":\"200\",\"responseTime\":\"349.562\"}","timestamp":"2024-11-22T12:44:51.964Z"}
{"level":"info","message":"{\"method\":\"GET\",\"url\":\"/v1/api/user/vendors\",\"status\":\"304\",\"responseTime\":\"112.568\"}","timestamp":"2024-11-22T12:44:53.616Z"}
{"level":"info","message":"{\"method\":\"GET\",\"url\":\"/v1/api/user/vendors\",\"status\":\"304\",\"responseTime\":\"295.232\"}","timestamp":"2024-11-22T12:45:31.258Z"}
{"level":"info","message":"{\"method\":\"GET\",\"url\":\"/v1/api/user/vendors\",\"status\":\"304\",\"responseTime\":\"71.197\"}","timestamp":"2024-11-22T12:45:31.332Z"}
{"level":"info","message":"{\"method\":\"POST\",\"url\":\"/v1/api/user/logout\",\"status\":\"200\",\"responseTime\":\"26.713\"}","timestamp":"2024-11-22T12:48:50.342Z"}
{"level":"info","message":"{\"method\":\"POST\",\"url\":\"/v1/api/user/login\",\"status\":\"200\",\"responseTime\":\"218.883\"}","timestamp":"2024-11-22T13:11:54.784Z"}
{"level":"info","message":"{\"method\":\"GET\",\"url\":\"/v1/api/user/vendors\",\"status\":\"304\",\"responseTime\":\"86.597\"}","timestamp":"2024-11-22T13:11:56.826Z"}
{"level":"info","message":"{\"method\":\"POST\",\"url\":\"/v1/api/user/logout\",\"status\":\"200\",\"responseTime\":\"2.280\"}","timestamp":"2024-11-22T13:13:03.136Z"}
{"level":"info","message":"{\"method\":\"GET\",\"url\":\"/v1/api/user/vendors\",\"status\":\"304\",\"responseTime\":\"68.848\"}","timestamp":"2024-11-22T13:13:34.363Z"}
{"level":"info","message":"{\"method\":\"POST\",\"url\":\"/v1/api/user/signup\",\"status\":\"500\",\"responseTime\":\"94.514\"}","timestamp":"2024-11-22T13:14:11.628Z"}
{"level":"info","message":"{\"method\":\"POST\",\"url\":\"/v1/api/user/signup\",\"status\":\"500\",\"responseTime\":\"568.279\"}","timestamp":"2024-11-22T13:24:28.526Z"}
{"level":"info","message":"{\"method\":\"POST\",\"url\":\"/v1/api/user/signup\",\"status\":\"200\",\"responseTime\":\"3490.905\"}","timestamp":"2024-11-22T13:24:54.902Z"}
{"level":"info","message":"{\"method\":\"GET\",\"url\":\"/v1/api/user/vendors\",\"status\":\"304\",\"responseTime\":\"178.148\"}","timestamp":"2024-11-22T13:57:09.084Z"}
{"level":"info","message":"{\"method\":\"POST\",\"url\":\"/v1/api/user/signup\",\"status\":\"500\",\"responseTime\":\"136.900\"}","timestamp":"2024-11-22T13:57:56.903Z"}
{"level":"info","message":"{\"method\":\"POST\",\"url\":\"/v1/api/user/signup\",\"status\":\"200\",\"responseTime\":\"3363.221\"}","timestamp":"2024-11-22T13:58:05.081Z"}
{"level":"info","message":"{\"method\":\"POST\",\"url\":\"/v1/api/user/verifyOtp\",\"status\":\"200\",\"responseTime\":\"262.873\"}","timestamp":"2024-11-22T13:58:26.238Z"}
{"level":"info","message":"{\"method\":\"GET\",\"url\":\"/v1/api/vendor/unread-count\",\"status\":\"401\",\"responseTime\":\"44.603\"}","timestamp":"2024-11-22T14:17:56.271Z"}
{"level":"info","message":"{\"method\":\"POST\",\"url\":\"/v1/api/vendor/login\",\"status\":\"500\",\"responseTime\":\"57.655\"}","timestamp":"2024-11-22T14:18:25.357Z"}
