{"level":"info","message":"{\"method\":\"GET\",\"url\":\"/v1/api/user/vendors\",\"status\":\"304\",\"responseTime\":\"760.476\"}","timestamp":"2024-11-21T03:54:21.180Z"}
{"level":"info","message":"{\"method\":\"POST\",\"url\":\"/v1/api/user/login\",\"status\":\"200\",\"responseTime\":\"131.678\"}","timestamp":"2024-11-21T03:54:30.717Z"}
{"level":"info","message":"{\"method\":\"GET\",\"url\":\"/v1/api/user/vendors\",\"status\":\"304\",\"responseTime\":\"41.795\"}","timestamp":"2024-11-21T03:54:31.618Z"}
{"level":"info","message":"{\"method\":\"GET\",\"url\":\"/v1/api/user/vendors\",\"status\":\"304\",\"responseTime\":\"79.273\"}","timestamp":"2024-11-21T03:54:37.904Z"}
{"level":"info","message":"{\"method\":\"GET\",\"url\":\"/v1/api/user/vendors\",\"status\":\"304\",\"responseTime\":\"61.594\"}","timestamp":"2024-11-21T03:54:37.971Z"}
{"level":"info","message":"{\"method\":\"POST\",\"url\":\"/v1/api/user/logout\",\"status\":\"200\",\"responseTime\":\"1.631\"}","timestamp":"2024-11-21T03:54:41.788Z"}
{"level":"info","message":"{\"method\":\"GET\",\"url\":\"/v1/api/user/vendors\",\"status\":\"304\",\"responseTime\":\"48.004\"}","timestamp":"2024-11-21T03:54:42.005Z"}
{"level":"info","message":"{\"method\":\"GET\",\"url\":\"/v1/api/user/vendors\",\"status\":\"304\",\"responseTime\":\"42.874\"}","timestamp":"2024-11-21T03:54:42.050Z"}
{"level":"info","message":"{\"method\":\"GET\",\"url\":\"/v1/api/user/vendors\",\"status\":\"304\",\"responseTime\":\"43.227\"}","timestamp":"2024-11-21T03:54:43.127Z"}
{"level":"info","message":"{\"method\":\"GET\",\"url\":\"/v1/api/user/vendors\",\"status\":\"304\",\"responseTime\":\"109.395\"}","timestamp":"2024-11-21T03:54:43.239Z"}
{"level":"info","message":"{\"method\":\"GET\",\"url\":\"/v1/api/user/vendors\",\"status\":\"304\",\"responseTime\":\"54.106\"}","timestamp":"2024-11-21T03:54:47.545Z"}
{"level":"info","message":"{\"method\":\"GET\",\"url\":\"/v1/api/user/vendors\",\"status\":\"304\",\"responseTime\":\"45.692\"}","timestamp":"2024-11-21T03:54:47.592Z"}
{"level":"info","message":"{\"method\":\"GET\",\"url\":\"/v1/api/user/vendors\",\"status\":\"304\",\"responseTime\":\"293.122\"}","timestamp":"2024-11-21T05:37:37.918Z"}
{"level":"info","message":"{\"method\":\"POST\",\"url\":\"/v1/api/user/login\",\"status\":\"200\",\"responseTime\":\"526.884\"}","timestamp":"2024-11-21T05:38:02.409Z"}
{"level":"info","message":"{\"method\":\"GET\",\"url\":\"/v1/api/user/vendors\",\"status\":\"200\",\"responseTime\":\"285.324\"}","timestamp":"2024-11-21T05:38:05.858Z"}
{"level":"info","message":"{\"method\":\"GET\",\"url\":\"/v1/api/user/vendors\",\"status\":\"200\",\"responseTime\":\"224.406\"}","timestamp":"2024-11-21T05:38:16.398Z"}
{"level":"info","message":"{\"method\":\"POST\",\"url\":\"/v1/api/user/logout\",\"status\":\"200\",\"responseTime\":\"31.502\"}","timestamp":"2024-11-21T05:40:27.214Z"}
{"level":"info","message":"{\"method\":\"POST\",\"url\":\"/v1/api/user/login\",\"status\":\"200\",\"responseTime\":\"421.434\"}","timestamp":"2024-11-21T05:41:47.883Z"}
{"level":"info","message":"{\"method\":\"GET\",\"url\":\"/v1/api/user/vendors\",\"status\":\"200\",\"responseTime\":\"139.805\"}","timestamp":"2024-11-21T05:41:50.598Z"}
{"level":"info","message":"{\"method\":\"POST\",\"url\":\"/v1/api/user/logout\",\"status\":\"200\",\"responseTime\":\"2.847\"}","timestamp":"2024-11-21T05:42:50.871Z"}
{"level":"info","message":"{\"method\":\"POST\",\"url\":\"/v1/api/user/login\",\"status\":\"200\",\"responseTime\":\"384.288\"}","timestamp":"2024-11-21T05:43:02.822Z"}
{"level":"info","message":"{\"method\":\"GET\",\"url\":\"/v1/api/user/vendors\",\"status\":\"200\",\"responseTime\":\"189.296\"}","timestamp":"2024-11-21T05:43:05.493Z"}
{"level":"info","message":"{\"method\":\"POST\",\"url\":\"/v1/api/user/logout\",\"status\":\"200\",\"responseTime\":\"4.245\"}","timestamp":"2024-11-21T05:43:05.912Z"}
{"level":"info","message":"{\"method\":\"POST\",\"url\":\"/v1/api/user/login\",\"status\":\"200\",\"responseTime\":\"544.600\"}","timestamp":"2024-11-21T05:45:37.946Z"}
{"level":"info","message":"{\"method\":\"GET\",\"url\":\"/v1/api/user/vendors\",\"status\":\"200\",\"responseTime\":\"52.752\"}","timestamp":"2024-11-21T05:45:40.869Z"}
{"level":"info","message":"{\"method\":\"POST\",\"url\":\"/v1/api/user/logout\",\"status\":\"200\",\"responseTime\":\"13.445\"}","timestamp":"2024-11-21T05:45:45.274Z"}
{"level":"info","message":"{\"method\":\"POST\",\"url\":\"/v1/api/user/login\",\"status\":\"200\",\"responseTime\":\"1877.812\"}","timestamp":"2024-11-21T06:04:10.535Z"}
{"level":"info","message":"{\"method\":\"GET\",\"url\":\"/v1/api/user/vendors\",\"status\":\"200\",\"responseTime\":\"385.385\"}","timestamp":"2024-11-21T06:04:15.773Z"}
{"level":"info","message":"{\"method\":\"POST\",\"url\":\"/v1/api/user/logout\",\"status\":\"200\",\"responseTime\":\"23.289\"}","timestamp":"2024-11-21T06:04:42.753Z"}
{"level":"info","message":"{\"method\":\"GET\",\"url\":\"/v1/api/user/vendors\",\"status\":\"200\",\"responseTime\":\"130.601\"}","timestamp":"2024-11-21T06:04:48.505Z"}
{"level":"info","message":"{\"method\":\"GET\",\"url\":\"/v1/api/user/vendors\",\"status\":\"200\",\"responseTime\":\"70.798\"}","timestamp":"2024-11-21T06:04:53.062Z"}
{"level":"info","message":"{\"method\":\"GET\",\"url\":\"/v1/api/user/vendors\",\"status\":\"200\",\"responseTime\":\"707.440\"}","timestamp":"2024-11-21T06:04:53.709Z"}
{"level":"info","message":"{\"method\":\"POST\",\"url\":\"/v1/api/user/login\",\"status\":\"200\",\"responseTime\":\"429.437\"}","timestamp":"2024-11-21T06:05:12.500Z"}
{"level":"info","message":"{\"method\":\"GET\",\"url\":\"/v1/api/user/vendors\",\"status\":\"200\",\"responseTime\":\"268.053\"}","timestamp":"2024-11-21T06:05:14.909Z"}
{"level":"info","message":"{\"method\":\"GET\",\"url\":\"/v1/api/user/vendors\",\"status\":\"200\",\"responseTime\":\"102.687\"}","timestamp":"2024-11-21T06:05:22.181Z"}
{"level":"info","message":"{\"method\":\"GET\",\"url\":\"/v1/api/user/vendors\",\"status\":\"200\",\"responseTime\":\"113.087\"}","timestamp":"2024-11-21T06:05:22.208Z"}
{"level":"info","message":"{\"method\":\"POST\",\"url\":\"/v1/api/user/logout\",\"status\":\"200\",\"responseTime\":\"3.308\"}","timestamp":"2024-11-21T06:05:24.678Z"}
{"level":"info","message":"{\"method\":\"GET\",\"url\":\"/v1/api/user/vendors\",\"status\":\"200\",\"responseTime\":\"49.370\"}","timestamp":"2024-11-21T06:05:25.307Z"}
{"level":"info","message":"{\"method\":\"GET\",\"url\":\"/v1/api/user/vendors\",\"status\":\"200\",\"responseTime\":\"66.005\"}","timestamp":"2024-11-21T06:05:25.333Z"}
{"level":"info","message":"{\"method\":\"POST\",\"url\":\"/v1/api/admin/login\",\"status\":\"200\",\"responseTime\":\"14.912\"}","timestamp":"2024-11-21T08:20:29.376Z"}
{"level":"info","message":"{\"method\":\"GET\",\"url\":\"/v1/api/admin/dashboard\",\"status\":\"200\",\"responseTime\":\"885.549\"}","timestamp":"2024-11-21T08:20:34.005Z"}
{"level":"info","message":"{\"method\":\"GET\",\"url\":\"/v1/api/admin/dashboard\",\"status\":\"200\",\"responseTime\":\"1522.465\"}","timestamp":"2024-11-21T08:20:54.817Z"}
{"level":"info","message":"{\"method\":\"GET\",\"url\":\"/v1/api/user/vendors\",\"status\":\"200\",\"responseTime\":\"506.240\"}","timestamp":"2024-11-21T08:22:30.341Z"}
{"level":"info","message":"{\"method\":\"GET\",\"url\":\"/v1/api/user/vendors\",\"status\":\"304\",\"responseTime\":\"120.548\"}","timestamp":"2024-11-21T08:22:30.465Z"}
{"level":"info","message":"{\"method\":\"GET\",\"url\":\"/v1/api/user/vendors\",\"status\":\"304\",\"responseTime\":\"479.711\"}","timestamp":"2024-11-21T08:26:50.594Z"}
{"level":"info","message":"{\"method\":\"POST\",\"url\":\"/v1/api/user/login\",\"status\":\"200\",\"responseTime\":\"637.601\"}","timestamp":"2024-11-21T08:27:14.904Z"}
{"level":"info","message":"{\"method\":\"GET\",\"url\":\"/v1/api/user/vendors\",\"status\":\"304\",\"responseTime\":\"53.318\"}","timestamp":"2024-11-21T08:27:16.542Z"}
{"level":"info","message":"{\"method\":\"GET\",\"url\":\"/v1/api/user/vendors\",\"status\":\"304\",\"responseTime\":\"547.177\"}","timestamp":"2024-11-21T08:27:21.520Z"}
{"level":"info","message":"{\"method\":\"GET\",\"url\":\"/v1/api/user/vendors\",\"status\":\"304\",\"responseTime\":\"99.304\"}","timestamp":"2024-11-21T08:27:21.627Z"}
{"level":"info","message":"{\"method\":\"GET\",\"url\":\"/v1/api/user/vendors\",\"status\":\"304\",\"responseTime\":\"107.576\"}","timestamp":"2024-11-21T08:27:23.584Z"}
{"level":"info","message":"{\"method\":\"GET\",\"url\":\"/v1/api/user/vendors\",\"status\":\"304\",\"responseTime\":\"135.933\"}","timestamp":"2024-11-21T08:27:23.723Z"}
{"level":"info","message":"{\"method\":\"GET\",\"url\":\"/v1/api/user/vendors\",\"status\":\"304\",\"responseTime\":\"302.717\"}","timestamp":"2024-11-21T08:27:31.634Z"}
{"level":"info","message":"{\"method\":\"GET\",\"url\":\"/v1/api/user/vendors\",\"status\":\"304\",\"responseTime\":\"132.339\"}","timestamp":"2024-11-21T08:27:31.775Z"}
{"level":"info","message":"{\"method\":\"POST\",\"url\":\"/v1/api/user/logout\",\"status\":\"200\",\"responseTime\":\"10.319\"}","timestamp":"2024-11-21T08:28:16.067Z"}
{"level":"info","message":"{\"method\":\"GET\",\"url\":\"/v1/api/user/vendors\",\"status\":\"200\",\"responseTime\":\"302.310\"}","timestamp":"2024-11-21T08:28:16.815Z"}
{"level":"info","message":"{\"method\":\"GET\",\"url\":\"/v1/api/user/vendors\",\"status\":\"200\",\"responseTime\":\"286.018\"}","timestamp":"2024-11-21T08:28:16.821Z"}
{"level":"info","message":"{\"method\":\"POST\",\"url\":\"/v1/api/user/login\",\"status\":\"200\",\"responseTime\":\"531.786\"}","timestamp":"2024-11-21T08:37:35.159Z"}
{"level":"info","message":"{\"method\":\"GET\",\"url\":\"/v1/api/user/vendors\",\"status\":\"304\",\"responseTime\":\"107.248\"}","timestamp":"2024-11-21T08:37:37.711Z"}
{"level":"info","message":"{\"method\":\"GET\",\"url\":\"/v1/api/user/vendors\",\"status\":\"200\",\"responseTime\":\"62.839\"}","timestamp":"2024-11-21T08:37:45.501Z"}
{"level":"info","message":"{\"method\":\"GET\",\"url\":\"/v1/api/user/vendors\",\"status\":\"200\",\"responseTime\":\"67.635\"}","timestamp":"2024-11-21T08:37:45.510Z"}
{"level":"info","message":"{\"method\":\"GET\",\"url\":\"/v1/api/user/vendors\",\"status\":\"200\",\"responseTime\":\"151.327\"}","timestamp":"2024-11-21T09:18:08.284Z"}
{"level":"info","message":"{\"method\":\"POST\",\"url\":\"/v1/api/user/login\",\"status\":\"200\",\"responseTime\":\"421.084\"}","timestamp":"2024-11-21T15:39:22.446Z"}
{"level":"info","message":"{\"method\":\"GET\",\"url\":\"/v1/api/user/vendors\",\"status\":\"200\",\"responseTime\":\"110.178\"}","timestamp":"2024-11-21T15:39:25.532Z"}
{"level":"info","message":"{\"method\":\"POST\",\"url\":\"/v1/api/user/logout\",\"status\":\"200\",\"responseTime\":\"11.938\"}","timestamp":"2024-11-21T15:39:35.757Z"}
