{"level":"info","message":"{\"method\":\"GET\",\"url\":\"/v1/api/user/fetchNotifications?userId=67169bd88848b78cf8031e7c\",\"status\":\"304\",\"responseTime\":\"544.835\"}","timestamp":"2024-11-05T18:30:21.961Z"}
{"level":"info","message":"{\"method\":\"GET\",\"url\":\"/v1/api/user/userunread-count?userId=67169bd88848b78cf8031e7c\",\"status\":\"304\",\"responseTime\":\"569.973\"}","timestamp":"2024-11-05T18:30:21.982Z"}
{"level":"info","message":"{\"method\":\"GET\",\"url\":\"/v1/api/user/fetchNotifications?userId=67169bd88848b78cf8031e7c\",\"status\":\"304\",\"responseTime\":\"1103.032\"}","timestamp":"2024-11-05T18:31:38.276Z"}
{"level":"info","message":"{\"method\":\"GET\",\"url\":\"/v1/api/user/userunread-count?userId=67169bd88848b78cf8031e7c\",\"status\":\"304\",\"responseTime\":\"1110.011\"}","timestamp":"2024-11-05T18:31:38.281Z"}
{"level":"info","message":"{\"method\":\"GET\",\"url\":\"/v1/api/user/fetchNotifications?userId=67169bd88848b78cf8031e7c\",\"status\":\"304\",\"responseTime\":\"555.419\"}","timestamp":"2024-11-05T18:32:24.468Z"}
{"level":"info","message":"{\"method\":\"GET\",\"url\":\"/v1/api/user/userunread-count?userId=67169bd88848b78cf8031e7c\",\"status\":\"304\",\"responseTime\":\"563.360\"}","timestamp":"2024-11-05T18:32:24.472Z"}
{"level":"info","message":"{\"method\":\"GET\",\"url\":\"/v1/api/user/fetchNotifications?userId=67169bd88848b78cf8031e7c\",\"status\":\"304\",\"responseTime\":\"211.117\"}","timestamp":"2024-11-05T18:35:33.552Z"}
{"level":"info","message":"{\"method\":\"GET\",\"url\":\"/v1/api/user/userunread-count?userId=67169bd88848b78cf8031e7c\",\"status\":\"304\",\"responseTime\":\"216.846\"}","timestamp":"2024-11-05T18:35:33.555Z"}
{"level":"info","message":"{\"method\":\"GET\",\"url\":\"/v1/api/user/fetchNotifications?userId=67169bd88848b78cf8031e7c\",\"status\":\"304\",\"responseTime\":\"238.866\"}","timestamp":"2024-11-05T18:36:47.032Z"}
{"level":"info","message":"{\"method\":\"GET\",\"url\":\"/v1/api/user/userunread-count?userId=67169bd88848b78cf8031e7c\",\"status\":\"304\",\"responseTime\":\"252.983\"}","timestamp":"2024-11-05T18:36:47.043Z"}
{"level":"info","message":"{\"method\":\"GET\",\"url\":\"/v1/api/user/fetchBookingDetails/67169bd88848b78cf8031e7c\",\"status\":\"304\",\"responseTime\":\"550.778\"}","timestamp":"2024-11-05T18:36:57.395Z"}
{"level":"info","message":"{\"method\":\"GET\",\"url\":\"/v1/api/user/fetchBookingDetails/67169bd88848b78cf8031e7c\",\"status\":\"304\",\"responseTime\":\"878.985\"}","timestamp":"2024-11-05T18:36:58.275Z"}
{"level":"info","message":"{\"method\":\"GET\",\"url\":\"/v1/api/user/fetchNotifications?userId=67169bd88848b78cf8031e7c\",\"status\":\"304\",\"responseTime\":\"191.560\"}","timestamp":"2024-11-05T18:37:03.258Z"}
{"level":"info","message":"{\"method\":\"GET\",\"url\":\"/v1/api/chat/usercompany/67169bd88848b78cf8031e7c\",\"status\":\"304\",\"responseTime\":\"813.192\"}","timestamp":"2024-11-05T18:37:05.685Z"}
{"level":"info","message":"{\"method\":\"GET\",\"url\":\"/v1/api/user/fetchNotifications?userId=67169bd88848b78cf8031e7c\",\"status\":\"304\",\"responseTime\":\"512.964\"}","timestamp":"2024-11-05T18:37:07.227Z"}
{"level":"info","message":"{\"method\":\"GET\",\"url\":\"/v1/api/user/userunread-count?userId=67169bd88848b78cf8031e7c\",\"status\":\"304\",\"responseTime\":\"520.330\"}","timestamp":"2024-11-05T18:37:07.231Z"}
{"level":"info","message":"{\"method\":\"GET\",\"url\":\"/v1/api/user/fetchBookingDetails/67169bd88848b78cf8031e7c\",\"status\":\"304\",\"responseTime\":\"458.904\"}","timestamp":"2024-11-05T18:37:10.684Z"}
{"level":"info","message":"{\"method\":\"GET\",\"url\":\"/v1/api/user/fetchBookingDetails/67169bd88848b78cf8031e7c\",\"status\":\"304\",\"responseTime\":\"815.873\"}","timestamp":"2024-11-05T18:37:11.502Z"}
{"level":"info","message":"{\"method\":\"PATCH\",\"url\":\"/v1/api/user/changePassword/sanusahadev007@gmail.com\",\"status\":\"200\",\"responseTime\":\"6794.167\"}","timestamp":"2024-11-05T18:38:05.866Z"}
{"level":"info","message":"{\"method\":\"GET\",\"url\":\"/v1/api/user/fetchBookingDetails/67169bd88848b78cf8031e7c\",\"status\":\"304\",\"responseTime\":\"957.606\"}","timestamp":"2024-11-05T18:38:15.288Z"}
{"level":"info","message":"{\"method\":\"GET\",\"url\":\"/v1/api/user/fetchBookingDetails/67169bd88848b78cf8031e7c\",\"status\":\"304\",\"responseTime\":\"618.473\"}","timestamp":"2024-11-05T18:38:15.909Z"}
{"level":"info","message":"{\"method\":\"GET\",\"url\":\"/v1/api/user/fetchNotifications?userId=67169bd88848b78cf8031e7c\",\"status\":\"304\",\"responseTime\":\"1037.146\"}","timestamp":"2024-11-05T18:38:17.907Z"}
{"level":"info","message":"{\"method\":\"GET\",\"url\":\"/v1/api/chat/usercompany/67169bd88848b78cf8031e7c\",\"status\":\"304\",\"responseTime\":\"1168.034\"}","timestamp":"2024-11-05T18:38:19.211Z"}
{"level":"info","message":"{\"method\":\"GET\",\"url\":\"/v1/api/user/fetchNotifications?userId=67169bd88848b78cf8031e7c\",\"status\":\"304\",\"responseTime\":\"860.353\"}","timestamp":"2024-11-05T18:38:21.151Z"}
{"level":"info","message":"{\"method\":\"GET\",\"url\":\"/v1/api/user/userunread-count?userId=67169bd88848b78cf8031e7c\",\"status\":\"304\",\"responseTime\":\"871.527\"}","timestamp":"2024-11-05T18:38:21.157Z"}
{"level":"info","message":"{\"method\":\"GET\",\"url\":\"/v1/api/user/vendors\",\"status\":\"304\",\"responseTime\":\"98.056\"}","timestamp":"2024-11-06T03:41:28.379Z"}
{"level":"info","message":"{\"method\":\"GET\",\"url\":\"/v1/api/vendor/unread-count\",\"status\":\"401\",\"responseTime\":\"5.089\"}","timestamp":"2024-11-06T03:43:25.368Z"}
{"level":"info","message":"{\"method\":\"POST\",\"url\":\"/v1/api/vendor/login\",\"status\":\"200\",\"responseTime\":\"313.791\"}","timestamp":"2024-11-06T03:43:45.581Z"}
{"level":"info","message":"{\"method\":\"GET\",\"url\":\"/v1/api/vendor/fetchDetailsVendor/66e3f158ebbcf3a47b4e768e\",\"status\":\"200\",\"responseTime\":\"60.686\"}","timestamp":"2024-11-06T03:43:51.331Z"}
{"level":"info","message":"{\"method\":\"GET\",\"url\":\"/v1/api/vendor/fetchDetailsVendor/66e3f158ebbcf3a47b4e768e\",\"status\":\"200\",\"responseTime\":\"67.593\"}","timestamp":"2024-11-06T03:43:51.366Z"}
{"level":"info","message":"{\"method\":\"GET\",\"url\":\"/v1/api/vendor/unread-count\",\"status\":\"200\",\"responseTime\":\"134.252\"}","timestamp":"2024-11-06T03:43:51.387Z"}
{"level":"info","message":"{\"method\":\"GET\",\"url\":\"/v1/api/vendor/unread-count\",\"status\":\"200\",\"responseTime\":\"115.455\"}","timestamp":"2024-11-06T03:43:51.401Z"}
{"level":"info","message":"{\"method\":\"GET\",\"url\":\"/v1/api/vendor/fetchAuditoriumDetails/66e3f158ebbcf3a47b4e768e\",\"status\":\"200\",\"responseTime\":\"64.809\"}","timestamp":"2024-11-06T03:43:51.435Z"}
{"level":"info","message":"{\"method\":\"GET\",\"url\":\"/v1/api/vendor/fetchAuditoriumDetails/66e3f158ebbcf3a47b4e768e\",\"status\":\"200\",\"responseTime\":\"51.751\"}","timestamp":"2024-11-06T03:43:51.527Z"}
{"level":"info","message":"{\"method\":\"GET\",\"url\":\"/v1/api/vendor/fetchFoodDetails/66e3f158ebbcf3a47b4e768e\",\"status\":\"200\",\"responseTime\":\"96.707\"}","timestamp":"2024-11-06T03:43:51.579Z"}
{"level":"info","message":"{\"method\":\"GET\",\"url\":\"/v1/api/vendor/fetchFoodDetails/66e3f158ebbcf3a47b4e768e\",\"status\":\"200\",\"responseTime\":\"83.867\"}","timestamp":"2024-11-06T03:43:51.633Z"}
{"level":"info","message":"{\"method\":\"GET\",\"url\":\"/v1/api/vendor/fetchReviews/66e3f158ebbcf3a47b4e768e\",\"status\":\"404\",\"responseTime\":\"65.170\"}","timestamp":"2024-11-06T03:43:51.651Z"}
{"level":"info","message":"{\"method\":\"GET\",\"url\":\"/v1/api/vendor/fetchReviews/66e3f158ebbcf3a47b4e768e\",\"status\":\"404\",\"responseTime\":\"39.028\"}","timestamp":"2024-11-06T03:43:51.705Z"}
{"level":"info","message":"{\"method\":\"GET\",\"url\":\"/v1/api/vendor/fetchDetailsVendor/66e3f158ebbcf3a47b4e768e\",\"status\":\"200\",\"responseTime\":\"265.040\"}","timestamp":"2024-11-06T04:38:50.947Z"}
{"level":"info","message":"{\"method\":\"GET\",\"url\":\"/v1/api/vendor/unread-count\",\"status\":\"200\",\"responseTime\":\"399.615\"}","timestamp":"2024-11-06T04:38:50.974Z"}
{"level":"info","message":"{\"method\":\"GET\",\"url\":\"/v1/api/vendor/fetchAuditoriumDetails/66e3f158ebbcf3a47b4e768e\",\"status\":\"200\",\"responseTime\":\"70.681\"}","timestamp":"2024-11-06T04:38:51.037Z"}
{"level":"info","message":"{\"method\":\"GET\",\"url\":\"/v1/api/vendor/fetchFoodDetails/66e3f158ebbcf3a47b4e768e\",\"status\":\"200\",\"responseTime\":\"141.116\"}","timestamp":"2024-11-06T04:38:51.200Z"}
{"level":"info","message":"{\"method\":\"GET\",\"url\":\"/v1/api/vendor/fetchReviews/66e3f158ebbcf3a47b4e768e\",\"status\":\"404\",\"responseTime\":\"70.123\"}","timestamp":"2024-11-06T04:38:51.278Z"}
{"level":"info","message":"{\"method\":\"GET\",\"url\":\"/v1/api/vendor/unread-count\",\"status\":\"401\",\"responseTime\":\"181.564\"}","timestamp":"2024-11-06T04:46:26.413Z"}
{"level":"info","message":"{\"method\":\"POST\",\"url\":\"/v1/api/vendor/login\",\"status\":\"200\",\"responseTime\":\"146.373\"}","timestamp":"2024-11-06T04:46:39.724Z"}
{"level":"info","message":"{\"method\":\"GET\",\"url\":\"/v1/api/vendor/fetchDetailsVendor/66e3f158ebbcf3a47b4e768e\",\"status\":\"200\",\"responseTime\":\"53.178\"}","timestamp":"2024-11-06T04:46:41.426Z"}
{"level":"info","message":"{\"method\":\"GET\",\"url\":\"/v1/api/vendor/fetchDetailsVendor/66e3f158ebbcf3a47b4e768e\",\"status\":\"200\",\"responseTime\":\"68.215\"}","timestamp":"2024-11-06T04:46:41.470Z"}
{"level":"info","message":"{\"method\":\"GET\",\"url\":\"/v1/api/vendor/unread-count\",\"status\":\"200\",\"responseTime\":\"154.065\"}","timestamp":"2024-11-06T04:46:41.531Z"}
{"level":"info","message":"{\"method\":\"GET\",\"url\":\"/v1/api/vendor/fetchAuditoriumDetails/66e3f158ebbcf3a47b4e768e\",\"status\":\"200\",\"responseTime\":\"93.513\"}","timestamp":"2024-11-06T04:46:41.541Z"}
{"level":"info","message":"{\"method\":\"GET\",\"url\":\"/v1/api/vendor/unread-count\",\"status\":\"200\",\"responseTime\":\"189.983\"}","timestamp":"2024-11-06T04:46:41.548Z"}
{"level":"info","message":"{\"method\":\"GET\",\"url\":\"/v1/api/vendor/fetchAuditoriumDetails/66e3f158ebbcf3a47b4e768e\",\"status\":\"200\",\"responseTime\":\"65.275\"}","timestamp":"2024-11-06T04:46:41.630Z"}
{"level":"info","message":"{\"method\":\"GET\",\"url\":\"/v1/api/vendor/fetchFoodDetails/66e3f158ebbcf3a47b4e768e\",\"status\":\"200\",\"responseTime\":\"91.524\"}","timestamp":"2024-11-06T04:46:41.663Z"}
{"level":"info","message":"{\"method\":\"GET\",\"url\":\"/v1/api/vendor/fetchReview/66e3f158ebbcf3a47b4e768e\",\"status\":\"404\",\"responseTime\":\"13.313\"}","timestamp":"2024-11-06T04:46:41.683Z"}
{"level":"info","message":"{\"method\":\"GET\",\"url\":\"/v1/api/vendor/fetchFoodDetails/66e3f158ebbcf3a47b4e768e\",\"status\":\"200\",\"responseTime\":\"159.589\"}","timestamp":"2024-11-06T04:46:41.796Z"}
{"level":"info","message":"{\"method\":\"GET\",\"url\":\"/v1/api/vendor/fetchReview/66e3f158ebbcf3a47b4e768e\",\"status\":\"404\",\"responseTime\":\"1.197\"}","timestamp":"2024-11-06T04:46:41.803Z"}
{"level":"info","message":"{\"method\":\"GET\",\"url\":\"/v1/api/vendor/unread-count\",\"status\":\"200\",\"responseTime\":\"167.035\"}","timestamp":"2024-11-06T04:48:55.668Z"}
{"level":"info","message":"{\"method\":\"GET\",\"url\":\"/v1/api/vendor/fetchDetailsVendor/66e3f158ebbcf3a47b4e768e\",\"status\":\"200\",\"responseTime\":\"52.034\"}","timestamp":"2024-11-06T04:48:55.701Z"}
{"level":"info","message":"{\"method\":\"GET\",\"url\":\"/v1/api/vendor/fetchAuditoriumDetails/66e3f158ebbcf3a47b4e768e\",\"status\":\"200\",\"responseTime\":\"54.588\"}","timestamp":"2024-11-06T04:48:55.768Z"}
{"level":"info","message":"{\"method\":\"GET\",\"url\":\"/v1/api/vendor/fetchFoodDetails/66e3f158ebbcf3a47b4e768e\",\"status\":\"200\",\"responseTime\":\"99.568\"}","timestamp":"2024-11-06T04:48:55.896Z"}
{"level":"info","message":"{\"method\":\"GET\",\"url\":\"/v1/api/vendor/fetchReview/66e3f158ebbcf3a47b4e768e\",\"status\":\"404\",\"responseTime\":\"8.313\"}","timestamp":"2024-11-06T04:48:55.913Z"}
{"level":"info","message":"{\"method\":\"GET\",\"url\":\"/v1/api/vendor/fetchDetailsVendor/66e3f158ebbcf3a47b4e768e\",\"status\":\"200\",\"responseTime\":\"54.472\"}","timestamp":"2024-11-06T04:59:08.424Z"}
{"level":"info","message":"{\"method\":\"GET\",\"url\":\"/v1/api/vendor/unread-count\",\"status\":\"200\",\"responseTime\":\"234.336\"}","timestamp":"2024-11-06T04:59:08.449Z"}
{"level":"info","message":"{\"method\":\"GET\",\"url\":\"/v1/api/vendor/fetchAuditoriumDetails/66e3f158ebbcf3a47b4e768e\",\"status\":\"200\",\"responseTime\":\"64.701\"}","timestamp":"2024-11-06T04:59:08.499Z"}
{"level":"info","message":"{\"method\":\"GET\",\"url\":\"/v1/api/vendor/fetchFoodDetails/66e3f158ebbcf3a47b4e768e\",\"status\":\"200\",\"responseTime\":\"189.234\"}","timestamp":"2024-11-06T04:59:08.713Z"}
{"level":"info","message":"{\"method\":\"GET\",\"url\":\"/v1/api/vendor/fetchReview/66e3f158ebbcf3a47b4e768e\",\"status\":\"404\",\"responseTime\":\"1.571\"}","timestamp":"2024-11-06T04:59:08.723Z"}
{"level":"info","message":"{\"method\":\"GET\",\"url\":\"/v1/api/vendor/fetchDetailsVendor/66e3f158ebbcf3a47b4e768e\",\"status\":\"200\",\"responseTime\":\"39.994\"}","timestamp":"2024-11-06T05:03:51.250Z"}
{"level":"info","message":"{\"method\":\"GET\",\"url\":\"/v1/api/vendor/fetchDetailsVendor/66e3f158ebbcf3a47b4e768e\",\"status\":\"200\",\"responseTime\":\"38.596\"}","timestamp":"2024-11-06T05:03:51.255Z"}
{"level":"info","message":"{\"method\":\"GET\",\"url\":\"/v1/api/vendor/fetchAuditoriumDetails/66e3f158ebbcf3a47b4e768e\",\"status\":\"200\",\"responseTime\":\"53.328\"}","timestamp":"2024-11-06T05:03:51.403Z"}
{"level":"info","message":"{\"method\":\"GET\",\"url\":\"/v1/api/vendor/fetchAuditoriumDetails/66e3f158ebbcf3a47b4e768e\",\"status\":\"200\",\"responseTime\":\"103.288\"}","timestamp":"2024-11-06T05:03:51.456Z"}
{"level":"info","message":"{\"method\":\"GET\",\"url\":\"/v1/api/vendor/fetchFoodDetails/66e3f158ebbcf3a47b4e768e\",\"status\":\"200\",\"responseTime\":\"58.726\"}","timestamp":"2024-11-06T05:03:51.652Z"}
{"level":"info","message":"{\"method\":\"GET\",\"url\":\"/v1/api/vendor/fetchFoodDetails/66e3f158ebbcf3a47b4e768e\",\"status\":\"200\",\"responseTime\":\"88.890\"}","timestamp":"2024-11-06T05:03:51.687Z"}
{"level":"info","message":"{\"method\":\"GET\",\"url\":\"/v1/api/vendor/fetchReview?vendorId=66e3f158ebbcf3a47b4e768e&userId\",\"status\":\"404\",\"responseTime\":\"0.865\"}","timestamp":"2024-11-06T05:03:51.928Z"}
{"level":"info","message":"{\"method\":\"GET\",\"url\":\"/v1/api/vendor/fetchReview?vendorId=66e3f158ebbcf3a47b4e768e&userId\",\"status\":\"404\",\"responseTime\":\"0.653\"}","timestamp":"2024-11-06T05:03:51.931Z"}
{"level":"info","message":"{\"method\":\"GET\",\"url\":\"/v1/api/vendor/unread-count\",\"status\":\"200\",\"responseTime\":\"276.460\"}","timestamp":"2024-11-06T05:11:33.447Z"}
{"level":"info","message":"{\"method\":\"GET\",\"url\":\"/v1/api/vendor/fetchDetailsVendor/66e3f158ebbcf3a47b4e768e\",\"status\":\"200\",\"responseTime\":\"305.679\"}","timestamp":"2024-11-06T05:11:33.766Z"}
{"level":"info","message":"{\"method\":\"GET\",\"url\":\"/v1/api/vendor/fetchAuditoriumDetails/66e3f158ebbcf3a47b4e768e\",\"status\":\"200\",\"responseTime\":\"72.490\"}","timestamp":"2024-11-06T05:11:33.847Z"}
{"level":"info","message":"{\"method\":\"GET\",\"url\":\"/v1/api/vendor/fetchFoodDetails/66e3f158ebbcf3a47b4e768e\",\"status\":\"200\",\"responseTime\":\"72.118\"}","timestamp":"2024-11-06T05:11:33.930Z"}
{"level":"info","message":"{\"method\":\"GET\",\"url\":\"/v1/api/vendor/fetchReviews?vendorId=66e3f158ebbcf3a47b4e768e\",\"status\":\"404\",\"responseTime\":\"3.548\"}","timestamp":"2024-11-06T05:11:33.941Z"}
{"level":"info","message":"{\"method\":\"GET\",\"url\":\"/v1/api/vendor/unread-count\",\"status\":\"200\",\"responseTime\":\"129.120\"}","timestamp":"2024-11-06T05:13:41.205Z"}
{"level":"info","message":"{\"method\":\"GET\",\"url\":\"/v1/api/vendor/fetchDetailsVendor/66e3f158ebbcf3a47b4e768e\",\"status\":\"200\",\"responseTime\":\"60.467\"}","timestamp":"2024-11-06T05:13:41.335Z"}
{"level":"info","message":"{\"method\":\"GET\",\"url\":\"/v1/api/vendor/fetchAuditoriumDetails/66e3f158ebbcf3a47b4e768e\",\"status\":\"200\",\"responseTime\":\"97.605\"}","timestamp":"2024-11-06T05:13:41.441Z"}
{"level":"info","message":"{\"method\":\"GET\",\"url\":\"/v1/api/vendor/fetchFoodDetails/66e3f158ebbcf3a47b4e768e\",\"status\":\"200\",\"responseTime\":\"167.729\"}","timestamp":"2024-11-06T05:13:41.631Z"}
{"level":"info","message":"{\"method\":\"GET\",\"url\":\"/v1/api/vendor/fetchReviews/66e3f158ebbcf3a47b4e768e\",\"status\":\"404\",\"responseTime\":\"137.038\"}","timestamp":"2024-11-06T05:13:41.779Z"}
{"level":"info","message":"{\"method\":\"GET\",\"url\":\"/v1/api/vendor/unread-count\",\"status\":\"200\",\"responseTime\":\"148.707\"}","timestamp":"2024-11-06T05:20:19.862Z"}
{"level":"info","message":"{\"method\":\"GET\",\"url\":\"/v1/api/vendor/fetchDetailsVendor/66e3f158ebbcf3a47b4e768e\",\"status\":\"200\",\"responseTime\":\"66.821\"}","timestamp":"2024-11-06T05:20:19.941Z"}
{"level":"info","message":"{\"method\":\"GET\",\"url\":\"/v1/api/vendor/fetchAuditoriumDetails/66e3f158ebbcf3a47b4e768e\",\"status\":\"200\",\"responseTime\":\"102.056\"}","timestamp":"2024-11-06T05:20:20.055Z"}
{"level":"info","message":"{\"method\":\"GET\",\"url\":\"/v1/api/vendor/fetchFoodDetails/66e3f158ebbcf3a47b4e768e\",\"status\":\"200\",\"responseTime\":\"107.638\"}","timestamp":"2024-11-06T05:20:20.176Z"}
{"level":"info","message":"{\"method\":\"GET\",\"url\":\"/v1/api/vendor/fetchReviews/66e3f158ebbcf3a47b4e768e\",\"status\":\"404\",\"responseTime\":\"50.504\"}","timestamp":"2024-11-06T05:20:20.235Z"}
{"level":"info","message":"{\"method\":\"GET\",\"url\":\"/v1/api/vendor/unread-count\",\"status\":\"200\",\"responseTime\":\"131.107\"}","timestamp":"2024-11-06T05:20:43.555Z"}
{"level":"info","message":"{\"method\":\"GET\",\"url\":\"/v1/api/vendor/fetchDetailsVendor/66e3f158ebbcf3a47b4e768e\",\"status\":\"200\",\"responseTime\":\"98.586\"}","timestamp":"2024-11-06T05:20:43.675Z"}
{"level":"info","message":"{\"method\":\"GET\",\"url\":\"/v1/api/vendor/fetchAuditoriumDetails/66e3f158ebbcf3a47b4e768e\",\"status\":\"200\",\"responseTime\":\"57.210\"}","timestamp":"2024-11-06T05:20:43.741Z"}
{"level":"info","message":"{\"method\":\"GET\",\"url\":\"/v1/api/vendor/fetchFoodDetails/66e3f158ebbcf3a47b4e768e\",\"status\":\"200\",\"responseTime\":\"136.339\"}","timestamp":"2024-11-06T05:20:43.897Z"}
{"level":"info","message":"{\"method\":\"GET\",\"url\":\"/v1/api/vendor/fetchReviews/66e3f158ebbcf3a47b4e768e\",\"status\":\"404\",\"responseTime\":\"44.903\"}","timestamp":"2024-11-06T05:20:43.950Z"}
{"level":"info","message":"{\"method\":\"GET\",\"url\":\"/v1/api/vendor/fetchReviews/66e3f158ebbcf3a47b4e768e\",\"status\":\"404\",\"responseTime\":\"42.763\"}","timestamp":"2024-11-06T05:20:48.554Z"}
{"level":"info","message":"{\"method\":\"GET\",\"url\":\"/favicon.ico\",\"status\":\"404\",\"responseTime\":\"2.908\"}","timestamp":"2024-11-06T05:20:49.436Z"}
{"level":"info","message":"{\"method\":\"GET\",\"url\":\"/v1/api/vendor/unread-count\",\"status\":\"200\",\"responseTime\":\"178.780\"}","timestamp":"2024-11-06T05:21:39.220Z"}
{"level":"info","message":"{\"method\":\"GET\",\"url\":\"/v1/api/vendor/fetchDetailsVendor/66e3f158ebbcf3a47b4e768e\",\"status\":\"200\",\"responseTime\":\"72.275\"}","timestamp":"2024-11-06T05:21:39.282Z"}
{"level":"info","message":"{\"method\":\"GET\",\"url\":\"/v1/api/vendor/fetchAuditoriumDetails/66e3f158ebbcf3a47b4e768e\",\"status\":\"200\",\"responseTime\":\"76.509\"}","timestamp":"2024-11-06T05:21:39.365Z"}
{"level":"info","message":"{\"method\":\"GET\",\"url\":\"/v1/api/vendor/fetchFoodDetails/66e3f158ebbcf3a47b4e768e\",\"status\":\"200\",\"responseTime\":\"103.054\"}","timestamp":"2024-11-06T05:21:39.480Z"}
{"level":"info","message":"{\"method\":\"GET\",\"url\":\"/v1/api/vendor/fetchReviews/66e3f158ebbcf3a47b4e768e\",\"status\":\"404\",\"responseTime\":\"68.380\"}","timestamp":"2024-11-06T05:21:39.554Z"}
{"level":"info","message":"{\"method\":\"GET\",\"url\":\"/v1/api/vendor/fetchDetailsVendor/66e3f158ebbcf3a47b4e768e\",\"status\":\"200\",\"responseTime\":\"633.684\"}","timestamp":"2024-11-06T05:22:02.726Z"}
{"level":"info","message":"{\"method\":\"GET\",\"url\":\"/v1/api/vendor/fetchAuditoriumDetails/66e3f158ebbcf3a47b4e768e\",\"status\":\"200\",\"responseTime\":\"345.023\"}","timestamp":"2024-11-06T05:22:03.105Z"}
{"level":"info","message":"{\"method\":\"GET\",\"url\":\"/v1/api/vendor/unread-count\",\"status\":\"200\",\"responseTime\":\"1192.372\"}","timestamp":"2024-11-06T05:22:03.147Z"}
{"level":"info","message":"{\"method\":\"GET\",\"url\":\"/v1/api/vendor/fetchFoodDetails/66e3f158ebbcf3a47b4e768e\",\"status\":\"200\",\"responseTime\":\"137.083\"}","timestamp":"2024-11-06T05:22:03.253Z"}
{"level":"info","message":"{\"method\":\"GET\",\"url\":\"/v1/api/vendor/fetchReviews/66e3f158ebbcf3a47b4e768e\",\"status\":\"200\",\"responseTime\":\"62.900\"}","timestamp":"2024-11-06T05:22:03.323Z"}
{"level":"info","message":"{\"method\":\"GET\",\"url\":\"/v1/api/vendor/unread-count\",\"status\":\"200\",\"responseTime\":\"96.786\"}","timestamp":"2024-11-06T05:22:28.370Z"}
{"level":"info","message":"{\"method\":\"GET\",\"url\":\"/v1/api/vendor/unread-count\",\"status\":\"200\",\"responseTime\":\"133.768\"}","timestamp":"2024-11-06T05:22:28.426Z"}
{"level":"info","message":"{\"method\":\"GET\",\"url\":\"/v1/api/vendor/vendorBookingDetils/66e3f158ebbcf3a47b4e768e\",\"status\":\"200\",\"responseTime\":\"2005.804\"}","timestamp":"2024-11-06T05:22:30.309Z"}
{"level":"info","message":"{\"method\":\"GET\",\"url\":\"/v1/api/vendor/vendorBookingDetils/66e3f158ebbcf3a47b4e768e\",\"status\":\"200\",\"responseTime\":\"3277.672\"}","timestamp":"2024-11-06T05:22:31.558Z"}
{"level":"info","message":"{\"method\":\"GET\",\"url\":\"/v1/api/vendor/fetchDetailsVendor/66e3f158ebbcf3a47b4e768e\",\"status\":\"200\",\"responseTime\":\"57.898\"}","timestamp":"2024-11-06T05:22:34.087Z"}
{"level":"info","message":"{\"method\":\"GET\",\"url\":\"/v1/api/vendor/fetchDetailsVendor/66e3f158ebbcf3a47b4e768e\",\"status\":\"200\",\"responseTime\":\"51.157\"}","timestamp":"2024-11-06T05:22:34.090Z"}
{"level":"info","message":"{\"method\":\"GET\",\"url\":\"/v1/api/vendor/unread-count\",\"status\":\"200\",\"responseTime\":\"89.672\"}","timestamp":"2024-11-06T05:22:34.112Z"}
{"level":"info","message":"{\"method\":\"GET\",\"url\":\"/v1/api/vendor/unread-count\",\"status\":\"200\",\"responseTime\":\"100.277\"}","timestamp":"2024-11-06T05:22:34.134Z"}
{"level":"info","message":"{\"method\":\"GET\",\"url\":\"/v1/api/vendor/fetchAuditoriumDetails/66e3f158ebbcf3a47b4e768e\",\"status\":\"200\",\"responseTime\":\"58.352\"}","timestamp":"2024-11-06T05:22:34.155Z"}
{"level":"info","message":"{\"method\":\"GET\",\"url\":\"/v1/api/vendor/fetchAuditoriumDetails/66e3f158ebbcf3a47b4e768e\",\"status\":\"200\",\"responseTime\":\"44.839\"}","timestamp":"2024-11-06T05:22:34.189Z"}
{"level":"info","message":"{\"method\":\"GET\",\"url\":\"/v1/api/vendor/fetchFoodDetails/66e3f158ebbcf3a47b4e768e\",\"status\":\"200\",\"responseTime\":\"84.740\"}","timestamp":"2024-11-06T05:22:34.246Z"}
{"level":"info","message":"{\"method\":\"GET\",\"url\":\"/v1/api/vendor/fetchFoodDetails/66e3f158ebbcf3a47b4e768e\",\"status\":\"200\",\"responseTime\":\"51.124\"}","timestamp":"2024-11-06T05:22:34.311Z"}
{"level":"info","message":"{\"method\":\"GET\",\"url\":\"/v1/api/vendor/fetchReviews/66e3f158ebbcf3a47b4e768e\",\"status\":\"200\",\"responseTime\":\"50.097\"}","timestamp":"2024-11-06T05:22:34.313Z"}
{"level":"info","message":"{\"method\":\"GET\",\"url\":\"/v1/api/vendor/fetchReviews/66e3f158ebbcf3a47b4e768e\",\"status\":\"200\",\"responseTime\":\"42.401\"}","timestamp":"2024-11-06T05:22:34.366Z"}
{"level":"info","message":"{\"method\":\"GET\",\"url\":\"/v1/api/vendor/unread-count\",\"status\":\"200\",\"responseTime\":\"88.533\"}","timestamp":"2024-11-06T05:22:41.626Z"}
{"level":"info","message":"{\"method\":\"GET\",\"url\":\"/v1/api/vendor/unread-count\",\"status\":\"200\",\"responseTime\":\"99.845\"}","timestamp":"2024-11-06T05:22:41.630Z"}
{"level":"info","message":"{\"method\":\"GET\",\"url\":\"/v1/api/vendor/unread-count\",\"status\":\"304\",\"responseTime\":\"244.760\"}","timestamp":"2024-11-06T05:27:39.870Z"}
{"level":"info","message":"{\"method\":\"GET\",\"url\":\"/v1/api/vendor/unread-count\",\"status\":\"304\",\"responseTime\":\"93.950\"}","timestamp":"2024-11-06T05:27:56.221Z"}
{"level":"info","message":"{\"method\":\"GET\",\"url\":\"/v1/api/vendor/unread-count\",\"status\":\"304\",\"responseTime\":\"95.026\"}","timestamp":"2024-11-06T05:28:29.699Z"}
{"level":"info","message":"{\"method\":\"GET\",\"url\":\"/v1/api/vendor/unread-count\",\"status\":\"304\",\"responseTime\":\"87.026\"}","timestamp":"2024-11-06T05:28:40.407Z"}
{"level":"info","message":"{\"method\":\"PATCH\",\"url\":\"/v1/api/vendor/editVendorDetails\",\"status\":\"200\",\"responseTime\":\"185.764\"}","timestamp":"2024-11-06T05:30:14.330Z"}
{"level":"info","message":"{\"method\":\"GET\",\"url\":\"/v1/api/vendor/unread-count\",\"status\":\"304\",\"responseTime\":\"94.549\"}","timestamp":"2024-11-06T05:30:21.961Z"}
{"level":"info","message":"{\"method\":\"GET\",\"url\":\"/v1/api/vendor/fetchDetailsVendor/66e3f158ebbcf3a47b4e768e\",\"status\":\"200\",\"responseTime\":\"41.097\"}","timestamp":"2024-11-06T05:30:21.981Z"}
{"level":"info","message":"{\"method\":\"GET\",\"url\":\"/v1/api/vendor/fetchAuditoriumDetails/66e3f158ebbcf3a47b4e768e\",\"status\":\"304\",\"responseTime\":\"57.625\"}","timestamp":"2024-11-06T05:30:22.043Z"}
{"level":"info","message":"{\"method\":\"GET\",\"url\":\"/v1/api/vendor/fetchFoodDetails/66e3f158ebbcf3a47b4e768e\",\"status\":\"304\",\"responseTime\":\"101.395\"}","timestamp":"2024-11-06T05:30:22.150Z"}
{"level":"info","message":"{\"method\":\"GET\",\"url\":\"/v1/api/vendor/fetchReviews/66e3f158ebbcf3a47b4e768e\",\"status\":\"304\",\"responseTime\":\"46.441\"}","timestamp":"2024-11-06T05:30:22.203Z"}
{"level":"info","message":"{\"method\":\"GET\",\"url\":\"/v1/api/vendor/unread-count\",\"status\":\"304\",\"responseTime\":\"105.837\"}","timestamp":"2024-11-06T05:30:26.928Z"}
{"level":"info","message":"{\"method\":\"GET\",\"url\":\"/v1/api/vendor/unread-count\",\"status\":\"304\",\"responseTime\":\"98.964\"}","timestamp":"2024-11-06T05:30:27.030Z"}
{"level":"info","message":"{\"method\":\"GET\",\"url\":\"/v1/api/vendor/unread-count\",\"status\":\"304\",\"responseTime\":\"187.685\"}","timestamp":"2024-11-06T05:34:13.423Z"}
{"level":"info","message":"{\"method\":\"GET\",\"url\":\"/v1/api/vendor/fetchDetailsVendor/66e3f158ebbcf3a47b4e768e\",\"status\":\"304\",\"responseTime\":\"69.303\"}","timestamp":"2024-11-06T05:34:25.673Z"}
{"level":"info","message":"{\"method\":\"GET\",\"url\":\"/v1/api/vendor/fetchDetailsVendor/66e3f158ebbcf3a47b4e768e\",\"status\":\"304\",\"responseTime\":\"37.504\"}","timestamp":"2024-11-06T05:34:25.717Z"}
{"level":"info","message":"{\"method\":\"GET\",\"url\":\"/v1/api/vendor/unread-count\",\"status\":\"304\",\"responseTime\":\"103.703\"}","timestamp":"2024-11-06T05:34:25.722Z"}
{"level":"info","message":"{\"method\":\"GET\",\"url\":\"/v1/api/vendor/fetchAuditoriumDetails/66e3f158ebbcf3a47b4e768e\",\"status\":\"304\",\"responseTime\":\"57.343\"}","timestamp":"2024-11-06T05:34:25.739Z"}
{"level":"info","message":"{\"method\":\"GET\",\"url\":\"/v1/api/vendor/fetchAuditoriumDetails/66e3f158ebbcf3a47b4e768e\",\"status\":\"304\",\"responseTime\":\"50.630\"}","timestamp":"2024-11-06T05:34:25.795Z"}
{"level":"info","message":"{\"method\":\"GET\",\"url\":\"/v1/api/vendor/unread-count\",\"status\":\"304\",\"responseTime\":\"84.658\"}","timestamp":"2024-11-06T05:34:25.810Z"}
{"level":"info","message":"{\"method\":\"GET\",\"url\":\"/v1/api/vendor/fetchFoodDetails/66e3f158ebbcf3a47b4e768e\",\"status\":\"304\",\"responseTime\":\"89.864\"}","timestamp":"2024-11-06T05:34:25.840Z"}
{"level":"info","message":"{\"method\":\"GET\",\"url\":\"/v1/api/vendor/fetchFoodDetails/66e3f158ebbcf3a47b4e768e\",\"status\":\"304\",\"responseTime\":\"54.169\"}","timestamp":"2024-11-06T05:34:25.897Z"}
{"level":"info","message":"{\"method\":\"GET\",\"url\":\"/v1/api/vendor/fetchReviews/66e3f158ebbcf3a47b4e768e\",\"status\":\"304\",\"responseTime\":\"49.180\"}","timestamp":"2024-11-06T05:34:25.900Z"}
{"level":"info","message":"{\"method\":\"GET\",\"url\":\"/v1/api/vendor/fetchReviews/66e3f158ebbcf3a47b4e768e\",\"status\":\"304\",\"responseTime\":\"41.391\"}","timestamp":"2024-11-06T05:34:25.945Z"}
{"level":"info","message":"{\"method\":\"GET\",\"url\":\"/v1/api/vendor/unread-count\",\"status\":\"401\",\"responseTime\":\"49.158\"}","timestamp":"2024-11-06T05:52:54.551Z"}
{"level":"info","message":"{\"method\":\"GET\",\"url\":\"/v1/api/vendor/unread-count\",\"status\":\"401\",\"responseTime\":\"7.704\"}","timestamp":"2024-11-06T05:52:54.572Z"}
{"level":"info","message":"{\"method\":\"POST\",\"url\":\"/v1/api/vendor/login\",\"status\":\"200\",\"responseTime\":\"695.630\"}","timestamp":"2024-11-06T05:53:05.418Z"}
{"level":"info","message":"{\"method\":\"GET\",\"url\":\"/v1/api/vendor/unread-count\",\"status\":\"304\",\"responseTime\":\"85.715\"}","timestamp":"2024-11-06T05:53:05.670Z"}
{"level":"info","message":"{\"method\":\"GET\",\"url\":\"/v1/api/vendor/unread-count\",\"status\":\"304\",\"responseTime\":\"93.758\"}","timestamp":"2024-11-06T05:53:05.765Z"}
{"level":"info","message":"{\"method\":\"GET\",\"url\":\"/v1/api/vendor/fetchDetailsVendor/66e3f158ebbcf3a47b4e768e\",\"status\":\"304\",\"responseTime\":\"308.832\"}","timestamp":"2024-11-06T05:53:05.898Z"}
{"level":"info","message":"{\"method\":\"GET\",\"url\":\"/v1/api/vendor/fetchDetailsVendor/66e3f158ebbcf3a47b4e768e\",\"status\":\"304\",\"responseTime\":\"45.475\"}","timestamp":"2024-11-06T05:53:05.947Z"}
{"level":"info","message":"{\"method\":\"GET\",\"url\":\"/v1/api/vendor/fetchAuditoriumDetails/66e3f158ebbcf3a47b4e768e\",\"status\":\"304\",\"responseTime\":\"52.976\"}","timestamp":"2024-11-06T05:53:05.959Z"}
{"level":"info","message":"{\"method\":\"GET\",\"url\":\"/v1/api/vendor/fetchAuditoriumDetails/66e3f158ebbcf3a47b4e768e\",\"status\":\"304\",\"responseTime\":\"53.988\"}","timestamp":"2024-11-06T05:53:06.015Z"}
{"level":"info","message":"{\"method\":\"GET\",\"url\":\"/v1/api/vendor/fetchFoodDetails/66e3f158ebbcf3a47b4e768e\",\"status\":\"304\",\"responseTime\":\"137.852\"}","timestamp":"2024-11-06T05:53:06.103Z"}
{"level":"info","message":"{\"method\":\"GET\",\"url\":\"/v1/api/vendor/fetchFoodDetails/66e3f158ebbcf3a47b4e768e\",\"status\":\"304\",\"responseTime\":\"63.695\"}","timestamp":"2024-11-06T05:53:06.170Z"}
{"level":"info","message":"{\"method\":\"GET\",\"url\":\"/v1/api/vendor/fetchReviews/66e3f158ebbcf3a47b4e768e\",\"status\":\"304\",\"responseTime\":\"62.193\"}","timestamp":"2024-11-06T05:53:06.172Z"}
{"level":"info","message":"{\"method\":\"GET\",\"url\":\"/v1/api/vendor/fetchReviews/66e3f158ebbcf3a47b4e768e\",\"status\":\"304\",\"responseTime\":\"44.904\"}","timestamp":"2024-11-06T05:53:06.219Z"}
{"level":"info","message":"{\"method\":\"GET\",\"url\":\"/v1/api/vendor/unread-count\",\"status\":\"304\",\"responseTime\":\"108.063\"}","timestamp":"2024-11-06T06:10:15.290Z"}
{"level":"info","message":"{\"method\":\"GET\",\"url\":\"/v1/api/vendor/unread-count\",\"status\":\"304\",\"responseTime\":\"125.788\"}","timestamp":"2024-11-06T06:10:15.418Z"}
{"level":"info","message":"{\"method\":\"GET\",\"url\":\"/v1/api/vendor/vendorBookingDetils/66e3f158ebbcf3a47b4e768e\",\"status\":\"200\",\"responseTime\":\"878.435\"}","timestamp":"2024-11-06T06:10:16.058Z"}
{"level":"info","message":"{\"method\":\"GET\",\"url\":\"/v1/api/vendor/vendorBookingDetils/66e3f158ebbcf3a47b4e768e\",\"status\":\"304\",\"responseTime\":\"371.815\"}","timestamp":"2024-11-06T06:10:16.431Z"}
{"level":"info","message":"{\"method\":\"GET\",\"url\":\"/v1/api/vendor/fetchDetailsVendor/66e3f158ebbcf3a47b4e768e\",\"status\":\"304\",\"responseTime\":\"44.473\"}","timestamp":"2024-11-06T06:10:17.520Z"}
{"level":"info","message":"{\"method\":\"GET\",\"url\":\"/v1/api/vendor/fetchDetailsVendor/66e3f158ebbcf3a47b4e768e\",\"status\":\"304\",\"responseTime\":\"44.578\"}","timestamp":"2024-11-06T06:10:17.570Z"}
{"level":"info","message":"{\"method\":\"GET\",\"url\":\"/v1/api/vendor/unread-count\",\"status\":\"304\",\"responseTime\":\"101.103\"}","timestamp":"2024-11-06T06:10:17.573Z"}
{"level":"info","message":"{\"method\":\"GET\",\"url\":\"/v1/api/vendor/fetchAuditoriumDetails/66e3f158ebbcf3a47b4e768e\",\"status\":\"304\",\"responseTime\":\"50.297\"}","timestamp":"2024-11-06T06:10:17.577Z"}
{"level":"info","message":"{\"method\":\"GET\",\"url\":\"/v1/api/vendor/fetchAuditoriumDetails/66e3f158ebbcf3a47b4e768e\",\"status\":\"304\",\"responseTime\":\"48.409\"}","timestamp":"2024-11-06T06:10:17.629Z"}
{"level":"info","message":"{\"method\":\"GET\",\"url\":\"/v1/api/vendor/unread-count\",\"status\":\"304\",\"responseTime\":\"86.917\"}","timestamp":"2024-11-06T06:10:17.666Z"}
{"level":"info","message":"{\"method\":\"GET\",\"url\":\"/v1/api/vendor/fetchFoodDetails/66e3f158ebbcf3a47b4e768e\",\"status\":\"304\",\"responseTime\":\"100.041\"}","timestamp":"2024-11-06T06:10:17.684Z"}
{"level":"info","message":"{\"method\":\"GET\",\"url\":\"/v1/api/vendor/fetchFoodDetails/66e3f158ebbcf3a47b4e768e\",\"status\":\"304\",\"responseTime\":\"63.365\"}","timestamp":"2024-11-06T06:10:17.750Z"}
{"level":"info","message":"{\"method\":\"GET\",\"url\":\"/v1/api/vendor/fetchReviews/66e3f158ebbcf3a47b4e768e\",\"status\":\"304\",\"responseTime\":\"58.795\"}","timestamp":"2024-11-06T06:10:17.753Z"}
{"level":"info","message":"{\"method\":\"GET\",\"url\":\"/v1/api/vendor/fetchReviews/66e3f158ebbcf3a47b4e768e\",\"status\":\"304\",\"responseTime\":\"42.724\"}","timestamp":"2024-11-06T06:10:17.799Z"}
{"level":"info","message":"{\"method\":\"GET\",\"url\":\"/v1/api/vendor/unread-count\",\"status\":\"304\",\"responseTime\":\"88.923\"}","timestamp":"2024-11-06T06:10:22.777Z"}
{"level":"info","message":"{\"method\":\"GET\",\"url\":\"/v1/api/vendor/unread-count\",\"status\":\"304\",\"responseTime\":\"85.782\"}","timestamp":"2024-11-06T06:10:22.865Z"}
{"level":"info","message":"{\"method\":\"GET\",\"url\":\"/v1/api/vendor/unread-count\",\"status\":\"304\",\"responseTime\":\"632.761\"}","timestamp":"2024-11-06T06:43:50.235Z"}
{"level":"info","message":"{\"method\":\"PATCH\",\"url\":\"/v1/api/vendor/editVendorDetails\",\"status\":\"200\",\"responseTime\":\"151.547\"}","timestamp":"2024-11-06T06:44:41.801Z"}
{"level":"info","message":"{\"method\":\"GET\",\"url\":\"/v1/api/vendor/unread-count\",\"status\":\"304\",\"responseTime\":\"97.810\"}","timestamp":"2024-11-06T06:44:47.301Z"}
{"level":"info","message":"{\"method\":\"GET\",\"url\":\"/v1/api/vendor/unread-count\",\"status\":\"304\",\"responseTime\":\"94.578\"}","timestamp":"2024-11-06T06:44:47.398Z"}
{"level":"info","message":"{\"method\":\"GET\",\"url\":\"/v1/api/vendor/fetchDetailsVendor/66e3f158ebbcf3a47b4e768e\",\"status\":\"200\",\"responseTime\":\"583.432\"}","timestamp":"2024-11-06T06:44:47.792Z"}
{"level":"info","message":"{\"method\":\"GET\",\"url\":\"/v1/api/vendor/fetchDetailsVendor/66e3f158ebbcf3a47b4e768e\",\"status\":\"304\",\"responseTime\":\"53.470\"}","timestamp":"2024-11-06T06:44:47.856Z"}
{"level":"info","message":"{\"method\":\"GET\",\"url\":\"/v1/api/vendor/fetchAuditoriumDetails/66e3f158ebbcf3a47b4e768e\",\"status\":\"304\",\"responseTime\":\"59.139\"}","timestamp":"2024-11-06T06:44:47.867Z"}
{"level":"info","message":"{\"method\":\"GET\",\"url\":\"/v1/api/vendor/fetchAuditoriumDetails/66e3f158ebbcf3a47b4e768e\",\"status\":\"304\",\"responseTime\":\"52.841\"}","timestamp":"2024-11-06T06:44:47.928Z"}
{"level":"info","message":"{\"method\":\"GET\",\"url\":\"/v1/api/vendor/fetchFoodDetails/66e3f158ebbcf3a47b4e768e\",\"status\":\"304\",\"responseTime\":\"139.835\"}","timestamp":"2024-11-06T06:44:48.019Z"}
{"level":"info","message":"{\"method\":\"GET\",\"url\":\"/v1/api/vendor/fetchFoodDetails/66e3f158ebbcf3a47b4e768e\",\"status\":\"304\",\"responseTime\":\"64.580\"}","timestamp":"2024-11-06T06:44:48.089Z"}
{"level":"info","message":"{\"method\":\"GET\",\"url\":\"/v1/api/vendor/fetchReviews/66e3f158ebbcf3a47b4e768e\",\"status\":\"304\",\"responseTime\":\"64.645\"}","timestamp":"2024-11-06T06:44:48.093Z"}
{"level":"info","message":"{\"method\":\"GET\",\"url\":\"/v1/api/vendor/fetchReviews/66e3f158ebbcf3a47b4e768e\",\"status\":\"304\",\"responseTime\":\"41.727\"}","timestamp":"2024-11-06T06:44:48.138Z"}
{"level":"info","message":"{\"method\":\"GET\",\"url\":\"/v1/api/vendor/unread-count\",\"status\":\"304\",\"responseTime\":\"299.077\"}","timestamp":"2024-11-06T06:44:55.739Z"}
{"level":"info","message":"{\"method\":\"GET\",\"url\":\"/v1/api/vendor/unread-count\",\"status\":\"304\",\"responseTime\":\"298.677\"}","timestamp":"2024-11-06T06:44:56.039Z"}
{"level":"info","message":"{\"method\":\"GET\",\"url\":\"/v1/api/vendor/unread-count\",\"status\":\"304\",\"responseTime\":\"435.814\"}","timestamp":"2024-11-06T06:45:54.208Z"}
{"level":"info","message":"{\"method\":\"PATCH\",\"url\":\"/v1/api/vendor/editVendorDetails\",\"status\":\"200\",\"responseTime\":\"447.041\"}","timestamp":"2024-11-06T06:46:11.069Z"}
{"level":"info","message":"{\"method\":\"GET\",\"url\":\"/v1/api/vendor/unread-count\",\"status\":\"304\",\"responseTime\":\"76.310\"}","timestamp":"2024-11-06T06:46:15.589Z"}
{"level":"info","message":"{\"method\":\"GET\",\"url\":\"/v1/api/vendor/fetchDetailsVendor/66e3f158ebbcf3a47b4e768e\",\"status\":\"200\",\"responseTime\":\"44.751\"}","timestamp":"2024-11-06T06:46:15.620Z"}
{"level":"info","message":"{\"method\":\"GET\",\"url\":\"/v1/api/vendor/fetchAuditoriumDetails/66e3f158ebbcf3a47b4e768e\",\"status\":\"304\",\"responseTime\":\"53.134\"}","timestamp":"2024-11-06T06:46:15.679Z"}
{"level":"info","message":"{\"method\":\"GET\",\"url\":\"/v1/api/vendor/fetchFoodDetails/66e3f158ebbcf3a47b4e768e\",\"status\":\"304\",\"responseTime\":\"109.056\"}","timestamp":"2024-11-06T06:46:15.794Z"}
{"level":"info","message":"{\"method\":\"GET\",\"url\":\"/v1/api/vendor/fetchReviews/66e3f158ebbcf3a47b4e768e\",\"status\":\"304\",\"responseTime\":\"44.824\"}","timestamp":"2024-11-06T06:46:15.848Z"}
{"level":"info","message":"{\"method\":\"GET\",\"url\":\"/v1/api/vendor/fetchDetailsVendor/66e3f158ebbcf3a47b4e768e\",\"status\":\"304\",\"responseTime\":\"135.209\"}","timestamp":"2024-11-06T06:50:32.449Z"}
{"level":"info","message":"{\"method\":\"GET\",\"url\":\"/v1/api/vendor/unread-count\",\"status\":\"304\",\"responseTime\":\"622.892\"}","timestamp":"2024-11-06T06:50:32.793Z"}
{"level":"info","message":"{\"method\":\"GET\",\"url\":\"/v1/api/vendor/fetchAuditoriumDetails/66e3f158ebbcf3a47b4e768e\",\"status\":\"304\",\"responseTime\":\"326.780\"}","timestamp":"2024-11-06T06:50:32.798Z"}
{"level":"info","message":"{\"method\":\"GET\",\"url\":\"/v1/api/vendor/fetchFoodDetails/66e3f158ebbcf3a47b4e768e\",\"status\":\"304\",\"responseTime\":\"992.221\"}","timestamp":"2024-11-06T06:50:33.799Z"}
{"level":"info","message":"{\"method\":\"GET\",\"url\":\"/v1/api/vendor/fetchReviews/66e3f158ebbcf3a47b4e768e\",\"status\":\"304\",\"responseTime\":\"162.972\"}","timestamp":"2024-11-06T06:50:33.971Z"}
{"level":"info","message":"{\"method\":\"GET\",\"url\":\"/v1/api/vendor/fetchDetailsVendor/66e3f158ebbcf3a47b4e768e\",\"status\":\"304\",\"responseTime\":\"118.959\"}","timestamp":"2024-11-06T06:50:46.861Z"}
{"level":"info","message":"{\"method\":\"GET\",\"url\":\"/v1/api/vendor/unread-count\",\"status\":\"304\",\"responseTime\":\"218.261\"}","timestamp":"2024-11-06T06:50:46.864Z"}
{"level":"info","message":"{\"method\":\"GET\",\"url\":\"/v1/api/vendor/fetchAuditoriumDetails/66e3f158ebbcf3a47b4e768e\",\"status\":\"304\",\"responseTime\":\"102.183\"}","timestamp":"2024-11-06T06:50:46.972Z"}
{"level":"info","message":"{\"method\":\"GET\",\"url\":\"/v1/api/vendor/fetchFoodDetails/66e3f158ebbcf3a47b4e768e\",\"status\":\"304\",\"responseTime\":\"1039.333\"}","timestamp":"2024-11-06T06:50:48.020Z"}
{"level":"info","message":"{\"method\":\"GET\",\"url\":\"/v1/api/vendor/fetchReviews/66e3f158ebbcf3a47b4e768e\",\"status\":\"304\",\"responseTime\":\"134.167\"}","timestamp":"2024-11-06T06:50:48.160Z"}
{"level":"info","message":"{\"method\":\"GET\",\"url\":\"/v1/api/vendor/unread-count\",\"status\":\"304\",\"responseTime\":\"226.973\"}","timestamp":"2024-11-06T06:50:56.802Z"}
{"level":"info","message":"{\"method\":\"GET\",\"url\":\"/v1/api/vendor/unread-count\",\"status\":\"304\",\"responseTime\":\"348.275\"}","timestamp":"2024-11-06T06:50:57.153Z"}
{"level":"info","message":"{\"method\":\"GET\",\"url\":\"/v1/api/vendor/vendorBookingDetils/66e3f158ebbcf3a47b4e768e\",\"status\":\"200\",\"responseTime\":\"1622.617\"}","timestamp":"2024-11-06T06:50:58.204Z"}
{"level":"info","message":"{\"method\":\"GET\",\"url\":\"/v1/api/vendor/fetchDetailsVendor/66e3f158ebbcf3a47b4e768e\",\"status\":\"304\",\"responseTime\":\"37.550\"}","timestamp":"2024-11-06T06:50:58.261Z"}
{"level":"info","message":"{\"method\":\"GET\",\"url\":\"/v1/api/vendor/unread-count\",\"status\":\"304\",\"responseTime\":\"79.740\"}","timestamp":"2024-11-06T06:50:58.298Z"}
{"level":"info","message":"{\"method\":\"GET\",\"url\":\"/v1/api/vendor/fetchDetailsVendor/66e3f158ebbcf3a47b4e768e\",\"status\":\"304\",\"responseTime\":\"45.070\"}","timestamp":"2024-11-06T06:50:58.310Z"}
{"level":"info","message":"{\"method\":\"GET\",\"url\":\"/v1/api/vendor/fetchAuditoriumDetails/66e3f158ebbcf3a47b4e768e\",\"status\":\"304\",\"responseTime\":\"48.559\"}","timestamp":"2024-11-06T06:50:58.319Z"}
{"level":"info","message":"{\"method\":\"GET\",\"url\":\"/v1/api/vendor/fetchAuditoriumDetails/66e3f158ebbcf3a47b4e768e\",\"status\":\"304\",\"responseTime\":\"52.433\"}","timestamp":"2024-11-06T06:50:58.375Z"}
{"level":"info","message":"{\"method\":\"GET\",\"url\":\"/v1/api/vendor/fetchFoodDetails/66e3f158ebbcf3a47b4e768e\",\"status\":\"304\",\"responseTime\":\"66.944\"}","timestamp":"2024-11-06T06:50:58.391Z"}
{"level":"info","message":"{\"method\":\"GET\",\"url\":\"/v1/api/vendor/unread-count\",\"status\":\"304\",\"responseTime\":\"91.831\"}","timestamp":"2024-11-06T06:50:58.395Z"}
{"level":"info","message":"{\"method\":\"GET\",\"url\":\"/v1/api/vendor/fetchReviews/66e3f158ebbcf3a47b4e768e\",\"status\":\"304\",\"responseTime\":\"44.246\"}","timestamp":"2024-11-06T06:50:58.454Z"}
{"level":"info","message":"{\"method\":\"GET\",\"url\":\"/v1/api/vendor/fetchFoodDetails/66e3f158ebbcf3a47b4e768e\",\"status\":\"304\",\"responseTime\":\"123.820\"}","timestamp":"2024-11-06T06:50:58.521Z"}
{"level":"info","message":"{\"method\":\"GET\",\"url\":\"/v1/api/vendor/fetchReviews/66e3f158ebbcf3a47b4e768e\",\"status\":\"304\",\"responseTime\":\"35.789\"}","timestamp":"2024-11-06T06:50:58.562Z"}
{"level":"info","message":"{\"method\":\"GET\",\"url\":\"/v1/api/vendor/vendorBookingDetils/66e3f158ebbcf3a47b4e768e\",\"status\":\"304\",\"responseTime\":\"648.606\"}","timestamp":"2024-11-06T06:50:58.855Z"}
{"level":"info","message":"{\"method\":\"GET\",\"url\":\"/v1/api/vendor/unread-count\",\"status\":\"304\",\"responseTime\":\"87.027\"}","timestamp":"2024-11-06T06:51:01.475Z"}
{"level":"info","message":"{\"method\":\"GET\",\"url\":\"/v1/api/vendor/unread-count\",\"status\":\"304\",\"responseTime\":\"83.108\"}","timestamp":"2024-11-06T06:51:01.560Z"}
{"level":"info","message":"{\"method\":\"PATCH\",\"url\":\"/v1/api/vendor/editVendorDetails\",\"status\":\"200\",\"responseTime\":\"248.108\"}","timestamp":"2024-11-06T06:51:14.572Z"}
{"level":"info","message":"{\"method\":\"GET\",\"url\":\"/v1/api/vendor/unread-count\",\"status\":\"304\",\"responseTime\":\"389.746\"}","timestamp":"2024-11-06T06:51:19.592Z"}
{"level":"info","message":"{\"method\":\"GET\",\"url\":\"/v1/api/vendor/fetchDetailsVendor/66e3f158ebbcf3a47b4e768e\",\"status\":\"200\",\"responseTime\":\"42.443\"}","timestamp":"2024-11-06T06:51:21.716Z"}
{"level":"info","message":"{\"method\":\"GET\",\"url\":\"/v1/api/vendor/unread-count\",\"status\":\"304\",\"responseTime\":\"83.339\"}","timestamp":"2024-11-06T06:51:21.752Z"}
{"level":"info","message":"{\"method\":\"GET\",\"url\":\"/v1/api/vendor/fetchAuditoriumDetails/66e3f158ebbcf3a47b4e768e\",\"status\":\"304\",\"responseTime\":\"55.486\"}","timestamp":"2024-11-06T06:51:21.778Z"}
{"level":"info","message":"{\"method\":\"GET\",\"url\":\"/v1/api/vendor/fetchDetailsVendor/66e3f158ebbcf3a47b4e768e\",\"status\":\"304\",\"responseTime\":\"61.964\"}","timestamp":"2024-11-06T06:51:21.781Z"}
{"level":"info","message":"{\"method\":\"GET\",\"url\":\"/v1/api/vendor/fetchAuditoriumDetails/66e3f158ebbcf3a47b4e768e\",\"status\":\"304\",\"responseTime\":\"37.542\"}","timestamp":"2024-11-06T06:51:21.843Z"}
{"level":"info","message":"{\"method\":\"GET\",\"url\":\"/v1/api/vendor/unread-count\",\"status\":\"304\",\"responseTime\":\"105.069\"}","timestamp":"2024-11-06T06:51:21.859Z"}
{"level":"info","message":"{\"method\":\"GET\",\"url\":\"/v1/api/vendor/fetchFoodDetails/66e3f158ebbcf3a47b4e768e\",\"status\":\"304\",\"responseTime\":\"90.481\"}","timestamp":"2024-11-06T06:51:21.876Z"}
{"level":"info","message":"{\"method\":\"GET\",\"url\":\"/v1/api/vendor/fetchFoodDetails/66e3f158ebbcf3a47b4e768e\",\"status\":\"304\",\"responseTime\":\"55.678\"}","timestamp":"2024-11-06T06:51:21.935Z"}
{"level":"info","message":"{\"method\":\"GET\",\"url\":\"/v1/api/vendor/fetchReviews/66e3f158ebbcf3a47b4e768e\",\"status\":\"304\",\"responseTime\":\"51.859\"}","timestamp":"2024-11-06T06:51:21.937Z"}
{"level":"info","message":"{\"method\":\"GET\",\"url\":\"/v1/api/vendor/fetchReviews/66e3f158ebbcf3a47b4e768e\",\"status\":\"304\",\"responseTime\":\"43.526\"}","timestamp":"2024-11-06T06:51:21.984Z"}
{"level":"info","message":"{\"method\":\"GET\",\"url\":\"/v1/api/vendor/unread-count\",\"status\":\"304\",\"responseTime\":\"320.413\"}","timestamp":"2024-11-06T06:52:02.297Z"}
{"level":"info","message":"{\"method\":\"GET\",\"url\":\"/v1/api/vendor/fetchDetailsVendor/66e3f158ebbcf3a47b4e768e\",\"status\":\"304\",\"responseTime\":\"124.190\"}","timestamp":"2024-11-06T06:52:02.299Z"}
{"level":"info","message":"{\"method\":\"GET\",\"url\":\"/v1/api/vendor/fetchAuditoriumDetails/66e3f158ebbcf3a47b4e768e\",\"status\":\"304\",\"responseTime\":\"122.447\"}","timestamp":"2024-11-06T06:52:02.429Z"}
{"level":"info","message":"{\"method\":\"GET\",\"url\":\"/v1/api/vendor/fetchFoodDetails/66e3f158ebbcf3a47b4e768e\",\"status\":\"304\",\"responseTime\":\"53.403\"}","timestamp":"2024-11-06T06:52:02.512Z"}
{"level":"info","message":"{\"method\":\"GET\",\"url\":\"/v1/api/vendor/fetchReviews/66e3f158ebbcf3a47b4e768e\",\"status\":\"304\",\"responseTime\":\"198.557\"}","timestamp":"2024-11-06T06:52:02.738Z"}
{"level":"info","message":"{\"method\":\"GET\",\"url\":\"/v1/api/vendor/unread-count\",\"status\":\"401\",\"responseTime\":\"24.704\"}","timestamp":"2024-11-06T06:55:26.780Z"}
{"level":"info","message":"{\"method\":\"GET\",\"url\":\"/v1/api/vendor/unread-count\",\"status\":\"401\",\"responseTime\":\"10.682\"}","timestamp":"2024-11-06T06:55:26.798Z"}
{"level":"info","message":"{\"method\":\"POST\",\"url\":\"/v1/api/vendor/login\",\"status\":\"200\",\"responseTime\":\"71.804\"}","timestamp":"2024-11-06T06:55:37.985Z"}
{"level":"info","message":"{\"method\":\"GET\",\"url\":\"/v1/api/vendor/fetchDetailsVendor/66e3f158ebbcf3a47b4e768e\",\"status\":\"304\",\"responseTime\":\"93.505\"}","timestamp":"2024-11-06T06:55:38.348Z"}
{"level":"info","message":"{\"method\":\"GET\",\"url\":\"/v1/api/vendor/unread-count\",\"status\":\"304\",\"responseTime\":\"146.571\"}","timestamp":"2024-11-06T06:55:38.387Z"}
{"level":"info","message":"{\"method\":\"GET\",\"url\":\"/v1/api/vendor/fetchAuditoriumDetails/66e3f158ebbcf3a47b4e768e\",\"status\":\"304\",\"responseTime\":\"49.009\"}","timestamp":"2024-11-06T06:55:38.403Z"}
{"level":"info","message":"{\"method\":\"GET\",\"url\":\"/v1/api/vendor/fetchDetailsVendor/66e3f158ebbcf3a47b4e768e\",\"status\":\"304\",\"responseTime\":\"57.200\"}","timestamp":"2024-11-06T06:55:38.408Z"}
{"level":"info","message":"{\"method\":\"GET\",\"url\":\"/v1/api/vendor/fetchAuditoriumDetails/66e3f158ebbcf3a47b4e768e\",\"status\":\"304\",\"responseTime\":\"81.869\"}","timestamp":"2024-11-06T06:55:38.530Z"}
{"level":"info","message":"{\"method\":\"GET\",\"url\":\"/v1/api/vendor/unread-count\",\"status\":\"304\",\"responseTime\":\"142.275\"}","timestamp":"2024-11-06T06:55:38.552Z"}
{"level":"info","message":"{\"method\":\"GET\",\"url\":\"/v1/api/vendor/fetchFoodDetails/66e3f158ebbcf3a47b4e768e\",\"status\":\"304\",\"responseTime\":\"223.033\"}","timestamp":"2024-11-06T06:55:38.641Z"}
{"level":"info","message":"{\"method\":\"GET\",\"url\":\"/v1/api/vendor/fetchReviews/66e3f158ebbcf3a47b4e768e\",\"status\":\"304\",\"responseTime\":\"44.944\"}","timestamp":"2024-11-06T06:55:38.692Z"}
{"level":"info","message":"{\"method\":\"GET\",\"url\":\"/v1/api/vendor/fetchFoodDetails/66e3f158ebbcf3a47b4e768e\",\"status\":\"304\",\"responseTime\":\"89.795\"}","timestamp":"2024-11-06T06:55:38.734Z"}
{"level":"info","message":"{\"method\":\"GET\",\"url\":\"/v1/api/vendor/fetchReviews/66e3f158ebbcf3a47b4e768e\",\"status\":\"304\",\"responseTime\":\"45.838\"}","timestamp":"2024-11-06T06:55:38.788Z"}
{"level":"info","message":"{\"method\":\"GET\",\"url\":\"/v1/api/user/vendors\",\"status\":\"200\",\"responseTime\":\"70.259\"}","timestamp":"2024-11-06T06:56:04.597Z"}
{"level":"info","message":"{\"method\":\"GET\",\"url\":\"/v1/api/vendor/unread-count\",\"status\":\"401\",\"responseTime\":\"4.425\"}","timestamp":"2024-11-06T06:56:16.977Z"}
{"level":"info","message":"{\"method\":\"POST\",\"url\":\"/v1/api/vendor/login\",\"status\":\"200\",\"responseTime\":\"131.994\"}","timestamp":"2024-11-06T06:56:17.891Z"}
{"level":"info","message":"{\"method\":\"GET\",\"url\":\"/v1/api/vendor/fetchDetailsVendor/66e3f158ebbcf3a47b4e768e\",\"status\":\"200\",\"responseTime\":\"72.525\"}","timestamp":"2024-11-06T06:56:18.793Z"}
{"level":"info","message":"{\"method\":\"GET\",\"url\":\"/v1/api/vendor/unread-count\",\"status\":\"304\",\"responseTime\":\"230.722\"}","timestamp":"2024-11-06T06:56:18.943Z"}
{"level":"info","message":"{\"method\":\"GET\",\"url\":\"/v1/api/vendor/fetchDetailsVendor/66e3f158ebbcf3a47b4e768e\",\"status\":\"304\",\"responseTime\":\"76.311\"}","timestamp":"2024-11-06T06:56:19.014Z"}
{"level":"info","message":"{\"method\":\"GET\",\"url\":\"/v1/api/vendor/fetchAuditoriumDetails/66e3f158ebbcf3a47b4e768e\",\"status\":\"304\",\"responseTime\":\"83.669\"}","timestamp":"2024-11-06T06:56:19.023Z"}
{"level":"info","message":"{\"method\":\"GET\",\"url\":\"/v1/api/vendor/unread-count\",\"status\":\"304\",\"responseTime\":\"166.914\"}","timestamp":"2024-11-06T06:56:19.113Z"}
{"level":"info","message":"{\"method\":\"GET\",\"url\":\"/v1/api/vendor/fetchAuditoriumDetails/66e3f158ebbcf3a47b4e768e\",\"status\":\"304\",\"responseTime\":\"89.986\"}","timestamp":"2024-11-06T06:56:19.120Z"}
{"level":"info","message":"{\"method\":\"GET\",\"url\":\"/v1/api/vendor/fetchFoodDetails/66e3f158ebbcf3a47b4e768e\",\"status\":\"304\",\"responseTime\":\"135.910\"}","timestamp":"2024-11-06T06:56:19.173Z"}
{"level":"info","message":"{\"method\":\"GET\",\"url\":\"/v1/api/vendor/fetchFoodDetails/66e3f158ebbcf3a47b4e768e\",\"status\":\"304\",\"responseTime\":\"59.254\"}","timestamp":"2024-11-06T06:56:19.238Z"}
{"level":"info","message":"{\"method\":\"GET\",\"url\":\"/v1/api/vendor/fetchReviews/66e3f158ebbcf3a47b4e768e\",\"status\":\"200\",\"responseTime\":\"59.461\"}","timestamp":"2024-11-06T06:56:19.241Z"}
{"level":"info","message":"{\"method\":\"GET\",\"url\":\"/v1/api/vendor/fetchReviews/66e3f158ebbcf3a47b4e768e\",\"status\":\"304\",\"responseTime\":\"49.814\"}","timestamp":"2024-11-06T06:56:19.293Z"}
{"level":"info","message":"{\"method\":\"GET\",\"url\":\"/v1/api/vendor/slots/66e3f158ebbcf3a47b4e768e\",\"status\":\"200\",\"responseTime\":\"53.697\"}","timestamp":"2024-11-06T06:56:22.539Z"}
{"level":"info","message":"{\"method\":\"GET\",\"url\":\"/v1/api/vendor/unread-count\",\"status\":\"304\",\"responseTime\":\"90.636\"}","timestamp":"2024-11-06T06:56:22.569Z"}
{"level":"info","message":"{\"method\":\"GET\",\"url\":\"/v1/api/vendor/slots/66e3f158ebbcf3a47b4e768e\",\"status\":\"304\",\"responseTime\":\"53.969\"}","timestamp":"2024-11-06T06:56:22.595Z"}
{"level":"info","message":"{\"method\":\"GET\",\"url\":\"/v1/api/vendor/unread-count\",\"status\":\"304\",\"responseTime\":\"90.225\"}","timestamp":"2024-11-06T06:56:22.661Z"}
{"level":"info","message":"{\"method\":\"POST\",\"url\":\"/v1/api/vendor/create-slot/66e3f158ebbcf3a47b4e768e\",\"status\":\"201\",\"responseTime\":\"1458.432\"}","timestamp":"2024-11-06T06:56:45.332Z"}
{"level":"info","message":"{\"method\":\"POST\",\"url\":\"/v1/api/vendor/create-slot/66e3f158ebbcf3a47b4e768e\",\"status\":\"500\",\"responseTime\":\"42.328\"}","timestamp":"2024-11-06T07:00:50.454Z"}
{"level":"info","message":"{\"method\":\"POST\",\"url\":\"/v1/api/vendor/create-slot/66e3f158ebbcf3a47b4e768e\",\"status\":\"500\",\"responseTime\":\"2.231\"}","timestamp":"2024-11-06T07:02:36.603Z"}
{"level":"info","message":"{\"method\":\"POST\",\"url\":\"/v1/api/vendor/create-slot/66e3f158ebbcf3a47b4e768e\",\"status\":\"201\",\"responseTime\":\"3092.036\"}","timestamp":"2024-11-06T07:03:12.550Z"}
{"level":"info","message":"{\"method\":\"GET\",\"url\":\"/v1/api/vendor/slots/66e3f158ebbcf3a47b4e768e\",\"status\":\"200\",\"responseTime\":\"100.309\"}","timestamp":"2024-11-06T07:11:43.645Z"}
{"level":"info","message":"{\"method\":\"GET\",\"url\":\"/v1/api/vendor/unread-count\",\"status\":\"304\",\"responseTime\":\"248.565\"}","timestamp":"2024-11-06T07:11:43.663Z"}
{"level":"info","message":"{\"method\":\"GET\",\"url\":\"/v1/api/vendor/fetchDetailsVendor/66e3f158ebbcf3a47b4e768e\",\"status\":\"304\",\"responseTime\":\"94.026\"}","timestamp":"2024-11-06T07:14:05.505Z"}
{"level":"info","message":"{\"method\":\"GET\",\"url\":\"/v1/api/vendor/unread-count\",\"status\":\"304\",\"responseTime\":\"169.877\"}","timestamp":"2024-11-06T07:14:05.539Z"}
{"level":"info","message":"{\"method\":\"GET\",\"url\":\"/v1/api/vendor/fetchDetailsVendor/66e3f158ebbcf3a47b4e768e\",\"status\":\"304\",\"responseTime\":\"46.486\"}","timestamp":"2024-11-06T07:14:05.557Z"}
{"level":"info","message":"{\"method\":\"GET\",\"url\":\"/v1/api/vendor/fetchAuditoriumDetails/66e3f158ebbcf3a47b4e768e\",\"status\":\"304\",\"responseTime\":\"65.113\"}","timestamp":"2024-11-06T07:14:05.582Z"}
{"level":"info","message":"{\"method\":\"GET\",\"url\":\"/v1/api/vendor/fetchAuditoriumDetails/66e3f158ebbcf3a47b4e768e\",\"status\":\"304\",\"responseTime\":\"47.829\"}","timestamp":"2024-11-06T07:14:05.638Z"}
{"level":"info","message":"{\"method\":\"GET\",\"url\":\"/v1/api/vendor/unread-count\",\"status\":\"304\",\"responseTime\":\"100.314\"}","timestamp":"2024-11-06T07:14:05.643Z"}
{"level":"info","message":"{\"method\":\"GET\",\"url\":\"/v1/api/vendor/fetchFoodDetails/66e3f158ebbcf3a47b4e768e\",\"status\":\"304\",\"responseTime\":\"122.639\"}","timestamp":"2024-11-06T07:14:05.717Z"}
{"level":"info","message":"{\"method\":\"GET\",\"url\":\"/v1/api/vendor/fetchFoodDetails/66e3f158ebbcf3a47b4e768e\",\"status\":\"304\",\"responseTime\":\"73.409\"}","timestamp":"2024-11-06T07:14:05.794Z"}
{"level":"info","message":"{\"method\":\"GET\",\"url\":\"/v1/api/vendor/fetchReviews/66e3f158ebbcf3a47b4e768e\",\"status\":\"304\",\"responseTime\":\"73.963\"}","timestamp":"2024-11-06T07:14:05.798Z"}
{"level":"info","message":"{\"method\":\"GET\",\"url\":\"/v1/api/vendor/fetchReviews/66e3f158ebbcf3a47b4e768e\",\"status\":\"304\",\"responseTime\":\"45.325\"}","timestamp":"2024-11-06T07:14:05.846Z"}
{"level":"info","message":"{\"method\":\"GET\",\"url\":\"/v1/api/vendor/fetchDetailsVendor/66e3f158ebbcf3a47b4e768e\",\"status\":\"304\",\"responseTime\":\"154.122\"}","timestamp":"2024-11-06T07:14:08.410Z"}
{"level":"info","message":"{\"method\":\"GET\",\"url\":\"/v1/api/vendor/fetchAuditoriumDetails/66e3f158ebbcf3a47b4e768e\",\"status\":\"304\",\"responseTime\":\"369.219\"}","timestamp":"2024-11-06T07:14:08.784Z"}
{"level":"info","message":"{\"method\":\"GET\",\"url\":\"/v1/api/vendor/fetchFoodDetails/66e3f158ebbcf3a47b4e768e\",\"status\":\"304\",\"responseTime\":\"114.603\"}","timestamp":"2024-11-06T07:14:08.904Z"}
{"level":"info","message":"{\"method\":\"GET\",\"url\":\"/v1/api/vendor/fetchReviews/66e3f158ebbcf3a47b4e768e\",\"status\":\"304\",\"responseTime\":\"307.159\"}","timestamp":"2024-11-06T07:14:09.217Z"}
{"level":"info","message":"{\"method\":\"GET\",\"url\":\"/v1/api/vendor/fetchDetailsVendor/66e3f158ebbcf3a47b4e768e\",\"status\":\"304\",\"responseTime\":\"55.090\"}","timestamp":"2024-11-06T07:14:49.561Z"}
{"level":"info","message":"{\"method\":\"GET\",\"url\":\"/v1/api/vendor/unread-count\",\"status\":\"304\",\"responseTime\":\"325.194\"}","timestamp":"2024-11-06T07:14:49.768Z"}
{"level":"info","message":"{\"method\":\"GET\",\"url\":\"/v1/api/vendor/fetchAuditoriumDetails/66e3f158ebbcf3a47b4e768e\",\"status\":\"304\",\"responseTime\":\"209.879\"}","timestamp":"2024-11-06T07:14:49.798Z"}
{"level":"info","message":"{\"method\":\"GET\",\"url\":\"/v1/api/vendor/fetchFoodDetails/66e3f158ebbcf3a47b4e768e\",\"status\":\"304\",\"responseTime\":\"680.737\"}","timestamp":"2024-11-06T07:14:50.484Z"}
{"level":"info","message":"{\"method\":\"GET\",\"url\":\"/v1/api/vendor/fetchReviews/66e3f158ebbcf3a47b4e768e\",\"status\":\"304\",\"responseTime\":\"302.884\"}","timestamp":"2024-11-06T07:14:50.793Z"}
{"level":"info","message":"{\"method\":\"GET\",\"url\":\"/v1/api/vendor/fetchDetailsVendor/66e3f158ebbcf3a47b4e768e\",\"status\":\"304\",\"responseTime\":\"46.444\"}","timestamp":"2024-11-06T07:15:50.144Z"}
{"level":"info","message":"{\"method\":\"GET\",\"url\":\"/v1/api/vendor/unread-count\",\"status\":\"304\",\"responseTime\":\"96.061\"}","timestamp":"2024-11-06T07:15:50.171Z"}
{"level":"info","message":"{\"method\":\"GET\",\"url\":\"/v1/api/vendor/fetchAuditoriumDetails/66e3f158ebbcf3a47b4e768e\",\"status\":\"304\",\"responseTime\":\"49.958\"}","timestamp":"2024-11-06T07:15:50.199Z"}
{"level":"info","message":"{\"method\":\"GET\",\"url\":\"/v1/api/vendor/fetchFoodDetails/66e3f158ebbcf3a47b4e768e\",\"status\":\"304\",\"responseTime\":\"115.630\"}","timestamp":"2024-11-06T07:15:50.321Z"}
{"level":"info","message":"{\"method\":\"GET\",\"url\":\"/v1/api/vendor/fetchReviews/66e3f158ebbcf3a47b4e768e\",\"status\":\"304\",\"responseTime\":\"45.154\"}","timestamp":"2024-11-06T07:15:50.372Z"}
{"level":"info","message":"{\"method\":\"GET\",\"url\":\"/v1/api/vendor/unread-count\",\"status\":\"304\",\"responseTime\":\"401.597\"}","timestamp":"2024-11-06T07:15:53.804Z"}
{"level":"info","message":"{\"method\":\"GET\",\"url\":\"/v1/api/vendor/getPresignedUrl?fileName=PXL_20240805_110044882+(1).jpg&fileType=image%2Fjpeg\",\"status\":\"400\",\"responseTime\":\"284.358\"}","timestamp":"2024-11-06T07:16:11.704Z"}
{"level":"info","message":"{\"method\":\"POST\",\"url\":\"/v1/api/vendor/addDishes\",\"status\":\"200\",\"responseTime\":\"2450.054\"}","timestamp":"2024-11-06T07:16:50.388Z"}
{"level":"info","message":"{\"method\":\"GET\",\"url\":\"/v1/api/vendor/fetchDetailsVendor/66e3f158ebbcf3a47b4e768e\",\"status\":\"304\",\"responseTime\":\"122.284\"}","timestamp":"2024-11-06T07:16:54.378Z"}
{"level":"info","message":"{\"method\":\"GET\",\"url\":\"/v1/api/vendor/unread-count\",\"status\":\"304\",\"responseTime\":\"335.411\"}","timestamp":"2024-11-06T07:16:54.580Z"}
{"level":"info","message":"{\"method\":\"GET\",\"url\":\"/v1/api/vendor/fetchAuditoriumDetails/66e3f158ebbcf3a47b4e768e\",\"status\":\"304\",\"responseTime\":\"211.139\"}","timestamp":"2024-11-06T07:16:54.594Z"}
{"level":"info","message":"{\"method\":\"GET\",\"url\":\"/v1/api/vendor/fetchDetailsVendor/66e3f158ebbcf3a47b4e768e\",\"status\":\"304\",\"responseTime\":\"218.215\"}","timestamp":"2024-11-06T07:16:54.599Z"}
{"level":"info","message":"{\"method\":\"GET\",\"url\":\"/v1/api/vendor/fetchFoodDetails/66e3f158ebbcf3a47b4e768e\",\"status\":\"200\",\"responseTime\":\"298.809\"}","timestamp":"2024-11-06T07:16:54.915Z"}
{"level":"info","message":"{\"method\":\"GET\",\"url\":\"/v1/api/vendor/fetchAuditoriumDetails/66e3f158ebbcf3a47b4e768e\",\"status\":\"304\",\"responseTime\":\"304.611\"}","timestamp":"2024-11-06T07:16:54.922Z"}
{"level":"info","message":"{\"method\":\"GET\",\"url\":\"/v1/api/vendor/fetchFoodDetails/66e3f158ebbcf3a47b4e768e\",\"status\":\"304\",\"responseTime\":\"289.772\"}","timestamp":"2024-11-06T07:16:55.223Z"}
{"level":"info","message":"{\"method\":\"GET\",\"url\":\"/v1/api/vendor/unread-count\",\"status\":\"304\",\"responseTime\":\"622.905\"}","timestamp":"2024-11-06T07:16:55.229Z"}
{"level":"info","message":"{\"method\":\"GET\",\"url\":\"/v1/api/vendor/fetchReviews/66e3f158ebbcf3a47b4e768e\",\"status\":\"304\",\"responseTime\":\"306.875\"}","timestamp":"2024-11-06T07:16:55.231Z"}
{"level":"info","message":"{\"method\":\"GET\",\"url\":\"/v1/api/vendor/fetchReviews/66e3f158ebbcf3a47b4e768e\",\"status\":\"304\",\"responseTime\":\"372.191\"}","timestamp":"2024-11-06T07:16:55.606Z"}
{"level":"info","message":"{\"method\":\"GET\",\"url\":\"/v1/api/vendor/fetchDetailsVendor/66e3f158ebbcf3a47b4e768e\",\"status\":\"304\",\"responseTime\":\"54.239\"}","timestamp":"2024-11-06T07:16:59.185Z"}
{"level":"info","message":"{\"method\":\"GET\",\"url\":\"/v1/api/vendor/unread-count\",\"status\":\"304\",\"responseTime\":\"99.709\"}","timestamp":"2024-11-06T07:16:59.188Z"}
{"level":"info","message":"{\"method\":\"GET\",\"url\":\"/v1/api/vendor/fetchAuditoriumDetails/66e3f158ebbcf3a47b4e768e\",\"status\":\"304\",\"responseTime\":\"49.517\"}","timestamp":"2024-11-06T07:16:59.240Z"}
{"level":"info","message":"{\"method\":\"GET\",\"url\":\"/v1/api/vendor/fetchFoodDetails/66e3f158ebbcf3a47b4e768e\",\"status\":\"304\",\"responseTime\":\"93.574\"}","timestamp":"2024-11-06T07:16:59.343Z"}
{"level":"info","message":"{\"method\":\"GET\",\"url\":\"/v1/api/vendor/fetchReviews/66e3f158ebbcf3a47b4e768e\",\"status\":\"304\",\"responseTime\":\"47.748\"}","timestamp":"2024-11-06T07:16:59.395Z"}
{"level":"info","message":"{\"method\":\"GET\",\"url\":\"/v1/api/vendor/fetchDetailsVendor/66e3f158ebbcf3a47b4e768e\",\"status\":\"304\",\"responseTime\":\"161.126\"}","timestamp":"2024-11-06T07:17:03.079Z"}
{"level":"info","message":"{\"method\":\"GET\",\"url\":\"/v1/api/vendor/unread-count\",\"status\":\"304\",\"responseTime\":\"503.891\"}","timestamp":"2024-11-06T07:17:03.388Z"}
{"level":"info","message":"{\"method\":\"GET\",\"url\":\"/v1/api/vendor/fetchAuditoriumDetails/66e3f158ebbcf3a47b4e768e\",\"status\":\"304\",\"responseTime\":\"306.703\"}","timestamp":"2024-11-06T07:17:03.395Z"}
{"level":"info","message":"{\"method\":\"GET\",\"url\":\"/v1/api/vendor/fetchFoodDetails/66e3f158ebbcf3a47b4e768e\",\"status\":\"304\",\"responseTime\":\"919.290\"}","timestamp":"2024-11-06T07:17:04.318Z"}
{"level":"info","message":"{\"method\":\"GET\",\"url\":\"/v1/api/vendor/fetchReviews/66e3f158ebbcf3a47b4e768e\",\"status\":\"304\",\"responseTime\":\"235.199\"}","timestamp":"2024-11-06T07:17:04.559Z"}
{"level":"info","message":"{\"method\":\"GET\",\"url\":\"/v1/api/vendor/unread-count\",\"status\":\"304\",\"responseTime\":\"521.376\"}","timestamp":"2024-11-06T07:17:09.118Z"}
{"level":"info","message":"{\"method\":\"GET\",\"url\":\"/v1/api/vendor/getPresignedUrl?fileName=Screenshot+2024-10-19+101003.png&fileType=image%2Fpng\",\"status\":\"400\",\"responseTime\":\"19.430\"}","timestamp":"2024-11-06T07:17:13.110Z"}
{"level":"info","message":"{\"method\":\"POST\",\"url\":\"/v1/api/vendor/addDishes\",\"status\":\"200\",\"responseTime\":\"1836.279\"}","timestamp":"2024-11-06T07:17:26.854Z"}
{"level":"info","message":"{\"method\":\"GET\",\"url\":\"/v1/api/vendor/fetchDetailsVendor/66e3f158ebbcf3a47b4e768e\",\"status\":\"304\",\"responseTime\":\"143.542\"}","timestamp":"2024-11-06T07:17:30.758Z"}
{"level":"info","message":"{\"method\":\"GET\",\"url\":\"/v1/api/vendor/unread-count\",\"status\":\"304\",\"responseTime\":\"195.312\"}","timestamp":"2024-11-06T07:17:30.806Z"}
{"level":"info","message":"{\"method\":\"GET\",\"url\":\"/v1/api/vendor/fetchAuditoriumDetails/66e3f158ebbcf3a47b4e768e\",\"status\":\"304\",\"responseTime\":\"55.619\"}","timestamp":"2024-11-06T07:17:30.821Z"}
{"level":"info","message":"{\"method\":\"GET\",\"url\":\"/v1/api/vendor/fetchDetailsVendor/66e3f158ebbcf3a47b4e768e\",\"status\":\"304\",\"responseTime\":\"63.058\"}","timestamp":"2024-11-06T07:17:30.826Z"}
{"level":"info","message":"{\"method\":\"GET\",\"url\":\"/v1/api/vendor/fetchAuditoriumDetails/66e3f158ebbcf3a47b4e768e\",\"status\":\"304\",\"responseTime\":\"56.628\"}","timestamp":"2024-11-06T07:17:30.891Z"}
{"level":"info","message":"{\"method\":\"GET\",\"url\":\"/v1/api/vendor/unread-count\",\"status\":\"304\",\"responseTime\":\"227.455\"}","timestamp":"2024-11-06T07:17:31.037Z"}
{"level":"info","message":"{\"method\":\"GET\",\"url\":\"/v1/api/vendor/fetchFoodDetails/66e3f158ebbcf3a47b4e768e\",\"status\":\"200\",\"responseTime\":\"435.011\"}","timestamp":"2024-11-06T07:17:31.263Z"}
{"level":"info","message":"{\"method\":\"GET\",\"url\":\"/v1/api/vendor/fetchReviews/66e3f158ebbcf3a47b4e768e\",\"status\":\"304\",\"responseTime\":\"74.428\"}","timestamp":"2024-11-06T07:17:31.347Z"}
{"level":"info","message":"{\"method\":\"GET\",\"url\":\"/v1/api/vendor/fetchFoodDetails/66e3f158ebbcf3a47b4e768e\",\"status\":\"304\",\"responseTime\":\"412.168\"}","timestamp":"2024-11-06T07:17:31.678Z"}
{"level":"info","message":"{\"method\":\"GET\",\"url\":\"/v1/api/vendor/fetchReviews/66e3f158ebbcf3a47b4e768e\",\"status\":\"304\",\"responseTime\":\"184.488\"}","timestamp":"2024-11-06T07:17:31.868Z"}
{"level":"info","message":"{\"method\":\"GET\",\"url\":\"/v1/api/vendor/fetchDetailsVendor/66e3f158ebbcf3a47b4e768e\",\"status\":\"304\",\"responseTime\":\"244.997\"}","timestamp":"2024-11-06T07:17:36.557Z"}
{"level":"info","message":"{\"method\":\"GET\",\"url\":\"/v1/api/vendor/unread-count\",\"status\":\"304\",\"responseTime\":\"390.664\"}","timestamp":"2024-11-06T07:17:36.672Z"}
{"level":"info","message":"{\"method\":\"GET\",\"url\":\"/v1/api/vendor/fetchAuditoriumDetails/66e3f158ebbcf3a47b4e768e\",\"status\":\"304\",\"responseTime\":\"119.131\"}","timestamp":"2024-11-06T07:17:36.681Z"}
{"level":"info","message":"{\"method\":\"GET\",\"url\":\"/v1/api/vendor/fetchFoodDetails/66e3f158ebbcf3a47b4e768e\",\"status\":\"304\",\"responseTime\":\"424.931\"}","timestamp":"2024-11-06T07:17:37.111Z"}
{"level":"info","message":"{\"method\":\"GET\",\"url\":\"/v1/api/vendor/fetchReviews/66e3f158ebbcf3a47b4e768e\",\"status\":\"304\",\"responseTime\":\"56.280\"}","timestamp":"2024-11-06T07:17:37.173Z"}
{"level":"info","message":"{\"method\":\"GET\",\"url\":\"/v1/api/vendor/unread-count\",\"status\":\"304\",\"responseTime\":\"91.454\"}","timestamp":"2024-11-06T07:17:49.096Z"}
{"level":"info","message":"{\"method\":\"GET\",\"url\":\"/v1/api/vendor/getPresignedUrl?fileName=funny-404-error-page-design-260nw-1963020253.webp&fileType=image%2Fwebp\",\"status\":\"400\",\"responseTime\":\"12.256\"}","timestamp":"2024-11-06T07:17:54.659Z"}
{"level":"info","message":"{\"method\":\"POST\",\"url\":\"/v1/api/vendor/addAuditorium\",\"status\":\"200\",\"responseTime\":\"218.166\"}","timestamp":"2024-11-06T07:18:03.414Z"}
{"level":"info","message":"{\"method\":\"GET\",\"url\":\"/v1/api/vendor/fetchDetailsVendor/66e3f158ebbcf3a47b4e768e\",\"status\":\"304\",\"responseTime\":\"65.481\"}","timestamp":"2024-11-06T07:18:06.191Z"}
{"level":"info","message":"{\"method\":\"GET\",\"url\":\"/v1/api/vendor/unread-count\",\"status\":\"304\",\"responseTime\":\"111.801\"}","timestamp":"2024-11-06T07:18:06.232Z"}
{"level":"info","message":"{\"method\":\"GET\",\"url\":\"/v1/api/vendor/fetchAuditoriumDetails/66e3f158ebbcf3a47b4e768e\",\"status\":\"200\",\"responseTime\":\"53.424\"}","timestamp":"2024-11-06T07:18:06.251Z"}
{"level":"info","message":"{\"method\":\"GET\",\"url\":\"/v1/api/vendor/fetchDetailsVendor/66e3f158ebbcf3a47b4e768e\",\"status\":\"304\",\"responseTime\":\"59.709\"}","timestamp":"2024-11-06T07:18:06.254Z"}
{"level":"info","message":"{\"method\":\"GET\",\"url\":\"/v1/api/vendor/fetchAuditoriumDetails/66e3f158ebbcf3a47b4e768e\",\"status\":\"304\",\"responseTime\":\"125.026\"}","timestamp":"2024-11-06T07:18:06.391Z"}
{"level":"info","message":"{\"method\":\"GET\",\"url\":\"/v1/api/vendor/fetchFoodDetails/66e3f158ebbcf3a47b4e768e\",\"status\":\"304\",\"responseTime\":\"224.644\"}","timestamp":"2024-11-06T07:18:06.484Z"}
{"level":"info","message":"{\"method\":\"GET\",\"url\":\"/v1/api/vendor/unread-count\",\"status\":\"304\",\"responseTime\":\"251.617\"}","timestamp":"2024-11-06T07:18:06.487Z"}
{"level":"info","message":"{\"method\":\"GET\",\"url\":\"/v1/api/vendor/fetchReviews/66e3f158ebbcf3a47b4e768e\",\"status\":\"304\",\"responseTime\":\"179.270\"}","timestamp":"2024-11-06T07:18:06.671Z"}
{"level":"info","message":"{\"method\":\"GET\",\"url\":\"/v1/api/vendor/fetchFoodDetails/66e3f158ebbcf3a47b4e768e\",\"status\":\"304\",\"responseTime\":\"314.585\"}","timestamp":"2024-11-06T07:18:06.804Z"}
{"level":"info","message":"{\"method\":\"GET\",\"url\":\"/v1/api/vendor/fetchReviews/66e3f158ebbcf3a47b4e768e\",\"status\":\"304\",\"responseTime\":\"266.576\"}","timestamp":"2024-11-06T07:18:07.076Z"}
{"level":"info","message":"{\"method\":\"GET\",\"url\":\"/v1/api/vendor/fetchDetailsVendor/66e3f158ebbcf3a47b4e768e\",\"status\":\"304\",\"responseTime\":\"155.310\"}","timestamp":"2024-11-06T07:18:14.151Z"}
{"level":"info","message":"{\"method\":\"GET\",\"url\":\"/v1/api/vendor/fetchAuditoriumDetails/66e3f158ebbcf3a47b4e768e\",\"status\":\"304\",\"responseTime\":\"212.108\"}","timestamp":"2024-11-06T07:18:14.369Z"}
{"level":"info","message":"{\"method\":\"GET\",\"url\":\"/v1/api/vendor/unread-count\",\"status\":\"304\",\"responseTime\":\"417.949\"}","timestamp":"2024-11-06T07:18:14.373Z"}
{"level":"info","message":"{\"method\":\"GET\",\"url\":\"/v1/api/vendor/fetchFoodDetails/66e3f158ebbcf3a47b4e768e\",\"status\":\"304\",\"responseTime\":\"514.259\"}","timestamp":"2024-11-06T07:18:14.890Z"}
{"level":"info","message":"{\"method\":\"GET\",\"url\":\"/v1/api/vendor/fetchReviews/66e3f158ebbcf3a47b4e768e\",\"status\":\"304\",\"responseTime\":\"176.438\"}","timestamp":"2024-11-06T07:18:15.073Z"}
{"level":"info","message":"{\"method\":\"GET\",\"url\":\"/v1/api/vendor/fetchDetailsVendor/66e3f158ebbcf3a47b4e768e\",\"status\":\"304\",\"responseTime\":\"61.268\"}","timestamp":"2024-11-06T07:18:35.956Z"}
{"level":"info","message":"{\"method\":\"GET\",\"url\":\"/v1/api/vendor/unread-count\",\"status\":\"304\",\"responseTime\":\"122.760\"}","timestamp":"2024-11-06T07:18:35.958Z"}
{"level":"info","message":"{\"method\":\"GET\",\"url\":\"/v1/api/vendor/fetchAuditoriumDetails/66e3f158ebbcf3a47b4e768e\",\"status\":\"304\",\"responseTime\":\"51.391\"}","timestamp":"2024-11-06T07:18:36.013Z"}
{"level":"info","message":"{\"method\":\"GET\",\"url\":\"/v1/api/vendor/fetchFoodDetails/66e3f158ebbcf3a47b4e768e\",\"status\":\"304\",\"responseTime\":\"107.043\"}","timestamp":"2024-11-06T07:18:36.127Z"}
{"level":"info","message":"{\"method\":\"GET\",\"url\":\"/v1/api/vendor/fetchReviews/66e3f158ebbcf3a47b4e768e\",\"status\":\"304\",\"responseTime\":\"49.688\"}","timestamp":"2024-11-06T07:18:36.186Z"}
{"level":"info","message":"{\"method\":\"GET\",\"url\":\"/v1/api/vendor/fetchDetailsVendor/66e3f158ebbcf3a47b4e768e\",\"status\":\"304\",\"responseTime\":\"255.408\"}","timestamp":"2024-11-06T07:19:40.888Z"}
{"level":"info","message":"{\"method\":\"GET\",\"url\":\"/v1/api/vendor/unread-count\",\"status\":\"304\",\"responseTime\":\"352.845\"}","timestamp":"2024-11-06T07:19:40.934Z"}
{"level":"info","message":"{\"method\":\"GET\",\"url\":\"/v1/api/vendor/fetchAuditoriumDetails/66e3f158ebbcf3a47b4e768e\",\"status\":\"304\",\"responseTime\":\"55.698\"}","timestamp":"2024-11-06T07:19:40.952Z"}
{"level":"info","message":"{\"method\":\"GET\",\"url\":\"/v1/api/vendor/fetchFoodDetails/66e3f158ebbcf3a47b4e768e\",\"status\":\"304\",\"responseTime\":\"493.330\"}","timestamp":"2024-11-06T07:19:41.458Z"}
{"level":"info","message":"{\"method\":\"GET\",\"url\":\"/v1/api/vendor/fetchReviews/66e3f158ebbcf3a47b4e768e\",\"status\":\"304\",\"responseTime\":\"148.946\"}","timestamp":"2024-11-06T07:19:41.615Z"}
{"level":"info","message":"{\"method\":\"GET\",\"url\":\"/v1/api/vendor/fetchDetailsVendor/66e3f158ebbcf3a47b4e768e\",\"status\":\"304\",\"responseTime\":\"232.682\"}","timestamp":"2024-11-06T07:20:57.591Z"}
{"level":"info","message":"{\"method\":\"GET\",\"url\":\"/v1/api/vendor/unread-count\",\"status\":\"304\",\"responseTime\":\"329.954\"}","timestamp":"2024-11-06T07:20:57.654Z"}
{"level":"info","message":"{\"method\":\"GET\",\"url\":\"/v1/api/vendor/fetchAuditoriumDetails/66e3f158ebbcf3a47b4e768e\",\"status\":\"304\",\"responseTime\":\"70.609\"}","timestamp":"2024-11-06T07:20:57.671Z"}
{"level":"info","message":"{\"method\":\"GET\",\"url\":\"/v1/api/vendor/fetchFoodDetails/66e3f158ebbcf3a47b4e768e\",\"status\":\"200\",\"responseTime\":\"274.373\"}","timestamp":"2024-11-06T07:20:57.952Z"}
{"level":"info","message":"{\"method\":\"GET\",\"url\":\"/v1/api/vendor/fetchReviews/66e3f158ebbcf3a47b4e768e\",\"status\":\"304\",\"responseTime\":\"47.427\"}","timestamp":"2024-11-06T07:20:58.005Z"}
{"level":"info","message":"{\"method\":\"PATCH\",\"url\":\"/v1/api/vendor/dishes/672b17e027fbbd34f3244c85\",\"status\":\"200\",\"responseTime\":\"148.362\"}","timestamp":"2024-11-06T07:21:03.058Z"}
{"level":"info","message":"{\"method\":\"GET\",\"url\":\"/v1/api/vendor/fetchFoodDetails/66e3f158ebbcf3a47b4e768e\",\"status\":\"200\",\"responseTime\":\"98.924\"}","timestamp":"2024-11-06T07:21:03.161Z"}
{"level":"info","message":"{\"method\":\"GET\",\"url\":\"/v1/api/vendor/getPresignedUrl?fileName=four-bridesmaids-bouquets-wearing-cowboy-boots-country-themed-wedding-bridesmaids-cowboy-boots-rustic-porch-108420596.jpg&fileType=image%2Fjpeg\",\"status\":\"400\",\"responseTime\":\"102.420\"}","timestamp":"2024-11-06T07:21:25.386Z"}
{"level":"info","message":"{\"method\":\"GET\",\"url\":\"/v1/api/vendor/getPresignedUrl?fileName=wgwtjhvnsjnax4k6rdqw.jpg&fileType=image%2Fjpeg\",\"status\":\"400\",\"responseTime\":\"13.587\"}","timestamp":"2024-11-06T07:21:25.409Z"}
{"level":"info","message":"{\"method\":\"GET\",\"url\":\"/v1/api/vendor/getPresignedUrl?fileName=dd9f9e_2361aff91c1c49a28fb5887cdd7325e3~mv2.webp&fileType=image%2Fwebp\",\"status\":\"400\",\"responseTime\":\"13.219\"}","timestamp":"2024-11-06T07:21:25.429Z"}
{"level":"info","message":"{\"method\":\"GET\",\"url\":\"/v1/api/vendor/getPresignedUrl?fileName=PXL_20241008_101954759.jpg&fileType=image%2Fjpeg\",\"status\":\"400\",\"responseTime\":\"14.052\"}","timestamp":"2024-11-06T07:21:25.450Z"}
{"level":"info","message":"{\"method\":\"POST\",\"url\":\"/v1/api/vendor/serviceImage/\",\"status\":\"200\",\"responseTime\":\"395.942\"}","timestamp":"2024-11-06T07:21:25.856Z"}
{"level":"info","message":"{\"method\":\"GET\",\"url\":\"/v1/api/vendor/getPresignedUrl?fileName=554027_11171962_2116301_e75f6566_image.jpg&fileType=image%2Fjpeg\",\"status\":\"400\",\"responseTime\":\"15.482\"}","timestamp":"2024-11-06T07:21:49.358Z"}
{"level":"info","message":"{\"method\":\"GET\",\"url\":\"/v1/api/vendor/getPresignedUrl?fileName=original-0cbb6bff04a9bc70f88f9e4a5a683352.png&fileType=image%2Fpng\",\"status\":\"400\",\"responseTime\":\"21.962\"}","timestamp":"2024-11-06T07:21:49.397Z"}
{"level":"info","message":"{\"method\":\"POST\",\"url\":\"/v1/api/vendor/serviceImage/\",\"status\":\"200\",\"responseTime\":\"104.949\"}","timestamp":"2024-11-06T07:21:49.518Z"}
{"level":"info","message":"{\"method\":\"GET\",\"url\":\"/v1/api/user/vendors\",\"status\":\"200\",\"responseTime\":\"64.099\"}","timestamp":"2024-11-06T07:22:40.046Z"}
{"level":"info","message":"{\"method\":\"GET\",\"url\":\"/v1/api/user/vendors\",\"status\":\"304\",\"responseTime\":\"375.070\"}","timestamp":"2024-11-06T07:23:00.004Z"}
{"level":"info","message":"{\"method\":\"GET\",\"url\":\"/v1/api/user/vendors\",\"status\":\"304\",\"responseTime\":\"267.362\"}","timestamp":"2024-11-06T07:23:00.362Z"}
{"level":"info","message":"{\"method\":\"POST\",\"url\":\"/v1/api/user/login\",\"status\":\"200\",\"responseTime\":\"301.224\"}","timestamp":"2024-11-06T07:23:51.561Z"}
{"level":"info","message":"{\"method\":\"GET\",\"url\":\"/v1/api/user/vendors\",\"status\":\"304\",\"responseTime\":\"55.168\"}","timestamp":"2024-11-06T07:23:53.194Z"}
{"level":"info","message":"{\"method\":\"GET\",\"url\":\"/v1/api/user/vendors\",\"status\":\"304\",\"responseTime\":\"52.787\"}","timestamp":"2024-11-06T07:23:56.650Z"}
{"level":"info","message":"{\"method\":\"GET\",\"url\":\"/v1/api/user/vendors\",\"status\":\"304\",\"responseTime\":\"45.943\"}","timestamp":"2024-11-06T07:23:56.699Z"}
{"level":"info","message":"{\"method\":\"GET\",\"url\":\"/v1/api/user/fetchReview?vendorId=66e3f158ebbcf3a47b4e768e&userId=67169bd88848b78cf8031e7c\",\"status\":\"200\",\"responseTime\":\"63.293\"}","timestamp":"2024-11-06T07:24:08.763Z"}
{"level":"info","message":"{\"method\":\"GET\",\"url\":\"/v1/api/user/fetchVendorDetails?vendorId=66e3f158ebbcf3a47b4e768e&userId=67169bd88848b78cf8031e7c\",\"status\":\"200\",\"responseTime\":\"105.560\"}","timestamp":"2024-11-06T07:24:08.788Z"}
{"level":"info","message":"{\"method\":\"GET\",\"url\":\"/v1/api/user/fetchReview?vendorId=66e3f158ebbcf3a47b4e768e&userId=67169bd88848b78cf8031e7c\",\"status\":\"304\",\"responseTime\":\"308.942\"}","timestamp":"2024-11-06T07:24:59.995Z"}
{"level":"info","message":"{\"method\":\"GET\",\"url\":\"/v1/api/user/fetchVendorDetails?vendorId=66e3f158ebbcf3a47b4e768e&userId=67169bd88848b78cf8031e7c\",\"status\":\"304\",\"responseTime\":\"354.097\"}","timestamp":"2024-11-06T07:25:00.037Z"}
{"level":"info","message":"{\"method\":\"GET\",\"url\":\"/v1/api/user/fetchReview?vendorId=66e3f158ebbcf3a47b4e768e&userId=67169bd88848b78cf8031e7c\",\"status\":\"200\",\"responseTime\":\"215.113\"}","timestamp":"2024-11-06T07:25:16.099Z"}
{"level":"info","message":"{\"method\":\"GET\",\"url\":\"/v1/api/user/fetchVendorDetails?vendorId=66e3f158ebbcf3a47b4e768e&userId=67169bd88848b78cf8031e7c\",\"status\":\"200\",\"responseTime\":\"262.292\"}","timestamp":"2024-11-06T07:25:16.140Z"}
{"level":"info","message":"{\"method\":\"GET\",\"url\":\"/v1/api/user/fetchReview?vendorId=66e3f158ebbcf3a47b4e768e&userId=67169bd88848b78cf8031e7c\",\"status\":\"200\",\"responseTime\":\"55.062\"}","timestamp":"2024-11-06T07:25:46.459Z"}
{"level":"info","message":"{\"method\":\"GET\",\"url\":\"/v1/api/user/fetchVendorDetails?vendorId=66e3f158ebbcf3a47b4e768e&userId=67169bd88848b78cf8031e7c\",\"status\":\"200\",\"responseTime\":\"100.020\"}","timestamp":"2024-11-06T07:25:46.496Z"}
{"level":"info","message":"{\"method\":\"GET\",\"url\":\"/v1/api/vendor/getPresignedUrl?fileName=funny-404-error-page-design-260nw-1963020253.webp&fileType=image%2Fwebp\",\"status\":\"400\",\"responseTime\":\"49.228\"}","timestamp":"2024-11-06T07:25:54.009Z"}
{"level":"info","message":"{\"method\":\"GET\",\"url\":\"/v1/api/vendor/getPresignedUrl?fileName=download.jpg&fileType=image%2Fjpeg\",\"status\":\"400\",\"responseTime\":\"8.742\"}","timestamp":"2024-11-06T07:25:54.036Z"}
{"level":"info","message":"{\"method\":\"GET\",\"url\":\"/v1/api/vendor/getPresignedUrl?fileName=554027_11171962_2116301_e75f6566_image.jpg&fileType=image%2Fjpeg\",\"status\":\"400\",\"responseTime\":\"10.335\"}","timestamp":"2024-11-06T07:25:54.078Z"}
{"level":"info","message":"{\"method\":\"GET\",\"url\":\"/v1/api/vendor/getPresignedUrl?fileName=original-0cbb6bff04a9bc70f88f9e4a5a683352.png&fileType=image%2Fpng\",\"status\":\"400\",\"responseTime\":\"10.382\"}","timestamp":"2024-11-06T07:25:54.097Z"}
{"level":"info","message":"{\"method\":\"GET\",\"url\":\"/v1/api/vendor/getPresignedUrl?fileName=1600w-9uq8B--Pjcs.webp&fileType=image%2Fwebp\",\"status\":\"400\",\"responseTime\":\"10.657\"}","timestamp":"2024-11-06T07:25:54.116Z"}
{"level":"info","message":"{\"method\":\"GET\",\"url\":\"/v1/api/vendor/getPresignedUrl?fileName=plaenty_logo.png&fileType=image%2Fpng\",\"status\":\"400\",\"responseTime\":\"6.053\"}","timestamp":"2024-11-06T07:25:54.135Z"}
{"level":"info","message":"{\"method\":\"GET\",\"url\":\"/v1/api/vendor/getPresignedUrl?fileName=images.jpg&fileType=image%2Fjpeg\",\"status\":\"400\",\"responseTime\":\"7.072\"}","timestamp":"2024-11-06T07:25:54.150Z"}
{"level":"info","message":"{\"method\":\"POST\",\"url\":\"/v1/api/vendor/serviceImage/\",\"status\":\"200\",\"responseTime\":\"705.761\"}","timestamp":"2024-11-06T07:25:54.875Z"}
{"level":"info","message":"{\"method\":\"GET\",\"url\":\"/v1/api/vendor/getPresignedUrl?fileName=download.jpg&fileType=image%2Fjpeg\",\"status\":\"400\",\"responseTime\":\"68.392\"}","timestamp":"2024-11-06T07:34:46.228Z"}
{"level":"info","message":"{\"method\":\"GET\",\"url\":\"/v1/api/vendor/getPresignedUrl?fileName=554027_11171962_2116301_e75f6566_image.jpg&fileType=image%2Fjpeg\",\"status\":\"400\",\"responseTime\":\"18.479\"}","timestamp":"2024-11-06T07:34:46.266Z"}
{"level":"info","message":"{\"method\":\"GET\",\"url\":\"/v1/api/vendor/getPresignedUrl?fileName=original-0cbb6bff04a9bc70f88f9e4a5a683352.png&fileType=image%2Fpng\",\"status\":\"400\",\"responseTime\":\"19.523\"}","timestamp":"2024-11-06T07:34:46.345Z"}
{"level":"info","message":"{\"method\":\"GET\",\"url\":\"/v1/api/vendor/getPresignedUrl?fileName=1600w-9uq8B--Pjcs.webp&fileType=image%2Fwebp\",\"status\":\"400\",\"responseTime\":\"23.144\"}","timestamp":"2024-11-06T07:34:46.391Z"}
{"level":"info","message":"{\"method\":\"GET\",\"url\":\"/v1/api/vendor/getPresignedUrl?fileName=plaenty_logo.png&fileType=image%2Fpng\",\"status\":\"400\",\"responseTime\":\"18.488\"}","timestamp":"2024-11-06T07:34:46.418Z"}
{"level":"info","message":"{\"method\":\"POST\",\"url\":\"/v1/api/vendor/serviceImage/\",\"status\":\"200\",\"responseTime\":\"149.096\"}","timestamp":"2024-11-06T07:34:46.590Z"}
{"level":"info","message":"{\"method\":\"GET\",\"url\":\"/v1/api/user/fetchReview?vendorId=66e3f158ebbcf3a47b4e768e&userId=67169bd88848b78cf8031e7c\",\"status\":\"200\",\"responseTime\":\"330.502\"}","timestamp":"2024-11-06T07:34:58.093Z"}
{"level":"info","message":"{\"method\":\"GET\",\"url\":\"/v1/api/user/fetchVendorDetails?vendorId=66e3f158ebbcf3a47b4e768e&userId=67169bd88848b78cf8031e7c\",\"status\":\"200\",\"responseTime\":\"376.933\"}","timestamp":"2024-11-06T07:34:58.130Z"}
{"level":"info","message":"{\"method\":\"GET\",\"url\":\"/v1/api/user/vendors\",\"status\":\"200\",\"responseTime\":\"185.127\"}","timestamp":"2024-11-06T07:36:40.185Z"}
{"level":"info","message":"{\"method\":\"GET\",\"url\":\"/v1/api/user/vendors\",\"status\":\"200\",\"responseTime\":\"237.735\"}","timestamp":"2024-11-06T07:36:40.194Z"}
{"level":"info","message":"{\"method\":\"GET\",\"url\":\"/v1/api/user/fetchReview?vendorId=66e3f158ebbcf3a47b4e768e&userId=67169bd88848b78cf8031e7c\",\"status\":\"200\",\"responseTime\":\"214.742\"}","timestamp":"2024-11-06T07:36:40.506Z"}
{"level":"info","message":"{\"method\":\"GET\",\"url\":\"/v1/api/user/fetchVendorDetails?vendorId=66e3f158ebbcf3a47b4e768e&userId=67169bd88848b78cf8031e7c\",\"status\":\"200\",\"responseTime\":\"662.267\"}","timestamp":"2024-11-06T07:36:40.944Z"}
{"level":"info","message":"{\"method\":\"GET\",\"url\":\"/v1/api/user/vendors\",\"status\":\"200\",\"responseTime\":\"205.408\"}","timestamp":"2024-11-06T07:36:50.118Z"}
{"level":"info","message":"{\"method\":\"GET\",\"url\":\"/v1/api/user/vendors\",\"status\":\"200\",\"responseTime\":\"217.395\"}","timestamp":"2024-11-06T07:36:50.136Z"}
{"level":"info","message":"{\"method\":\"GET\",\"url\":\"/v1/api/user/vendors\",\"status\":\"200\",\"responseTime\":\"56.381\"}","timestamp":"2024-11-06T07:36:54.761Z"}
{"level":"info","message":"{\"method\":\"GET\",\"url\":\"/v1/api/user/vendors\",\"status\":\"200\",\"responseTime\":\"58.713\"}","timestamp":"2024-11-06T07:36:54.769Z"}
{"level":"info","message":"{\"method\":\"GET\",\"url\":\"/v1/api/user/vendors\",\"status\":\"304\",\"responseTime\":\"638.658\"}","timestamp":"2024-11-06T07:37:19.187Z"}
{"level":"info","message":"{\"method\":\"GET\",\"url\":\"/v1/api/user/vendors\",\"status\":\"304\",\"responseTime\":\"155.362\"}","timestamp":"2024-11-06T07:37:19.344Z"}
{"level":"info","message":"{\"method\":\"GET\",\"url\":\"/v1/api/vendor/unread-count\",\"status\":\"401\",\"responseTime\":\"4.337\"}","timestamp":"2024-11-06T07:37:43.324Z"}
{"level":"info","message":"{\"method\":\"POST\",\"url\":\"/v1/api/vendor/login\",\"status\":\"200\",\"responseTime\":\"203.750\"}","timestamp":"2024-11-06T07:37:47.384Z"}
{"level":"info","message":"{\"method\":\"GET\",\"url\":\"/v1/api/vendor/unread-count\",\"status\":\"304\",\"responseTime\":\"234.353\"}","timestamp":"2024-11-06T07:37:50.865Z"}
{"level":"info","message":"{\"method\":\"GET\",\"url\":\"/v1/api/vendor/fetchDetailsVendor/6718a1cb71257803e144bebb\",\"status\":\"200\",\"responseTime\":\"343.131\"}","timestamp":"2024-11-06T07:37:50.983Z"}
{"level":"info","message":"{\"method\":\"GET\",\"url\":\"/v1/api/vendor/unread-count\",\"status\":\"304\",\"responseTime\":\"61.558\"}","timestamp":"2024-11-06T07:37:51.052Z"}
{"level":"info","message":"{\"method\":\"GET\",\"url\":\"/v1/api/vendor/fetchDetailsVendor/6718a1cb71257803e144bebb\",\"status\":\"304\",\"responseTime\":\"43.622\"}","timestamp":"2024-11-06T07:37:51.066Z"}
{"level":"info","message":"{\"method\":\"GET\",\"url\":\"/v1/api/vendor/fetchAuditoriumDetails/6718a1cb71257803e144bebb\",\"status\":\"404\",\"responseTime\":\"54.603\"}","timestamp":"2024-11-06T07:37:51.081Z"}
{"level":"info","message":"{\"method\":\"GET\",\"url\":\"/v1/api/vendor/fetchAuditoriumDetails/6718a1cb71257803e144bebb\",\"status\":\"404\",\"responseTime\":\"37.525\"}","timestamp":"2024-11-06T07:37:51.121Z"}
{"level":"info","message":"{\"method\":\"GET\",\"url\":\"/v1/api/vendor/fetchFoodDetails/6718a1cb71257803e144bebb\",\"status\":\"404\",\"responseTime\":\"49.642\"}","timestamp":"2024-11-06T07:37:51.143Z"}
{"level":"info","message":"{\"method\":\"GET\",\"url\":\"/v1/api/vendor/fetchFoodDetails/6718a1cb71257803e144bebb\",\"status\":\"404\",\"responseTime\":\"36.264\"}","timestamp":"2024-11-06T07:37:51.184Z"}
{"level":"info","message":"{\"method\":\"GET\",\"url\":\"/v1/api/vendor/fetchReviews/6718a1cb71257803e144bebb\",\"status\":\"200\",\"responseTime\":\"40.901\"}","timestamp":"2024-11-06T07:37:51.196Z"}
{"level":"info","message":"{\"method\":\"GET\",\"url\":\"/v1/api/vendor/fetchReviews/6718a1cb71257803e144bebb\",\"status\":\"304\",\"responseTime\":\"40.106\"}","timestamp":"2024-11-06T07:37:51.239Z"}
{"level":"info","message":"{\"method\":\"GET\",\"url\":\"/v1/api/vendor/unread-count\",\"status\":\"304\",\"responseTime\":\"345.537\"}","timestamp":"2024-11-06T07:38:06.681Z"}
{"level":"info","message":"{\"method\":\"GET\",\"url\":\"/v1/api/vendor/unread-count\",\"status\":\"304\",\"responseTime\":\"209.994\"}","timestamp":"2024-11-06T07:38:06.904Z"}
{"level":"info","message":"{\"method\":\"GET\",\"url\":\"/v1/api/vendor/getPresignedUrl?fileName=360_F_289109276_jABQkVhMjnJbg96vp8biFbh4Cj034ewe.jpg&fileType=image%2Fjpeg\",\"status\":\"400\",\"responseTime\":\"12.400\"}","timestamp":"2024-11-06T07:38:14.274Z"}
{"level":"info","message":"{\"method\":\"PATCH\",\"url\":\"/v1/api/vendor/editVendorDetails\",\"status\":\"200\",\"responseTime\":\"494.799\"}","timestamp":"2024-11-06T07:38:15.915Z"}
{"level":"info","message":"{\"method\":\"GET\",\"url\":\"/v1/api/vendor/unread-count\",\"status\":\"304\",\"responseTime\":\"40.330\"}","timestamp":"2024-11-06T07:38:20.199Z"}
{"level":"info","message":"{\"method\":\"GET\",\"url\":\"/v1/api/vendor/fetchDetailsVendor/6718a1cb71257803e144bebb\",\"status\":\"304\",\"responseTime\":\"43.623\"}","timestamp":"2024-11-06T07:38:20.209Z"}
{"level":"info","message":"{\"method\":\"GET\",\"url\":\"/v1/api/vendor/unread-count\",\"status\":\"304\",\"responseTime\":\"44.816\"}","timestamp":"2024-11-06T07:38:20.260Z"}
{"level":"info","message":"{\"method\":\"GET\",\"url\":\"/v1/api/vendor/fetchDetailsVendor/6718a1cb71257803e144bebb\",\"status\":\"304\",\"responseTime\":\"37.559\"}","timestamp":"2024-11-06T07:38:20.267Z"}
{"level":"info","message":"{\"method\":\"GET\",\"url\":\"/v1/api/vendor/fetchAuditoriumDetails/6718a1cb71257803e144bebb\",\"status\":\"404\",\"responseTime\":\"37.910\"}","timestamp":"2024-11-06T07:38:20.270Z"}
{"level":"info","message":"{\"method\":\"GET\",\"url\":\"/v1/api/vendor/fetchAuditoriumDetails/6718a1cb71257803e144bebb\",\"status\":\"404\",\"responseTime\":\"40.131\"}","timestamp":"2024-11-06T07:38:20.315Z"}
{"level":"info","message":"{\"method\":\"GET\",\"url\":\"/v1/api/vendor/fetchFoodDetails/6718a1cb71257803e144bebb\",\"status\":\"404\",\"responseTime\":\"41.118\"}","timestamp":"2024-11-06T07:38:20.330Z"}
{"level":"info","message":"{\"method\":\"GET\",\"url\":\"/v1/api/vendor/fetchFoodDetails/6718a1cb71257803e144bebb\",\"status\":\"404\",\"responseTime\":\"47.475\"}","timestamp":"2024-11-06T07:38:20.414Z"}
{"level":"info","message":"{\"method\":\"GET\",\"url\":\"/v1/api/vendor/fetchReviews/6718a1cb71257803e144bebb\",\"status\":\"304\",\"responseTime\":\"53.288\"}","timestamp":"2024-11-06T07:38:20.425Z"}
{"level":"info","message":"{\"method\":\"GET\",\"url\":\"/v1/api/vendor/fetchReviews/6718a1cb71257803e144bebb\",\"status\":\"304\",\"responseTime\":\"48.183\"}","timestamp":"2024-11-06T07:38:20.480Z"}
{"level":"info","message":"{\"method\":\"GET\",\"url\":\"/v1/api/vendor/unread-count\",\"status\":\"304\",\"responseTime\":\"282.686\"}","timestamp":"2024-11-06T07:38:26.264Z"}
{"level":"info","message":"{\"method\":\"GET\",\"url\":\"/v1/api/vendor/fetchDetailsVendor/6718a1cb71257803e144bebb\",\"status\":\"304\",\"responseTime\":\"166.561\"}","timestamp":"2024-11-06T07:38:26.269Z"}
{"level":"info","message":"{\"method\":\"GET\",\"url\":\"/v1/api/vendor/fetchAuditoriumDetails/6718a1cb71257803e144bebb\",\"status\":\"404\",\"responseTime\":\"286.788\"}","timestamp":"2024-11-06T07:38:26.568Z"}
{"level":"info","message":"{\"method\":\"GET\",\"url\":\"/v1/api/vendor/fetchFoodDetails/6718a1cb71257803e144bebb\",\"status\":\"404\",\"responseTime\":\"416.618\"}","timestamp":"2024-11-06T07:38:26.999Z"}
{"level":"info","message":"{\"method\":\"GET\",\"url\":\"/v1/api/vendor/fetchReviews/6718a1cb71257803e144bebb\",\"status\":\"304\",\"responseTime\":\"39.944\"}","timestamp":"2024-11-06T07:38:27.051Z"}
{"level":"info","message":"{\"method\":\"GET\",\"url\":\"/v1/api/vendor/unread-count\",\"status\":\"304\",\"responseTime\":\"140.792\"}","timestamp":"2024-11-06T07:38:29.381Z"}
{"level":"info","message":"{\"method\":\"GET\",\"url\":\"/v1/api/vendor/unread-count\",\"status\":\"304\",\"responseTime\":\"272.944\"}","timestamp":"2024-11-06T07:38:29.658Z"}
{"level":"info","message":"{\"method\":\"PATCH\",\"url\":\"/v1/api/vendor/editVendorDetails\",\"status\":\"200\",\"responseTime\":\"97.319\"}","timestamp":"2024-11-06T07:38:58.240Z"}
{"level":"info","message":"{\"method\":\"GET\",\"url\":\"/v1/api/vendor/unread-count\",\"status\":\"304\",\"responseTime\":\"44.286\"}","timestamp":"2024-11-06T07:39:00.542Z"}
{"level":"info","message":"{\"method\":\"GET\",\"url\":\"/v1/api/vendor/fetchDetailsVendor/6718a1cb71257803e144bebb\",\"status\":\"200\",\"responseTime\":\"40.303\"}","timestamp":"2024-11-06T07:39:00.546Z"}
{"level":"info","message":"{\"method\":\"GET\",\"url\":\"/v1/api/vendor/unread-count\",\"status\":\"304\",\"responseTime\":\"61.015\"}","timestamp":"2024-11-06T07:39:00.649Z"}
{"level":"info","message":"{\"method\":\"GET\",\"url\":\"/v1/api/vendor/fetchDetailsVendor/6718a1cb71257803e144bebb\",\"status\":\"304\",\"responseTime\":\"106.752\"}","timestamp":"2024-11-06T07:39:00.661Z"}
{"level":"info","message":"{\"method\":\"GET\",\"url\":\"/v1/api/vendor/fetchAuditoriumDetails/6718a1cb71257803e144bebb\",\"status\":\"404\",\"responseTime\":\"93.681\"}","timestamp":"2024-11-06T07:39:00.666Z"}
{"level":"info","message":"{\"method\":\"GET\",\"url\":\"/v1/api/vendor/fetchAuditoriumDetails/6718a1cb71257803e144bebb\",\"status\":\"404\",\"responseTime\":\"47.811\"}","timestamp":"2024-11-06T07:39:00.724Z"}
{"level":"info","message":"{\"method\":\"GET\",\"url\":\"/v1/api/vendor/fetchFoodDetails/6718a1cb71257803e144bebb\",\"status\":\"404\",\"responseTime\":\"46.326\"}","timestamp":"2024-11-06T07:39:00.736Z"}
{"level":"info","message":"{\"method\":\"GET\",\"url\":\"/v1/api/vendor/fetchFoodDetails/6718a1cb71257803e144bebb\",\"status\":\"404\",\"responseTime\":\"39.123\"}","timestamp":"2024-11-06T07:39:00.778Z"}
{"level":"info","message":"{\"method\":\"GET\",\"url\":\"/v1/api/vendor/fetchReviews/6718a1cb71257803e144bebb\",\"status\":\"304\",\"responseTime\":\"42.325\"}","timestamp":"2024-11-06T07:39:00.791Z"}
{"level":"info","message":"{\"method\":\"GET\",\"url\":\"/v1/api/vendor/fetchReviews/6718a1cb71257803e144bebb\",\"status\":\"304\",\"responseTime\":\"38.963\"}","timestamp":"2024-11-06T07:39:00.834Z"}
{"level":"info","message":"{\"method\":\"GET\",\"url\":\"/v1/api/user/vendors\",\"status\":\"200\",\"responseTime\":\"45.212\"}","timestamp":"2024-11-06T07:39:09.536Z"}
{"level":"info","message":"{\"method\":\"GET\",\"url\":\"/v1/api/user/vendors\",\"status\":\"304\",\"responseTime\":\"43.760\"}","timestamp":"2024-11-06T07:39:09.586Z"}
{"level":"info","message":"{\"method\":\"GET\",\"url\":\"/v1/api/user/vendors\",\"status\":\"304\",\"responseTime\":\"299.704\"}","timestamp":"2024-11-06T07:39:39.159Z"}
{"level":"info","message":"{\"method\":\"GET\",\"url\":\"/v1/api/user/vendors\",\"status\":\"304\",\"responseTime\":\"116.285\"}","timestamp":"2024-11-06T07:39:39.281Z"}
{"level":"info","message":"{\"method\":\"GET\",\"url\":\"/v1/api/user/vendors\",\"status\":\"304\",\"responseTime\":\"335.726\"}","timestamp":"2024-11-06T07:39:42.770Z"}
{"level":"info","message":"{\"method\":\"GET\",\"url\":\"/v1/api/user/vendors\",\"status\":\"304\",\"responseTime\":\"325.963\"}","timestamp":"2024-11-06T07:39:43.098Z"}
{"level":"info","message":"{\"method\":\"GET\",\"url\":\"/v1/api/user/vendors\",\"status\":\"304\",\"responseTime\":\"392.588\"}","timestamp":"2024-11-06T07:45:16.548Z"}
{"level":"info","message":"{\"method\":\"GET\",\"url\":\"/v1/api/user/vendors\",\"status\":\"304\",\"responseTime\":\"944.444\"}","timestamp":"2024-11-06T08:21:35.767Z"}
{"level":"info","message":"{\"method\":\"GET\",\"url\":\"/v1/api/user/vendors\",\"status\":\"304\",\"responseTime\":\"48.811\"}","timestamp":"2024-11-06T08:21:35.825Z"}
{"level":"info","message":"{\"method\":\"GET\",\"url\":\"/v1/api/vendor/unread-count\",\"status\":\"401\",\"responseTime\":\"15.952\"}","timestamp":"2024-11-06T08:26:33.834Z"}
{"level":"info","message":"{\"method\":\"POST\",\"url\":\"/v1/api/vendor/login\",\"status\":\"200\",\"responseTime\":\"92.912\"}","timestamp":"2024-11-06T08:26:36.758Z"}
{"level":"info","message":"{\"method\":\"GET\",\"url\":\"/v1/api/vendor/unread-count\",\"status\":\"304\",\"responseTime\":\"383.821\"}","timestamp":"2024-11-06T08:26:39.027Z"}
{"level":"info","message":"{\"method\":\"GET\",\"url\":\"/v1/api/vendor/unread-count\",\"status\":\"304\",\"responseTime\":\"193.574\"}","timestamp":"2024-11-06T08:26:39.253Z"}
{"level":"info","message":"{\"method\":\"GET\",\"url\":\"/v1/api/vendor/fetchDetailsVendor/66e3f158ebbcf3a47b4e768e\",\"status\":\"304\",\"responseTime\":\"1003.004\"}","timestamp":"2024-11-06T08:26:39.695Z"}
{"level":"info","message":"{\"method\":\"GET\",\"url\":\"/v1/api/vendor/fetchDetailsVendor/66e3f158ebbcf3a47b4e768e\",\"status\":\"304\",\"responseTime\":\"61.742\"}","timestamp":"2024-11-06T08:26:39.778Z"}
{"level":"info","message":"{\"method\":\"GET\",\"url\":\"/v1/api/vendor/fetchAuditoriumDetails/66e3f158ebbcf3a47b4e768e\",\"status\":\"304\",\"responseTime\":\"109.641\"}","timestamp":"2024-11-06T08:26:39.829Z"}
{"level":"info","message":"{\"method\":\"GET\",\"url\":\"/v1/api/vendor/fetchAuditoriumDetails/66e3f158ebbcf3a47b4e768e\",\"status\":\"304\",\"responseTime\":\"101.300\"}","timestamp":"2024-11-06T08:26:39.936Z"}
{"level":"info","message":"{\"method\":\"GET\",\"url\":\"/v1/api/vendor/fetchFoodDetails/66e3f158ebbcf3a47b4e768e\",\"status\":\"304\",\"responseTime\":\"303.288\"}","timestamp":"2024-11-06T08:26:40.161Z"}
{"level":"info","message":"{\"method\":\"GET\",\"url\":\"/v1/api/vendor/fetchReviews/66e3f158ebbcf3a47b4e768e\",\"status\":\"304\",\"responseTime\":\"147.701\"}","timestamp":"2024-11-06T08:26:40.324Z"}
{"level":"info","message":"{\"method\":\"GET\",\"url\":\"/v1/api/vendor/fetchFoodDetails/66e3f158ebbcf3a47b4e768e\",\"status\":\"304\",\"responseTime\":\"252.341\"}","timestamp":"2024-11-06T08:26:40.421Z"}
{"level":"info","message":"{\"method\":\"GET\",\"url\":\"/v1/api/vendor/fetchReviews/66e3f158ebbcf3a47b4e768e\",\"status\":\"304\",\"responseTime\":\"47.701\"}","timestamp":"2024-11-06T08:26:40.474Z"}
{"level":"info","message":"{\"method\":\"GET\",\"url\":\"/v1/api/vendor/getPresignedUrl?fileName=554027_11171962_2116301_e75f6566_image.jpg&fileType=image%2Fjpeg\",\"status\":\"400\",\"responseTime\":\"156.553\"}","timestamp":"2024-11-06T08:29:53.962Z"}
{"level":"info","message":"{\"method\":\"GET\",\"url\":\"/v1/api/vendor/getPresignedUrl?fileName=original-0cbb6bff04a9bc70f88f9e4a5a683352.png&fileType=image%2Fpng\",\"status\":\"400\",\"responseTime\":\"15.662\"}","timestamp":"2024-11-06T08:29:53.993Z"}
{"level":"info","message":"{\"method\":\"GET\",\"url\":\"/v1/api/vendor/getPresignedUrl?fileName=1600w-9uq8B--Pjcs.webp&fileType=image%2Fwebp\",\"status\":\"400\",\"responseTime\":\"15.846\"}","timestamp":"2024-11-06T08:29:54.031Z"}
{"level":"info","message":"{\"method\":\"GET\",\"url\":\"/v1/api/vendor/getPresignedUrl?fileName=plaenty_logo.png&fileType=image%2Fpng\",\"status\":\"400\",\"responseTime\":\"13.719\"}","timestamp":"2024-11-06T08:29:54.056Z"}
{"level":"info","message":"{\"method\":\"POST\",\"url\":\"/v1/api/vendor/serviceImage/\",\"status\":\"200\",\"responseTime\":\"497.462\"}","timestamp":"2024-11-06T08:29:54.577Z"}
{"level":"info","message":"{\"method\":\"GET\",\"url\":\"/v1/api/vendor/getPresignedUrl?fileName=554027_11171962_2116301_e75f6566_image.jpg&fileType=image%2Fjpeg\",\"status\":\"400\",\"responseTime\":\"67.111\"}","timestamp":"2024-11-06T08:37:59.129Z"}
{"level":"info","message":"{\"method\":\"GET\",\"url\":\"/v1/api/vendor/getPresignedUrl?fileName=original-0cbb6bff04a9bc70f88f9e4a5a683352.png&fileType=image%2Fpng\",\"status\":\"400\",\"responseTime\":\"24.596\"}","timestamp":"2024-11-06T08:37:59.175Z"}
{"level":"info","message":"{\"method\":\"GET\",\"url\":\"/v1/api/vendor/getPresignedUrl?fileName=1600w-9uq8B--Pjcs.webp&fileType=image%2Fwebp\",\"status\":\"400\",\"responseTime\":\"17.041\"}","timestamp":"2024-11-06T08:37:59.206Z"}
{"level":"info","message":"{\"method\":\"GET\",\"url\":\"/v1/api/vendor/getPresignedUrl?fileName=plaenty_logo.png&fileType=image%2Fpng\",\"status\":\"400\",\"responseTime\":\"14.490\"}","timestamp":"2024-11-06T08:37:59.229Z"}
{"level":"info","message":"{\"method\":\"GET\",\"url\":\"/v1/api/vendor/getPresignedUrl?fileName=images.jpg&fileType=image%2Fjpeg\",\"status\":\"400\",\"responseTime\":\"14.973\"}","timestamp":"2024-11-06T08:37:59.258Z"}
{"level":"info","message":"{\"method\":\"POST\",\"url\":\"/v1/api/vendor/serviceImage/\",\"status\":\"200\",\"responseTime\":\"476.919\"}","timestamp":"2024-11-06T08:37:59.796Z"}
