{"level":"info","message":"{\"method\":\"GET\",\"url\":\"/v1/api/user/vendors\",\"status\":\"304\",\"responseTime\":\"4922.983\"}","timestamp":"2024-11-13T03:32:48.357Z"}
{"level":"info","message":"{\"method\":\"GET\",\"url\":\"/v1/api/user/vendors\",\"status\":\"304\",\"responseTime\":\"43.388\"}","timestamp":"2024-11-13T03:32:55.846Z"}
{"level":"info","message":"{\"method\":\"GET\",\"url\":\"/v1/api/user/vendors\",\"status\":\"304\",\"responseTime\":\"79.331\"}","timestamp":"2024-11-13T03:32:55.936Z"}
{"level":"info","message":"{\"method\":\"GET\",\"url\":\"/v1/api/user/fetchReview?vendorId=66e3f158ebbcf3a47b4e768e&userId=67169bd88848b78cf8031e7c\",\"status\":\"304\",\"responseTime\":\"62.298\"}","timestamp":"2024-11-13T03:33:02.140Z"}
{"level":"info","message":"{\"method\":\"GET\",\"url\":\"/v1/api/user/fetchVendorDetails?vendorId=66e3f158ebbcf3a47b4e768e&userId=67169bd88848b78cf8031e7c\",\"status\":\"304\",\"responseTime\":\"76.737\"}","timestamp":"2024-11-13T03:33:02.149Z"}
{"level":"info","message":"{\"method\":\"GET\",\"url\":\"/v1/api/user/slots/66e3f158ebbcf3a47b4e768e\",\"status\":\"200\",\"responseTime\":\"45.713\"}","timestamp":"2024-11-13T03:33:06.805Z"}
{"level":"info","message":"{\"method\":\"GET\",\"url\":\"/v1/api/user/fetchFoodDetails/66e3f158ebbcf3a47b4e768e\",\"status\":\"304\",\"responseTime\":\"54.493\"}","timestamp":"2024-11-13T03:33:12.003Z"}
{"level":"info","message":"{\"method\":\"GET\",\"url\":\"/v1/api/user/fetchFoodDetails/66e3f158ebbcf3a47b4e768e\",\"status\":\"304\",\"responseTime\":\"38.198\"}","timestamp":"2024-11-13T03:33:12.043Z"}
{"level":"info","message":"{\"method\":\"GET\",\"url\":\"/v1/api/user/fetchdishes/66f25562961286353dc1fee4\",\"status\":\"200\",\"responseTime\":\"44.950\"}","timestamp":"2024-11-13T03:33:14.496Z"}
{"level":"info","message":"{\"method\":\"GET\",\"url\":\"/v1/api/user/fetchdishes/66f25562961286353dc1fee4\",\"status\":\"304\",\"responseTime\":\"39.971\"}","timestamp":"2024-11-13T03:33:14.541Z"}
{"level":"info","message":"{\"method\":\"GET\",\"url\":\"/v1/api/user/fetchAuditoriumDetails/66e3f158ebbcf3a47b4e768e\",\"status\":\"304\",\"responseTime\":\"36.167\"}","timestamp":"2024-11-13T03:33:17.919Z"}
{"level":"info","message":"{\"method\":\"GET\",\"url\":\"/v1/api/user/fetchAuditoriumDetails/66e3f158ebbcf3a47b4e768e\",\"status\":\"304\",\"responseTime\":\"34.177\"}","timestamp":"2024-11-13T03:33:17.955Z"}
{"level":"info","message":"{\"method\":\"GET\",\"url\":\"/v1/api/user/fetchauditorium/672b315db9e6613b64c4a475\",\"status\":\"304\",\"responseTime\":\"45.103\"}","timestamp":"2024-11-13T03:33:19.769Z"}
{"level":"info","message":"{\"method\":\"GET\",\"url\":\"/v1/api/user/fetchauditorium/672b315db9e6613b64c4a475\",\"status\":\"304\",\"responseTime\":\"53.067\"}","timestamp":"2024-11-13T03:33:19.824Z"}
{"level":"info","message":"{\"method\":\"GET\",\"url\":\"/v1/api/user/slots/66e3f158ebbcf3a47b4e768e\",\"status\":\"304\",\"responseTime\":\"106.661\"}","timestamp":"2024-11-13T03:33:21.793Z"}
{"level":"info","message":"{\"method\":\"POST\",\"url\":\"/v1/api/user/payment\",\"status\":\"200\",\"responseTime\":\"89.858\"}","timestamp":"2024-11-13T03:33:36.749Z"}
{"level":"info","message":"{\"method\":\"POST\",\"url\":\"/v1/api/user/payment\",\"status\":\"200\",\"responseTime\":\"56.846\"}","timestamp":"2024-11-13T03:33:36.752Z"}
{"level":"info","message":"{\"method\":\"POST\",\"url\":\"/v1/api/user/response/saveData\",\"status\":\"200\",\"responseTime\":\"316.784\"}","timestamp":"2024-11-13T03:33:58.732Z"}
{"level":"info","message":"{\"method\":\"GET\",\"url\":\"/v1/api/user/slots/66e3f158ebbcf3a47b4e768e\",\"status\":\"200\",\"responseTime\":\"89.690\"}","timestamp":"2024-11-13T03:42:37.656Z"}
{"level":"info","message":"{\"method\":\"GET\",\"url\":\"/v1/api/user/fetchFoodDetails/66e3f158ebbcf3a47b4e768e\",\"status\":\"304\",\"responseTime\":\"37.093\"}","timestamp":"2024-11-13T03:42:47.115Z"}
{"level":"info","message":"{\"method\":\"GET\",\"url\":\"/v1/api/user/fetchFoodDetails/66e3f158ebbcf3a47b4e768e\",\"status\":\"304\",\"responseTime\":\"36.092\"}","timestamp":"2024-11-13T03:42:47.155Z"}
{"level":"info","message":"{\"method\":\"POST\",\"url\":\"/v1/api/user/payment\",\"status\":\"200\",\"responseTime\":\"88.665\"}","timestamp":"2024-11-13T03:42:56.163Z"}
{"level":"info","message":"{\"method\":\"POST\",\"url\":\"/v1/api/user/payment\",\"status\":\"200\",\"responseTime\":\"62.528\"}","timestamp":"2024-11-13T03:42:56.165Z"}
{"level":"info","message":"{\"method\":\"POST\",\"url\":\"/v1/api/user/response/saveData\",\"status\":\"200\",\"responseTime\":\"237.151\"}","timestamp":"2024-11-13T03:43:17.393Z"}
{"level":"info","message":"{\"method\":\"POST\",\"url\":\"/v1/api/user/payment\",\"status\":\"200\",\"responseTime\":\"62.763\"}","timestamp":"2024-11-13T03:47:37.632Z"}
{"level":"info","message":"{\"method\":\"POST\",\"url\":\"/v1/api/user/payment\",\"status\":\"200\",\"responseTime\":\"54.281\"}","timestamp":"2024-11-13T03:47:37.640Z"}
{"level":"info","message":"{\"method\":\"POST\",\"url\":\"/v1/api/user/response/saveData\",\"status\":\"200\",\"responseTime\":\"167.480\"}","timestamp":"2024-11-13T03:47:58.374Z"}
{"level":"info","message":"{\"method\":\"POST\",\"url\":\"/v1/api/user/response/saveData\",\"status\":\"200\",\"responseTime\":\"113.185\"}","timestamp":"2024-11-13T03:51:15.112Z"}
{"level":"info","message":"{\"method\":\"GET\",\"url\":\"/v1/api/user/fetchBookingDetails/67169bd88848b78cf8031e7c\",\"status\":\"200\",\"responseTime\":\"173.424\"}","timestamp":"2024-11-13T03:51:32.713Z"}
{"level":"info","message":"{\"method\":\"POST\",\"url\":\"/v1/api/user/response/saveData\",\"status\":\"200\",\"responseTime\":\"123.480\"}","timestamp":"2024-11-13T03:52:21.832Z"}
{"level":"info","message":"{\"method\":\"POST\",\"url\":\"/v1/api/user/response/saveData\",\"status\":\"200\",\"responseTime\":\"112.638\"}","timestamp":"2024-11-13T03:54:59.489Z"}
{"level":"info","message":"{\"method\":\"POST\",\"url\":\"/v1/api/user/response/saveData\",\"status\":\"200\",\"responseTime\":\"163.088\"}","timestamp":"2024-11-13T03:55:34.657Z"}
{"level":"info","message":"{\"method\":\"POST\",\"url\":\"/v1/api/user/response/saveData\",\"status\":\"200\",\"responseTime\":\"115.134\"}","timestamp":"2024-11-13T03:59:00.582Z"}
{"level":"info","message":"{\"method\":\"POST\",\"url\":\"/v1/api/user/payment\",\"status\":\"200\",\"responseTime\":\"72.006\"}","timestamp":"2024-11-13T04:26:36.601Z"}
{"level":"info","message":"{\"method\":\"POST\",\"url\":\"/v1/api/user/payment\",\"status\":\"200\",\"responseTime\":\"204.637\"}","timestamp":"2024-11-13T04:26:36.759Z"}
{"level":"info","message":"{\"method\":\"POST\",\"url\":\"/v1/api/user/response/saveData\",\"status\":\"200\",\"responseTime\":\"151.238\"}","timestamp":"2024-11-13T04:26:52.829Z"}
{"level":"info","message":"{\"method\":\"POST\",\"url\":\"/v1/api/user/response/saveData\",\"status\":\"200\",\"responseTime\":\"520.443\"}","timestamp":"2024-11-13T04:29:08.020Z"}
{"level":"info","message":"{\"method\":\"POST\",\"url\":\"/v1/api/user/response/saveData\",\"status\":\"200\",\"responseTime\":\"189.585\"}","timestamp":"2024-11-13T04:33:08.863Z"}
{"level":"info","message":"{\"method\":\"POST\",\"url\":\"/v1/api/user/response/saveData\",\"status\":\"200\",\"responseTime\":\"132.510\"}","timestamp":"2024-11-13T04:35:20.708Z"}
{"level":"info","message":"{\"method\":\"POST\",\"url\":\"/v1/api/user/response/saveData\",\"status\":\"200\",\"responseTime\":\"136.990\"}","timestamp":"2024-11-13T04:35:32.305Z"}
{"level":"info","message":"{\"method\":\"POST\",\"url\":\"/v1/api/user/response/saveData\",\"status\":\"200\",\"responseTime\":\"120.393\"}","timestamp":"2024-11-13T04:36:48.951Z"}
{"level":"info","message":"{\"method\":\"GET\",\"url\":\"/v1/api/user/fetchBookingDetails/67169bd88848b78cf8031e7c\",\"status\":\"200\",\"responseTime\":\"352.630\"}","timestamp":"2024-11-13T04:37:25.692Z"}
{"level":"info","message":"{\"method\":\"POST\",\"url\":\"/v1/api/user/response/saveData\",\"status\":\"200\",\"responseTime\":\"135.139\"}","timestamp":"2024-11-13T04:37:57.148Z"}
{"level":"info","message":"{\"method\":\"GET\",\"url\":\"/v1/api/user/fetchBookingDetails/67169bd88848b78cf8031e7c\",\"status\":\"304\",\"responseTime\":\"115.969\"}","timestamp":"2024-11-13T04:38:12.248Z"}
{"level":"info","message":"{\"method\":\"POST\",\"url\":\"/v1/api/user/response/saveData\",\"status\":\"200\",\"responseTime\":\"238.557\"}","timestamp":"2024-11-13T04:39:05.501Z"}
{"level":"info","message":"{\"method\":\"GET\",\"url\":\"/v1/api/user/fetchBookingDetails/67169bd88848b78cf8031e7c\",\"status\":\"304\",\"responseTime\":\"99.272\"}","timestamp":"2024-11-13T04:39:11.320Z"}
{"level":"info","message":"{\"method\":\"POST\",\"url\":\"/v1/api/user/response/saveData\",\"status\":\"200\",\"responseTime\":\"121.539\"}","timestamp":"2024-11-13T04:42:14.551Z"}
{"level":"info","message":"{\"method\":\"POST\",\"url\":\"/v1/api/user/response/saveData\",\"status\":\"200\",\"responseTime\":\"141.606\"}","timestamp":"2024-11-13T04:43:39.544Z"}
{"level":"info","message":"{\"method\":\"GET\",\"url\":\"/v1/api/user/fetchBookingDetails/67169bd88848b78cf8031e7c\",\"status\":\"304\",\"responseTime\":\"88.609\"}","timestamp":"2024-11-13T04:43:49.191Z"}
{"level":"info","message":"{\"method\":\"POST\",\"url\":\"/v1/api/user/response/saveData\",\"status\":\"200\",\"responseTime\":\"123.161\"}","timestamp":"2024-11-13T04:45:51.299Z"}
{"level":"info","message":"{\"method\":\"POST\",\"url\":\"/v1/api/user/response/saveData\",\"status\":\"200\",\"responseTime\":\"154.390\"}","timestamp":"2024-11-13T04:47:30.032Z"}
{"level":"info","message":"{\"method\":\"GET\",\"url\":\"/v1/api/user/fetchBookingDetails/67169bd88848b78cf8031e7c\",\"status\":\"-\",\"responseTime\":\"-\"}","timestamp":"2024-11-13T04:47:41.684Z"}
{"level":"info","message":"{\"method\":\"GET\",\"url\":\"/v1/api/user/fetchBookingDetails/67169bd88848b78cf8031e7c\",\"status\":\"200\",\"responseTime\":\"160.297\"}","timestamp":"2024-11-13T04:47:42.503Z"}
{"level":"info","message":"{\"method\":\"GET\",\"url\":\"/v1/api/user/fetchBookingDetails/67169bd88848b78cf8031e7c\",\"status\":\"-\",\"responseTime\":\"-\"}","timestamp":"2024-11-13T04:48:10.694Z"}
{"level":"info","message":"{\"method\":\"GET\",\"url\":\"/v1/api/user/fetchBookingDetails/67169bd88848b78cf8031e7c\",\"status\":\"-\",\"responseTime\":\"-\"}","timestamp":"2024-11-13T04:48:12.091Z"}
{"level":"info","message":"{\"method\":\"GET\",\"url\":\"/v1/api/user/fetchBookingDetails/67169bd88848b78cf8031e7c\",\"status\":\"-\",\"responseTime\":\"-\"}","timestamp":"2024-11-13T04:48:13.235Z"}
{"level":"info","message":"{\"method\":\"GET\",\"url\":\"/v1/api/user/fetchBookingDetails/67169bd88848b78cf8031e7c\",\"status\":\"-\",\"responseTime\":\"-\"}","timestamp":"2024-11-13T04:48:14.838Z"}
{"level":"info","message":"{\"method\":\"GET\",\"url\":\"/v1/api/user/fetchBookingDetails/67169bd88848b78cf8031e7c\",\"status\":\"200\",\"responseTime\":\"247.301\"}","timestamp":"2024-11-13T04:48:17.350Z"}
{"level":"info","message":"{\"method\":\"GET\",\"url\":\"/v1/api/user/fetchBookingDetails/67169bd88848b78cf8031e7c\",\"status\":\"304\",\"responseTime\":\"277.858\"}","timestamp":"2024-11-13T04:48:17.633Z"}
{"level":"info","message":"{\"method\":\"GET\",\"url\":\"/v1/api/user/fetchBookingDetails/67169bd88848b78cf8031e7c\",\"status\":\"304\",\"responseTime\":\"320.912\"}","timestamp":"2024-11-13T04:48:20.039Z"}
{"level":"info","message":"{\"method\":\"POST\",\"url\":\"/v1/api/user/response/saveData\",\"status\":\"200\",\"responseTime\":\"117.604\"}","timestamp":"2024-11-13T04:49:25.912Z"}
{"level":"info","message":"{\"method\":\"POST\",\"url\":\"/v1/api/user/response/saveData\",\"status\":\"200\",\"responseTime\":\"210.362\"}","timestamp":"2024-11-13T04:50:17.818Z"}
{"level":"info","message":"{\"method\":\"POST\",\"url\":\"/v1/api/user/response/saveData\",\"status\":\"200\",\"responseTime\":\"108.305\"}","timestamp":"2024-11-13T04:51:48.419Z"}
{"level":"info","message":"{\"method\":\"POST\",\"url\":\"/v1/api/user/payment\",\"status\":\"400\",\"responseTime\":\"169.992\"}","timestamp":"2024-11-13T04:58:50.228Z"}
{"level":"info","message":"{\"method\":\"POST\",\"url\":\"/v1/api/user/payment\",\"status\":\"400\",\"responseTime\":\"23.031\"}","timestamp":"2024-11-13T04:58:50.259Z"}
{"level":"info","message":"{\"method\":\"GET\",\"url\":\"/v1/api/user/vendors\",\"status\":\"200\",\"responseTime\":\"309.880\"}","timestamp":"2024-11-13T04:59:02.221Z"}
{"level":"info","message":"{\"method\":\"GET\",\"url\":\"/v1/api/user/vendors\",\"status\":\"200\",\"responseTime\":\"297.113\"}","timestamp":"2024-11-13T04:59:02.232Z"}
{"level":"info","message":"{\"method\":\"POST\",\"url\":\"/v1/api/user/login\",\"status\":\"200\",\"responseTime\":\"654.828\"}","timestamp":"2024-11-13T05:01:55.286Z"}
{"level":"info","message":"{\"method\":\"GET\",\"url\":\"/v1/api/user/vendors\",\"status\":\"304\",\"responseTime\":\"60.474\"}","timestamp":"2024-11-13T05:01:57.145Z"}
{"level":"info","message":"{\"method\":\"GET\",\"url\":\"/v1/api/user/vendors\",\"status\":\"304\",\"responseTime\":\"184.309\"}","timestamp":"2024-11-13T05:02:03.517Z"}
{"level":"info","message":"{\"method\":\"GET\",\"url\":\"/v1/api/user/vendors\",\"status\":\"304\",\"responseTime\":\"383.402\"}","timestamp":"2024-11-13T05:02:03.908Z"}
{"level":"info","message":"{\"method\":\"GET\",\"url\":\"/v1/api/user/fetchReview?vendorId=66e3f158ebbcf3a47b4e768e&userId=67169bd88848b78cf8031e7c\",\"status\":\"304\",\"responseTime\":\"62.871\"}","timestamp":"2024-11-13T05:02:10.513Z"}
{"level":"info","message":"{\"method\":\"GET\",\"url\":\"/v1/api/user/fetchVendorDetails?vendorId=66e3f158ebbcf3a47b4e768e&userId=67169bd88848b78cf8031e7c\",\"status\":\"304\",\"responseTime\":\"120.717\"}","timestamp":"2024-11-13T05:02:10.564Z"}
{"level":"info","message":"{\"method\":\"GET\",\"url\":\"/v1/api/user/slots/66e3f158ebbcf3a47b4e768e\",\"status\":\"200\",\"responseTime\":\"176.028\"}","timestamp":"2024-11-13T05:02:15.733Z"}
{"level":"info","message":"{\"method\":\"GET\",\"url\":\"/v1/api/user/fetchFoodDetails/66e3f158ebbcf3a47b4e768e\",\"status\":\"304\",\"responseTime\":\"59.264\"}","timestamp":"2024-11-13T05:02:28.115Z"}
{"level":"info","message":"{\"method\":\"GET\",\"url\":\"/v1/api/user/fetchFoodDetails/66e3f158ebbcf3a47b4e768e\",\"status\":\"304\",\"responseTime\":\"116.686\"}","timestamp":"2024-11-13T05:02:28.236Z"}
{"level":"info","message":"{\"method\":\"GET\",\"url\":\"/v1/api/user/fetchdishes/66f25562961286353dc1fee4\",\"status\":\"200\",\"responseTime\":\"42.027\"}","timestamp":"2024-11-13T05:02:31.606Z"}
{"level":"info","message":"{\"method\":\"GET\",\"url\":\"/v1/api/user/fetchdishes/66f25562961286353dc1fee4\",\"status\":\"304\",\"responseTime\":\"36.463\"}","timestamp":"2024-11-13T05:02:31.647Z"}
{"level":"info","message":"{\"method\":\"GET\",\"url\":\"/v1/api/user/fetchAuditoriumDetails/66e3f158ebbcf3a47b4e768e\",\"status\":\"304\",\"responseTime\":\"351.067\"}","timestamp":"2024-11-13T05:02:36.135Z"}
{"level":"info","message":"{\"method\":\"GET\",\"url\":\"/v1/api/user/fetchAuditoriumDetails/66e3f158ebbcf3a47b4e768e\",\"status\":\"304\",\"responseTime\":\"43.212\"}","timestamp":"2024-11-13T05:02:36.181Z"}
{"level":"info","message":"{\"method\":\"GET\",\"url\":\"/v1/api/user/fetchauditorium/66f2565c961286353dc1feff\",\"status\":\"200\",\"responseTime\":\"327.758\"}","timestamp":"2024-11-13T05:02:39.469Z"}
{"level":"info","message":"{\"method\":\"GET\",\"url\":\"/v1/api/user/fetchauditorium/66f2565c961286353dc1feff\",\"status\":\"304\",\"responseTime\":\"209.612\"}","timestamp":"2024-11-13T05:02:39.682Z"}
{"level":"info","message":"{\"method\":\"GET\",\"url\":\"/v1/api/user/slots/66e3f158ebbcf3a47b4e768e\",\"status\":\"304\",\"responseTime\":\"56.683\"}","timestamp":"2024-11-13T05:02:41.466Z"}
{"level":"info","message":"{\"method\":\"POST\",\"url\":\"/v1/api/user/payment\",\"status\":\"200\",\"responseTime\":\"93.676\"}","timestamp":"2024-11-13T05:02:53.094Z"}
{"level":"info","message":"{\"method\":\"POST\",\"url\":\"/v1/api/user/payment\",\"status\":\"200\",\"responseTime\":\"66.271\"}","timestamp":"2024-11-13T05:02:53.100Z"}
{"level":"info","message":"{\"method\":\"POST\",\"url\":\"/v1/api/user/response/saveData\",\"status\":\"200\",\"responseTime\":\"3696.016\"}","timestamp":"2024-11-13T05:03:50.038Z"}
{"level":"info","message":"{\"method\":\"POST\",\"url\":\"/v1/api/user/response/saveData\",\"status\":\"200\",\"responseTime\":\"112.018\"}","timestamp":"2024-11-13T05:06:42.251Z"}
{"level":"info","message":"{\"method\":\"POST\",\"url\":\"/v1/api/user/response/saveData\",\"status\":\"200\",\"responseTime\":\"169.370\"}","timestamp":"2024-11-13T05:09:04.952Z"}
{"level":"info","message":"{\"method\":\"GET\",\"url\":\"/v1/api/user/vendors\",\"status\":\"304\",\"responseTime\":\"43.743\"}","timestamp":"2024-11-13T05:09:48.846Z"}
{"level":"info","message":"{\"method\":\"POST\",\"url\":\"/v1/api/user/response/saveData\",\"status\":\"200\",\"responseTime\":\"119.552\"}","timestamp":"2024-11-13T05:10:16.229Z"}
{"level":"info","message":"{\"method\":\"POST\",\"url\":\"/v1/api/user/response/saveData\",\"status\":\"200\",\"responseTime\":\"684.046\"}","timestamp":"2024-11-13T05:12:14.406Z"}
{"level":"info","message":"{\"method\":\"GET\",\"url\":\"/v1/api/user/fetchBookingDetails/67169bd88848b78cf8031e7c\",\"status\":\"200\",\"responseTime\":\"619.722\"}","timestamp":"2024-11-13T05:12:39.009Z"}
{"level":"info","message":"{\"method\":\"POST\",\"url\":\"/v1/api/user/response/saveData\",\"status\":\"200\",\"responseTime\":\"108.751\"}","timestamp":"2024-11-13T05:13:10.426Z"}
{"level":"info","message":"{\"method\":\"GET\",\"url\":\"/v1/api/user/fetchBookingDetails/67169bd88848b78cf8031e7c\",\"status\":\"304\",\"responseTime\":\"744.409\"}","timestamp":"2024-11-13T05:13:12.676Z"}
{"level":"info","message":"{\"method\":\"GET\",\"url\":\"/v1/api/user/vendors\",\"status\":\"304\",\"responseTime\":\"209.998\"}","timestamp":"2024-11-13T05:19:38.429Z"}
{"level":"info","message":"{\"method\":\"GET\",\"url\":\"/v1/api/user/vendors\",\"status\":\"304\",\"responseTime\":\"270.145\"}","timestamp":"2024-11-13T05:19:42.292Z"}
{"level":"info","message":"{\"method\":\"GET\",\"url\":\"/v1/api/user/vendors\",\"status\":\"304\",\"responseTime\":\"277.807\"}","timestamp":"2024-11-13T05:19:42.574Z"}
{"level":"info","message":"{\"method\":\"GET\",\"url\":\"/v1/api/user/fetchReview?vendorId=66e3f158ebbcf3a47b4e768e&userId=67169bd88848b78cf8031e7c\",\"status\":\"304\",\"responseTime\":\"66.063\"}","timestamp":"2024-11-13T05:19:46.744Z"}
{"level":"info","message":"{\"method\":\"GET\",\"url\":\"/v1/api/user/fetchVendorDetails?vendorId=66e3f158ebbcf3a47b4e768e&userId=67169bd88848b78cf8031e7c\",\"status\":\"304\",\"responseTime\":\"124.836\"}","timestamp":"2024-11-13T05:19:46.794Z"}
{"level":"info","message":"{\"method\":\"GET\",\"url\":\"/v1/api/user/slots/66e3f158ebbcf3a47b4e768e\",\"status\":\"200\",\"responseTime\":\"272.170\"}","timestamp":"2024-11-13T05:19:51.317Z"}
{"level":"info","message":"{\"method\":\"GET\",\"url\":\"/v1/api/user/fetchFoodDetails/66e3f158ebbcf3a47b4e768e\",\"status\":\"304\",\"responseTime\":\"282.267\"}","timestamp":"2024-11-13T05:20:02.435Z"}
{"level":"info","message":"{\"method\":\"GET\",\"url\":\"/v1/api/user/fetchFoodDetails/66e3f158ebbcf3a47b4e768e\",\"status\":\"304\",\"responseTime\":\"271.292\"}","timestamp":"2024-11-13T05:20:02.708Z"}
{"level":"info","message":"{\"method\":\"GET\",\"url\":\"/v1/api/user/fetchdishes/66f25562961286353dc1fee4\",\"status\":\"304\",\"responseTime\":\"268.359\"}","timestamp":"2024-11-13T05:20:04.550Z"}
{"level":"info","message":"{\"method\":\"GET\",\"url\":\"/v1/api/user/fetchdishes/66f25562961286353dc1fee4\",\"status\":\"304\",\"responseTime\":\"265.621\"}","timestamp":"2024-11-13T05:20:04.817Z"}
{"level":"info","message":"{\"method\":\"GET\",\"url\":\"/v1/api/user/fetchAuditoriumDetails/66e3f158ebbcf3a47b4e768e\",\"status\":\"304\",\"responseTime\":\"135.027\"}","timestamp":"2024-11-13T05:20:07.906Z"}
{"level":"info","message":"{\"method\":\"GET\",\"url\":\"/v1/api/user/fetchAuditoriumDetails/66e3f158ebbcf3a47b4e768e\",\"status\":\"304\",\"responseTime\":\"51.278\"}","timestamp":"2024-11-13T05:20:07.960Z"}
{"level":"info","message":"{\"method\":\"GET\",\"url\":\"/v1/api/user/fetchauditorium/66f2565c961286353dc1feff\",\"status\":\"304\",\"responseTime\":\"47.534\"}","timestamp":"2024-11-13T05:20:09.696Z"}
{"level":"info","message":"{\"method\":\"GET\",\"url\":\"/v1/api/user/fetchauditorium/66f2565c961286353dc1feff\",\"status\":\"304\",\"responseTime\":\"42.221\"}","timestamp":"2024-11-13T05:20:09.740Z"}
{"level":"info","message":"{\"method\":\"GET\",\"url\":\"/v1/api/user/slots/66e3f158ebbcf3a47b4e768e\",\"status\":\"304\",\"responseTime\":\"275.389\"}","timestamp":"2024-11-13T05:20:12.136Z"}
{"level":"info","message":"{\"method\":\"POST\",\"url\":\"/v1/api/user/payment\",\"status\":\"200\",\"responseTime\":\"88.173\"}","timestamp":"2024-11-13T05:20:24.009Z"}
{"level":"info","message":"{\"method\":\"POST\",\"url\":\"/v1/api/user/payment\",\"status\":\"200\",\"responseTime\":\"94.765\"}","timestamp":"2024-11-13T05:20:24.051Z"}
{"level":"info","message":"{\"method\":\"POST\",\"url\":\"/v1/api/user/response/saveData\",\"status\":\"200\",\"responseTime\":\"231.738\"}","timestamp":"2024-11-13T05:20:47.039Z"}
{"level":"info","message":"{\"method\":\"GET\",\"url\":\"/v1/api/user/fetchBookingDetails/67169bd88848b78cf8031e7c\",\"status\":\"200\",\"responseTime\":\"494.667\"}","timestamp":"2024-11-13T05:20:49.429Z"}
{"level":"info","message":"{\"method\":\"GET\",\"url\":\"/v1/api/user/vendors\",\"status\":\"304\",\"responseTime\":\"45.990\"}","timestamp":"2024-11-13T05:20:58.948Z"}
{"level":"info","message":"{\"method\":\"GET\",\"url\":\"/v1/api/user/vendors\",\"status\":\"304\",\"responseTime\":\"109.859\"}","timestamp":"2024-11-13T06:20:53.487Z"}
{"level":"info","message":"{\"method\":\"GET\",\"url\":\"/v1/api/user/vendors\",\"status\":\"304\",\"responseTime\":\"49.924\"}","timestamp":"2024-11-13T06:21:01.927Z"}
{"level":"info","message":"{\"method\":\"GET\",\"url\":\"/v1/api/user/vendors\",\"status\":\"304\",\"responseTime\":\"42.977\"}","timestamp":"2024-11-13T06:21:01.974Z"}
{"level":"info","message":"{\"method\":\"GET\",\"url\":\"/v1/api/user/vendors\",\"status\":\"304\",\"responseTime\":\"40.744\"}","timestamp":"2024-11-13T06:21:15.146Z"}
{"level":"info","message":"{\"method\":\"GET\",\"url\":\"/v1/api/user/vendors\",\"status\":\"304\",\"responseTime\":\"44.269\"}","timestamp":"2024-11-13T06:21:15.193Z"}
{"level":"info","message":"{\"method\":\"GET\",\"url\":\"/v1/api/vendor/unread-count\",\"status\":\"401\",\"responseTime\":\"5.135\"}","timestamp":"2024-11-13T06:21:24.204Z"}
{"level":"info","message":"{\"method\":\"POST\",\"url\":\"/v1/api/vendor/login\",\"status\":\"200\",\"responseTime\":\"49.857\"}","timestamp":"2024-11-13T06:21:24.444Z"}
{"level":"info","message":"{\"method\":\"GET\",\"url\":\"/v1/api/vendor/fetchDetailsVendor/66e3f158ebbcf3a47b4e768e\",\"status\":\"200\",\"responseTime\":\"44.077\"}","timestamp":"2024-11-13T06:21:26.282Z"}
{"level":"info","message":"{\"method\":\"GET\",\"url\":\"/v1/api/vendor/unread-count\",\"status\":\"200\",\"responseTime\":\"100.845\"}","timestamp":"2024-11-13T06:21:26.328Z"}
{"level":"info","message":"{\"method\":\"GET\",\"url\":\"/v1/api/vendor/fetchDetailsVendor/66e3f158ebbcf3a47b4e768e\",\"status\":\"304\",\"responseTime\":\"50.405\"}","timestamp":"2024-11-13T06:21:26.338Z"}
{"level":"info","message":"{\"method\":\"GET\",\"url\":\"/v1/api/vendor/fetchAuditoriumDetails/66e3f158ebbcf3a47b4e768e\",\"status\":\"200\",\"responseTime\":\"66.214\"}","timestamp":"2024-11-13T06:21:26.357Z"}
{"level":"info","message":"{\"method\":\"GET\",\"url\":\"/v1/api/vendor/fetchAuditoriumDetails/66e3f158ebbcf3a47b4e768e\",\"status\":\"304\",\"responseTime\":\"46.459\"}","timestamp":"2024-11-13T06:21:26.423Z"}
{"level":"info","message":"{\"method\":\"GET\",\"url\":\"/v1/api/vendor/unread-count\",\"status\":\"304\",\"responseTime\":\"74.496\"}","timestamp":"2024-11-13T06:21:26.434Z"}
{"level":"info","message":"{\"method\":\"GET\",\"url\":\"/v1/api/vendor/fetchFoodDetails/66e3f158ebbcf3a47b4e768e\",\"status\":\"200\",\"responseTime\":\"216.782\"}","timestamp":"2024-11-13T06:21:26.597Z"}
{"level":"info","message":"{\"method\":\"GET\",\"url\":\"/v1/api/vendor/fetchFoodDetails/66e3f158ebbcf3a47b4e768e\",\"status\":\"304\",\"responseTime\":\"69.154\"}","timestamp":"2024-11-13T06:21:26.671Z"}
{"level":"info","message":"{\"method\":\"GET\",\"url\":\"/v1/api/vendor/fetchReviews/66e3f158ebbcf3a47b4e768e\",\"status\":\"200\",\"responseTime\":\"65.918\"}","timestamp":"2024-11-13T06:21:26.674Z"}
{"level":"info","message":"{\"method\":\"GET\",\"url\":\"/v1/api/vendor/fetchReviews/66e3f158ebbcf3a47b4e768e\",\"status\":\"304\",\"responseTime\":\"36.471\"}","timestamp":"2024-11-13T06:21:26.712Z"}
{"level":"info","message":"{\"method\":\"GET\",\"url\":\"/v1/api/vendor/getPresignedUrl?fileName=Screenshot+2024-10-19+101003.png&fileType=image%2Fpng\",\"status\":\"200\",\"responseTime\":\"44.136\"}","timestamp":"2024-11-13T06:21:47.077Z"}
{"level":"info","message":"{\"method\":\"GET\",\"url\":\"/v1/api/vendor/getPresignedUrl?fileName=funny-404-error-page-design-260nw-1963020253.webp&fileType=image%2Fwebp\",\"status\":\"200\",\"responseTime\":\"7.490\"}","timestamp":"2024-11-13T06:21:49.235Z"}
{"level":"info","message":"{\"method\":\"GET\",\"url\":\"/v1/api/vendor/getPresignedUrl?fileName=download.jpg&fileType=image%2Fjpeg\",\"status\":\"200\",\"responseTime\":\"9.567\"}","timestamp":"2024-11-13T06:21:49.669Z"}
{"level":"info","message":"{\"method\":\"POST\",\"url\":\"/v1/api/vendor/serviceImage/\",\"status\":\"200\",\"responseTime\":\"116.118\"}","timestamp":"2024-11-13T06:21:50.209Z"}
{"level":"info","message":"{\"method\":\"GET\",\"url\":\"/v1/api/vendor/unread-count\",\"status\":\"304\",\"responseTime\":\"73.270\"}","timestamp":"2024-11-13T06:22:09.048Z"}
{"level":"info","message":"{\"method\":\"GET\",\"url\":\"/v1/api/vendor/getPresignedUrl?fileName=WhatsApp+Image+2024-11-11+at+3.59.27+PM.jpeg&fileType=image%2Fjpeg\",\"status\":\"200\",\"responseTime\":\"7.055\"}","timestamp":"2024-11-13T06:22:13.636Z"}
{"level":"info","message":"{\"method\":\"POST\",\"url\":\"/v1/api/vendor/addDishes\",\"status\":\"200\",\"responseTime\":\"1829.833\"}","timestamp":"2024-11-13T06:22:24.699Z"}
{"level":"info","message":"{\"method\":\"GET\",\"url\":\"/v1/api/vendor/fetchDetailsVendor/66e3f158ebbcf3a47b4e768e\",\"status\":\"200\",\"responseTime\":\"35.415\"}","timestamp":"2024-11-13T06:22:28.317Z"}
{"level":"info","message":"{\"method\":\"GET\",\"url\":\"/v1/api/vendor/fetchDetailsVendor/66e3f158ebbcf3a47b4e768e\",\"status\":\"304\",\"responseTime\":\"35.081\"}","timestamp":"2024-11-13T06:22:28.356Z"}
{"level":"info","message":"{\"method\":\"GET\",\"url\":\"/v1/api/vendor/unread-count\",\"status\":\"304\",\"responseTime\":\"81.674\"}","timestamp":"2024-11-13T06:22:28.359Z"}
{"level":"info","message":"{\"method\":\"GET\",\"url\":\"/v1/api/vendor/fetchAuditoriumDetails/66e3f158ebbcf3a47b4e768e\",\"status\":\"304\",\"responseTime\":\"49.661\"}","timestamp":"2024-11-13T06:22:28.373Z"}
{"level":"info","message":"{\"method\":\"GET\",\"url\":\"/v1/api/vendor/fetchAuditoriumDetails/66e3f158ebbcf3a47b4e768e\",\"status\":\"304\",\"responseTime\":\"53.048\"}","timestamp":"2024-11-13T06:22:28.429Z"}
{"level":"info","message":"{\"method\":\"GET\",\"url\":\"/v1/api/vendor/unread-count\",\"status\":\"304\",\"responseTime\":\"78.365\"}","timestamp":"2024-11-13T06:22:28.441Z"}
{"level":"info","message":"{\"method\":\"GET\",\"url\":\"/v1/api/vendor/fetchFoodDetails/66e3f158ebbcf3a47b4e768e\",\"status\":\"200\",\"responseTime\":\"103.975\"}","timestamp":"2024-11-13T06:22:28.486Z"}
{"level":"info","message":"{\"method\":\"GET\",\"url\":\"/v1/api/vendor/fetchFoodDetails/66e3f158ebbcf3a47b4e768e\",\"status\":\"304\",\"responseTime\":\"58.178\"}","timestamp":"2024-11-13T06:22:28.547Z"}
{"level":"info","message":"{\"method\":\"GET\",\"url\":\"/v1/api/vendor/fetchReviews/66e3f158ebbcf3a47b4e768e\",\"status\":\"304\",\"responseTime\":\"66.151\"}","timestamp":"2024-11-13T06:22:28.559Z"}
{"level":"info","message":"{\"method\":\"GET\",\"url\":\"/v1/api/vendor/fetchReviews/66e3f158ebbcf3a47b4e768e\",\"status\":\"304\",\"responseTime\":\"44.001\"}","timestamp":"2024-11-13T06:22:28.607Z"}
{"level":"info","message":"{\"method\":\"GET\",\"url\":\"/v1/api/vendor/fetchDetailsVendor/66e3f158ebbcf3a47b4e768e\",\"status\":\"304\",\"responseTime\":\"34.909\"}","timestamp":"2024-11-13T06:22:32.647Z"}
{"level":"info","message":"{\"method\":\"GET\",\"url\":\"/v1/api/vendor/unread-count\",\"status\":\"304\",\"responseTime\":\"81.218\"}","timestamp":"2024-11-13T06:22:32.662Z"}
{"level":"info","message":"{\"method\":\"GET\",\"url\":\"/v1/api/vendor/fetchAuditoriumDetails/66e3f158ebbcf3a47b4e768e\",\"status\":\"304\",\"responseTime\":\"39.873\"}","timestamp":"2024-11-13T06:22:32.692Z"}
{"level":"info","message":"{\"method\":\"GET\",\"url\":\"/v1/api/vendor/fetchFoodDetails/66e3f158ebbcf3a47b4e768e\",\"status\":\"304\",\"responseTime\":\"82.260\"}","timestamp":"2024-11-13T06:22:32.781Z"}
{"level":"info","message":"{\"method\":\"GET\",\"url\":\"/v1/api/vendor/fetchReviews/66e3f158ebbcf3a47b4e768e\",\"status\":\"304\",\"responseTime\":\"49.653\"}","timestamp":"2024-11-13T06:22:32.837Z"}
{"level":"info","message":"{\"method\":\"PATCH\",\"url\":\"/v1/api/vendor/dishes/6734459edec0adbf34a63bde\",\"status\":\"200\",\"responseTime\":\"86.351\"}","timestamp":"2024-11-13T06:22:36.973Z"}
{"level":"info","message":"{\"method\":\"GET\",\"url\":\"/v1/api/vendor/fetchFoodDetails/66e3f158ebbcf3a47b4e768e\",\"status\":\"200\",\"responseTime\":\"79.301\"}","timestamp":"2024-11-13T06:22:37.059Z"}
{"level":"info","message":"{\"method\":\"GET\",\"url\":\"/v1/api/user/vendors\",\"status\":\"200\",\"responseTime\":\"45.111\"}","timestamp":"2024-11-13T06:22:47.666Z"}
{"level":"info","message":"{\"method\":\"GET\",\"url\":\"/v1/api/user/vendors\",\"status\":\"304\",\"responseTime\":\"38.139\"}","timestamp":"2024-11-13T06:22:52.233Z"}
{"level":"info","message":"{\"method\":\"GET\",\"url\":\"/v1/api/user/vendors\",\"status\":\"304\",\"responseTime\":\"33.968\"}","timestamp":"2024-11-13T06:22:52.269Z"}
{"level":"info","message":"{\"method\":\"GET\",\"url\":\"/v1/api/user/fetchReview?vendorId=66e3f158ebbcf3a47b4e768e&userId=67169bd88848b78cf8031e7c\",\"status\":\"304\",\"responseTime\":\"40.824\"}","timestamp":"2024-11-13T06:22:54.287Z"}
{"level":"info","message":"{\"method\":\"GET\",\"url\":\"/v1/api/user/fetchVendorDetails?vendorId=66e3f158ebbcf3a47b4e768e&userId=67169bd88848b78cf8031e7c\",\"status\":\"200\",\"responseTime\":\"72.443\"}","timestamp":"2024-11-13T06:22:54.313Z"}
{"level":"info","message":"{\"method\":\"GET\",\"url\":\"/v1/api/user/fetchReview?vendorId=66e3f158ebbcf3a47b4e768e&userId=67169bd88848b78cf8031e7c\",\"status\":\"304\",\"responseTime\":\"49.735\"}","timestamp":"2024-11-13T06:22:59.242Z"}
{"level":"info","message":"{\"method\":\"GET\",\"url\":\"/v1/api/user/fetchVendorDetails?vendorId=66e3f158ebbcf3a47b4e768e&userId=67169bd88848b78cf8031e7c\",\"status\":\"304\",\"responseTime\":\"71.102\"}","timestamp":"2024-11-13T06:22:59.259Z"}
{"level":"info","message":"{\"method\":\"GET\",\"url\":\"/v1/api/user/fetchReview?vendorId=66e3f158ebbcf3a47b4e768e&userId=67169bd88848b78cf8031e7c\",\"status\":\"304\",\"responseTime\":\"50.365\"}","timestamp":"2024-11-13T06:24:02.861Z"}
{"level":"info","message":"{\"method\":\"GET\",\"url\":\"/v1/api/user/fetchVendorDetails?vendorId=66e3f158ebbcf3a47b4e768e&userId=67169bd88848b78cf8031e7c\",\"status\":\"200\",\"responseTime\":\"84.691\"}","timestamp":"2024-11-13T06:24:02.911Z"}
{"level":"info","message":"{\"method\":\"GET\",\"url\":\"/v1/api/user/fetchReview?vendorId=66e3f158ebbcf3a47b4e768e&userId=67169bd88848b78cf8031e7c\",\"status\":\"304\",\"responseTime\":\"38.871\"}","timestamp":"2024-11-13T06:24:32.764Z"}
{"level":"info","message":"{\"method\":\"GET\",\"url\":\"/v1/api/user/fetchVendorDetails?vendorId=66e3f158ebbcf3a47b4e768e&userId=67169bd88848b78cf8031e7c\",\"status\":\"200\",\"responseTime\":\"89.075\"}","timestamp":"2024-11-13T06:24:32.811Z"}
