{"level":"info","message":"{\"method\":\"GET\",\"url\":\"/v1/api/user/vendors\",\"status\":\"304\",\"responseTime\":\"313.826\"}","timestamp":"2024-11-23T05:27:00.298Z"}
{"level":"info","message":"{\"method\":\"POST\",\"url\":\"/v1/api/user/login\",\"status\":\"404\",\"responseTime\":\"239.029\"}","timestamp":"2024-11-23T05:27:24.949Z"}
{"level":"info","message":"{\"method\":\"GET\",\"url\":\"/v1/api/vendor/unread-count\",\"status\":\"401\",\"responseTime\":\"10.241\"}","timestamp":"2024-11-23T05:27:36.279Z"}
{"level":"info","message":"{\"method\":\"POST\",\"url\":\"/v1/api/vendor/login\",\"status\":\"500\",\"responseTime\":\"107.132\"}","timestamp":"2024-11-23T05:27:47.186Z"}
{"level":"info","message":"{\"method\":\"POST\",\"url\":\"/v1/api/vendor/login\",\"status\":\"500\",\"responseTime\":\"331.875\"}","timestamp":"2024-11-23T05:29:00.760Z"}
{"level":"info","message":"{\"method\":\"POST\",\"url\":\"/v1/api/vendor/login\",\"status\":\"200\",\"responseTime\":\"390.904\"}","timestamp":"2024-11-23T05:29:10.220Z"}
{"level":"info","message":"{\"method\":\"GET\",\"url\":\"/v1/api/vendor/unread-count\",\"status\":\"401\",\"responseTime\":\"1.600\"}","timestamp":"2024-11-23T05:29:15.589Z"}
{"level":"info","message":"{\"method\":\"POST\",\"url\":\"/v1/api/vendor/login\",\"status\":\"500\",\"responseTime\":\"342.739\"}","timestamp":"2024-11-23T05:32:10.306Z"}
{"level":"info","message":"{\"method\":\"POST\",\"url\":\"/v1/api/vendor/logout\",\"status\":\"200\",\"responseTime\":\"8.374\"}","timestamp":"2024-11-23T05:32:16.418Z"}
{"level":"info","message":"{\"method\":\"GET\",\"url\":\"/v1/api/user/vendors\",\"status\":\"304\",\"responseTime\":\"182.844\"}","timestamp":"2024-11-23T05:32:17.579Z"}
{"level":"info","message":"{\"method\":\"GET\",\"url\":\"/v1/api/user/vendors\",\"status\":\"304\",\"responseTime\":\"87.037\"}","timestamp":"2024-11-23T05:32:17.672Z"}
{"level":"info","message":"{\"method\":\"GET\",\"url\":\"/v1/api/vendor/unread-count\",\"status\":\"401\",\"responseTime\":\"30.830\"}","timestamp":"2024-11-23T06:11:17.783Z"}
{"level":"info","message":"{\"method\":\"GET\",\"url\":\"/v1/api/vendor/unread-count\",\"status\":\"401\",\"responseTime\":\"5.162\"}","timestamp":"2024-11-23T06:11:50.784Z"}
{"level":"info","message":"{\"method\":\"GET\",\"url\":\"/v1/api/vendor/unread-count\",\"status\":\"401\",\"responseTime\":\"1.930\"}","timestamp":"2024-11-23T06:12:17.115Z"}
{"level":"info","message":"{\"method\":\"POST\",\"url\":\"/v1/api/vendor/login\",\"status\":\"500\",\"responseTime\":\"2948.823\"}","timestamp":"2024-11-23T06:12:48.658Z"}
{"level":"info","message":"{\"method\":\"POST\",\"url\":\"/v1/api/vendor/login\",\"status\":\"500\",\"responseTime\":\"138.441\"}","timestamp":"2024-11-23T06:12:49.143Z"}
{"level":"info","message":"{\"method\":\"POST\",\"url\":\"/v1/api/vendor/login\",\"status\":\"500\",\"responseTime\":\"1388.264\"}","timestamp":"2024-11-23T06:14:01.783Z"}
{"level":"info","message":"{\"method\":\"POST\",\"url\":\"/v1/api/vendor/login\",\"status\":\"500\",\"responseTime\":\"461.354\"}","timestamp":"2024-11-23T06:14:38.215Z"}
{"level":"info","message":"{\"method\":\"POST\",\"url\":\"/v1/api/vendor/login\",\"status\":\"500\",\"responseTime\":\"116.914\"}","timestamp":"2024-11-23T06:15:46.956Z"}
{"level":"info","message":"{\"method\":\"GET\",\"url\":\"/v1/api/vendor/unread-count\",\"status\":\"401\",\"responseTime\":\"8.417\"}","timestamp":"2024-11-23T06:16:40.090Z"}
{"level":"info","message":"{\"method\":\"POST\",\"url\":\"/v1/api/vendor/login\",\"status\":\"500\",\"responseTime\":\"120.272\"}","timestamp":"2024-11-23T06:16:47.471Z"}
{"level":"info","message":"{\"method\":\"GET\",\"url\":\"/v1/api/vendor/unread-count\",\"status\":\"401\",\"responseTime\":\"6.495\"}","timestamp":"2024-11-23T06:17:33.516Z"}
{"level":"info","message":"{\"method\":\"POST\",\"url\":\"/v1/api/vendor/login\",\"status\":\"500\",\"responseTime\":\"198.390\"}","timestamp":"2024-11-23T06:17:43.694Z"}
{"level":"info","message":"{\"method\":\"GET\",\"url\":\"/v1/api/vendor/unread-count\",\"status\":\"401\",\"responseTime\":\"2.565\"}","timestamp":"2024-11-23T06:19:45.147Z"}
{"level":"info","message":"{\"method\":\"POST\",\"url\":\"/v1/api/vendor/login\",\"status\":\"500\",\"responseTime\":\"147.265\"}","timestamp":"2024-11-23T06:19:55.803Z"}
{"level":"info","message":"{\"method\":\"POST\",\"url\":\"/v1/api/vendor/login\",\"status\":\"500\",\"responseTime\":\"98.581\"}","timestamp":"2024-11-23T06:21:25.245Z"}
{"level":"info","message":"{\"method\":\"POST\",\"url\":\"/v1/api/user/login\",\"status\":\"401\",\"responseTime\":\"544.876\"}","timestamp":"2024-11-23T06:24:48.237Z"}
{"level":"info","message":"{\"method\":\"GET\",\"url\":\"/v1/api/vendor/unread-count\",\"status\":\"401\",\"responseTime\":\"7.636\"}","timestamp":"2024-11-23T06:27:29.479Z"}
{"level":"info","message":"{\"method\":\"POST\",\"url\":\"/v1/api/vendor/login\",\"status\":\"500\",\"responseTime\":\"174.634\"}","timestamp":"2024-11-23T06:27:40.086Z"}
{"level":"info","message":"{\"method\":\"GET\",\"url\":\"/v1/api/vendor/unread-count\",\"status\":\"401\",\"responseTime\":\"5.952\"}","timestamp":"2024-11-23T08:29:36.215Z"}
{"level":"info","message":"{\"method\":\"POST\",\"url\":\"/v1/api/vendor/login\",\"status\":\"500\",\"responseTime\":\"96.788\"}","timestamp":"2024-11-23T08:29:44.107Z"}
{"level":"info","message":"{\"method\":\"POST\",\"url\":\"/v1/api/vendor/login\",\"status\":\"500\",\"responseTime\":\"1308.469\"}","timestamp":"2024-11-23T08:41:01.491Z"}
