{"level":"info","message":"{\"method\":\"GET\",\"url\":\"/v1/api/users/vendors\",\"status\":\"200\",\"responseTime\":\"166.302\"}","timestamp":"2024-11-03T12:55:41.579Z"}
{"level":"info","message":"{\"method\":\"GET\",\"url\":\"/v1/api/users/vendors\",\"status\":\"304\",\"responseTime\":\"116.071\"}","timestamp":"2024-11-03T12:55:49.188Z"}
{"level":"info","message":"{\"method\":\"GET\",\"url\":\"/v1/api/users/vendors\",\"status\":\"304\",\"responseTime\":\"103.827\"}","timestamp":"2024-11-03T12:57:00.375Z"}
{"level":"info","message":"{\"method\":\"GET\",\"url\":\"/v1/api/users/vendors\",\"status\":\"304\",\"responseTime\":\"314.278\"}","timestamp":"2024-11-03T12:57:07.779Z"}
{"level":"info","message":"{\"method\":\"POST\",\"url\":\"/v1/api/users/login\",\"status\":\"200\",\"responseTime\":\"550.504\"}","timestamp":"2024-11-03T12:57:21.678Z"}
{"level":"info","message":"{\"method\":\"GET\",\"url\":\"/v1/api/users/vendors\",\"status\":\"304\",\"responseTime\":\"106.707\"}","timestamp":"2024-11-03T12:57:22.527Z"}
{"level":"info","message":"{\"method\":\"GET\",\"url\":\"/v1/api/users/vendors\",\"status\":\"304\",\"responseTime\":\"131.205\"}","timestamp":"2024-11-03T12:57:24.746Z"}
{"level":"info","message":"{\"method\":\"GET\",\"url\":\"/v1/api/users/fetchReview?vendorId=66e3f158ebbcf3a47b4e768e&userId=67169bd88848b78cf8031e7c\",\"status\":\"200\",\"responseTime\":\"122.069\"}","timestamp":"2024-11-03T12:57:27.285Z"}
{"level":"info","message":"{\"method\":\"GET\",\"url\":\"/v1/api/users/fetchVendorDetails?vendorId=66e3f158ebbcf3a47b4e768e&userId=67169bd88848b78cf8031e7c\",\"status\":\"200\",\"responseTime\":\"231.620\"}","timestamp":"2024-11-03T12:57:27.387Z"}
{"level":"info","message":"{\"method\":\"GET\",\"url\":\"/v1/api/users/fetchReview?vendorId=66e3f158ebbcf3a47b4e768e&userId=67169bd88848b78cf8031e7c\",\"status\":\"304\",\"responseTime\":\"289.293\"}","timestamp":"2024-11-03T12:57:35.013Z"}
{"level":"info","message":"{\"method\":\"GET\",\"url\":\"/v1/api/users/fetchVendorDetails?vendorId=66e3f158ebbcf3a47b4e768e&userId=67169bd88848b78cf8031e7c\",\"status\":\"304\",\"responseTime\":\"413.071\"}","timestamp":"2024-11-03T12:57:35.132Z"}
{"level":"info","message":"{\"method\":\"GET\",\"url\":\"/v1/api/users/vendors\",\"status\":\"304\",\"responseTime\":\"125.530\"}","timestamp":"2024-11-03T13:00:29.963Z"}
{"level":"info","message":"{\"method\":\"GET\",\"url\":\"/v1/api/users/vendors\",\"status\":\"304\",\"responseTime\":\"129.796\"}","timestamp":"2024-11-03T13:00:36.500Z"}
{"level":"info","message":"{\"method\":\"GET\",\"url\":\"/v1/api/users/vendors\",\"status\":\"304\",\"responseTime\":\"196.034\"}","timestamp":"2024-11-03T13:01:00.543Z"}
{"level":"info","message":"{\"method\":\"GET\",\"url\":\"/v1/api/users/vendors\",\"status\":\"304\",\"responseTime\":\"112.944\"}","timestamp":"2024-11-03T13:01:03.232Z"}
{"level":"info","message":"{\"method\":\"POST\",\"url\":\"/v1/api/users/login\",\"status\":\"200\",\"responseTime\":\"602.233\"}","timestamp":"2024-11-03T13:01:18.022Z"}
{"level":"info","message":"{\"method\":\"GET\",\"url\":\"/v1/api/users/vendors\",\"status\":\"304\",\"responseTime\":\"118.887\"}","timestamp":"2024-11-03T13:01:19.729Z"}
{"level":"info","message":"{\"method\":\"GET\",\"url\":\"/v1/api/users/vendors\",\"status\":\"304\",\"responseTime\":\"105.692\"}","timestamp":"2024-11-03T13:01:21.406Z"}
{"level":"info","message":"{\"method\":\"GET\",\"url\":\"/v1/api/users/vendors\",\"status\":\"304\",\"responseTime\":\"107.935\"}","timestamp":"2024-11-03T13:01:26.179Z"}
{"level":"info","message":"{\"method\":\"GET\",\"url\":\"/v1/api/users/vendors\",\"status\":\"304\",\"responseTime\":\"285.778\"}","timestamp":"2024-11-03T13:01:43.012Z"}
{"level":"info","message":"{\"method\":\"GET\",\"url\":\"/v1/api/users/userunread-count?userId=67169bd88848b78cf8031e7c\",\"status\":\"200\",\"responseTime\":\"282.805\"}","timestamp":"2024-11-03T13:01:48.685Z"}
{"level":"info","message":"{\"method\":\"GET\",\"url\":\"/v1/api/users/fetchBookingDetails/67169bd88848b78cf8031e7c\",\"status\":\"200\",\"responseTime\":\"253.494\"}","timestamp":"2024-11-03T13:01:50.965Z"}
{"level":"info","message":"{\"method\":\"GET\",\"url\":\"/v1/api/users/fetchNotifications?userId=67169bd88848b78cf8031e7c\",\"status\":\"200\",\"responseTime\":\"417.052\"}","timestamp":"2024-11-03T13:01:53.959Z"}
{"level":"info","message":"{\"method\":\"GET\",\"url\":\"/v1/api/users/fetchNotifications?userId=67169bd88848b78cf8031e7c\",\"status\":\"304\",\"responseTime\":\"425.740\"}","timestamp":"2024-11-03T13:02:02.480Z"}
{"level":"info","message":"{\"method\":\"GET\",\"url\":\"/v1/api/users/userunread-count?userId=67169bd88848b78cf8031e7c\",\"status\":\"304\",\"responseTime\":\"436.249\"}","timestamp":"2024-11-03T13:02:02.485Z"}
{"level":"info","message":"{\"method\":\"GET\",\"url\":\"/v1/api/users/vendors\",\"status\":\"304\",\"responseTime\":\"105.552\"}","timestamp":"2024-11-03T13:02:04.615Z"}
{"level":"info","message":"{\"method\":\"GET\",\"url\":\"/v1/api/users/vendors\",\"status\":\"304\",\"responseTime\":\"320.783\"}","timestamp":"2024-11-03T13:02:09.346Z"}
{"level":"info","message":"{\"method\":\"GET\",\"url\":\"/v1/api/users/vendors\",\"status\":\"304\",\"responseTime\":\"102.643\"}","timestamp":"2024-11-03T13:03:02.017Z"}
{"level":"info","message":"{\"method\":\"POST\",\"url\":\"/v1/api/users/login\",\"status\":\"200\",\"responseTime\":\"312.799\"}","timestamp":"2024-11-03T13:04:27.007Z"}
{"level":"info","message":"{\"method\":\"GET\",\"url\":\"/v1/api/users/vendors\",\"status\":\"200\",\"responseTime\":\"96.110\"}","timestamp":"2024-11-03T13:04:29.496Z"}
{"level":"info","message":"{\"method\":\"GET\",\"url\":\"/v1/api/users/vendors\",\"status\":\"200\",\"responseTime\":\"121.305\"}","timestamp":"2024-11-03T13:04:31.380Z"}
