{"level":"info","message":"{\"method\":\"GET\",\"url\":\"/v1/api/user/vendors\",\"status\":\"200\",\"responseTime\":\"183.971\"}","timestamp":"2024-11-12T04:44:52.335Z"}
{"level":"info","message":"{\"method\":\"POST\",\"url\":\"/v1/api/user/login\",\"status\":\"200\",\"responseTime\":\"341.867\"}","timestamp":"2024-11-12T04:45:09.086Z"}
{"level":"info","message":"{\"method\":\"GET\",\"url\":\"/v1/api/user/vendors\",\"status\":\"304\",\"responseTime\":\"73.583\"}","timestamp":"2024-11-12T04:45:10.970Z"}
{"level":"info","message":"{\"method\":\"GET\",\"url\":\"/v1/api/user/vendors\",\"status\":\"304\",\"responseTime\":\"58.477\"}","timestamp":"2024-11-12T04:45:16.792Z"}
{"level":"info","message":"{\"method\":\"GET\",\"url\":\"/v1/api/user/vendors\",\"status\":\"304\",\"responseTime\":\"297.900\"}","timestamp":"2024-11-12T04:45:17.102Z"}
{"level":"info","message":"{\"method\":\"GET\",\"url\":\"/v1/api/user/fetchReview?vendorId=66e3f158ebbcf3a47b4e768e&userId=67169bd88848b78cf8031e7c\",\"status\":\"304\",\"responseTime\":\"173.807\"}","timestamp":"2024-11-12T04:45:23.967Z"}
{"level":"info","message":"{\"method\":\"GET\",\"url\":\"/v1/api/user/fetchVendorDetails?vendorId=66e3f158ebbcf3a47b4e768e&userId=67169bd88848b78cf8031e7c\",\"status\":\"304\",\"responseTime\":\"481.790\"}","timestamp":"2024-11-12T04:45:24.270Z"}
{"level":"info","message":"{\"method\":\"GET\",\"url\":\"/v1/api/user/slots/66e3f158ebbcf3a47b4e768e\",\"status\":\"200\",\"responseTime\":\"320.472\"}","timestamp":"2024-11-12T04:45:29.521Z"}
{"level":"info","message":"{\"method\":\"POST\",\"url\":\"/v1/api/user/payment\",\"status\":\"400\",\"responseTime\":\"48.739\"}","timestamp":"2024-11-12T04:45:47.826Z"}
{"level":"info","message":"{\"method\":\"POST\",\"url\":\"/v1/api/user/payment\",\"status\":\"400\",\"responseTime\":\"12.055\"}","timestamp":"2024-11-12T04:45:47.845Z"}
{"level":"info","message":"{\"method\":\"GET\",\"url\":\"/v1/api/user/fetchFoodDetails/66e3f158ebbcf3a47b4e768e\",\"status\":\"200\",\"responseTime\":\"368.890\"}","timestamp":"2024-11-12T04:48:49.084Z"}
{"level":"info","message":"{\"method\":\"GET\",\"url\":\"/v1/api/user/fetchFoodDetails/66e3f158ebbcf3a47b4e768e\",\"status\":\"304\",\"responseTime\":\"128.997\"}","timestamp":"2024-11-12T04:48:49.220Z"}
{"level":"info","message":"{\"method\":\"GET\",\"url\":\"/v1/api/user/fetchdishes/66f25562961286353dc1fee4\",\"status\":\"200\",\"responseTime\":\"74.792\"}","timestamp":"2024-11-12T04:48:52.127Z"}
{"level":"info","message":"{\"method\":\"GET\",\"url\":\"/v1/api/user/fetchdishes/66f25562961286353dc1fee4\",\"status\":\"304\",\"responseTime\":\"56.575\"}","timestamp":"2024-11-12T04:48:52.191Z"}
{"level":"info","message":"{\"method\":\"GET\",\"url\":\"/v1/api/user/fetchAuditoriumDetails/66e3f158ebbcf3a47b4e768e\",\"status\":\"200\",\"responseTime\":\"138.277\"}","timestamp":"2024-11-12T04:48:57.279Z"}
{"level":"info","message":"{\"method\":\"GET\",\"url\":\"/v1/api/user/fetchAuditoriumDetails/66e3f158ebbcf3a47b4e768e\",\"status\":\"304\",\"responseTime\":\"292.387\"}","timestamp":"2024-11-12T04:48:57.576Z"}
{"level":"info","message":"{\"method\":\"GET\",\"url\":\"/v1/api/user/fetchauditorium/672b315db9e6613b64c4a475\",\"status\":\"200\",\"responseTime\":\"274.627\"}","timestamp":"2024-11-12T04:49:00.343Z"}
{"level":"info","message":"{\"method\":\"GET\",\"url\":\"/v1/api/user/fetchauditorium/672b315db9e6613b64c4a475\",\"status\":\"304\",\"responseTime\":\"384.147\"}","timestamp":"2024-11-12T04:49:00.730Z"}
{"level":"info","message":"{\"method\":\"GET\",\"url\":\"/v1/api/user/slots/66e3f158ebbcf3a47b4e768e\",\"status\":\"304\",\"responseTime\":\"241.457\"}","timestamp":"2024-11-12T04:49:02.624Z"}
{"level":"info","message":"{\"method\":\"POST\",\"url\":\"/v1/api/user/payment\",\"status\":\"200\",\"responseTime\":\"374.978\"}","timestamp":"2024-11-12T04:49:13.021Z"}
{"level":"info","message":"{\"method\":\"POST\",\"url\":\"/v1/api/user/payment\",\"status\":\"200\",\"responseTime\":\"321.375\"}","timestamp":"2024-11-12T04:49:13.026Z"}
{"level":"info","message":"{\"method\":\"GET\",\"url\":\"/v1/api/user/vendors\",\"status\":\"200\",\"responseTime\":\"335.665\"}","timestamp":"2024-11-12T04:50:53.652Z"}
{"level":"info","message":"{\"method\":\"GET\",\"url\":\"/v1/api/user/vendors\",\"status\":\"200\",\"responseTime\":\"310.403\"}","timestamp":"2024-11-12T04:50:53.658Z"}
{"level":"info","message":"{\"method\":\"GET\",\"url\":\"/v1/api/user/vendors\",\"status\":\"200\",\"responseTime\":\"273.393\"}","timestamp":"2024-11-12T04:57:47.473Z"}
{"level":"info","message":"{\"method\":\"GET\",\"url\":\"/v1/api/user/vendors\",\"status\":\"200\",\"responseTime\":\"53.348\"}","timestamp":"2024-11-12T04:57:57.329Z"}
{"level":"info","message":"{\"method\":\"GET\",\"url\":\"/v1/api/user/vendors\",\"status\":\"200\",\"responseTime\":\"65.114\"}","timestamp":"2024-11-12T04:58:06.368Z"}
{"level":"info","message":"{\"method\":\"POST\",\"url\":\"/v1/api/user/login\",\"status\":\"200\",\"responseTime\":\"331.848\"}","timestamp":"2024-11-12T04:58:13.004Z"}
{"level":"info","message":"{\"method\":\"GET\",\"url\":\"/v1/api/user/vendors\",\"status\":\"200\",\"responseTime\":\"70.971\"}","timestamp":"2024-11-12T04:58:15.017Z"}
{"level":"info","message":"{\"method\":\"GET\",\"url\":\"/v1/api/user/vendors\",\"status\":\"200\",\"responseTime\":\"77.859\"}","timestamp":"2024-11-12T04:58:19.737Z"}
{"level":"info","message":"{\"method\":\"GET\",\"url\":\"/v1/api/user/fetchReview?vendorId=66e3f158ebbcf3a47b4e768e&userId=67169bd88848b78cf8031e7c\",\"status\":\"200\",\"responseTime\":\"76.056\"}","timestamp":"2024-11-12T04:58:21.861Z"}
{"level":"info","message":"{\"method\":\"GET\",\"url\":\"/v1/api/user/fetchVendorDetails?vendorId=66e3f158ebbcf3a47b4e768e&userId=67169bd88848b78cf8031e7c\",\"status\":\"200\",\"responseTime\":\"132.866\"}","timestamp":"2024-11-12T04:58:21.935Z"}
{"level":"info","message":"{\"method\":\"GET\",\"url\":\"/v1/api/user/slots/66e3f158ebbcf3a47b4e768e\",\"status\":\"200\",\"responseTime\":\"63.900\"}","timestamp":"2024-11-12T04:58:26.638Z"}
{"level":"info","message":"{\"method\":\"GET\",\"url\":\"/v1/api/user/fetchFoodDetails/66e3f158ebbcf3a47b4e768e\",\"status\":\"200\",\"responseTime\":\"65.626\"}","timestamp":"2024-11-12T04:58:34.969Z"}
{"level":"info","message":"{\"method\":\"GET\",\"url\":\"/v1/api/user/fetchdishes/66f25562961286353dc1fee4\",\"status\":\"200\",\"responseTime\":\"50.556\"}","timestamp":"2024-11-12T04:58:36.915Z"}
{"level":"info","message":"{\"method\":\"GET\",\"url\":\"/v1/api/user/fetchAuditoriumDetails/66e3f158ebbcf3a47b4e768e\",\"status\":\"200\",\"responseTime\":\"54.677\"}","timestamp":"2024-11-12T04:58:41.448Z"}
{"level":"info","message":"{\"method\":\"GET\",\"url\":\"/v1/api/user/fetchauditorium/66f2565c961286353dc1feff\",\"status\":\"200\",\"responseTime\":\"41.142\"}","timestamp":"2024-11-12T04:58:43.584Z"}
{"level":"info","message":"{\"method\":\"GET\",\"url\":\"/v1/api/user/slots/66e3f158ebbcf3a47b4e768e\",\"status\":\"200\",\"responseTime\":\"41.172\"}","timestamp":"2024-11-12T04:58:47.404Z"}
{"level":"info","message":"{\"method\":\"POST\",\"url\":\"/v1/api/user/payment\",\"status\":\"200\",\"responseTime\":\"319.630\"}","timestamp":"2024-11-12T04:58:59.734Z"}
{"level":"info","message":"{\"method\":\"POST\",\"url\":\"/v1/api/user/response/saveData\",\"status\":\"200\",\"responseTime\":\"866.372\"}","timestamp":"2024-11-12T05:00:25.546Z"}
{"level":"info","message":"{\"method\":\"GET\",\"url\":\"/v1/api/user/vendors\",\"status\":\"304\",\"responseTime\":\"123.660\"}","timestamp":"2024-11-12T05:07:06.780Z"}
{"level":"info","message":"{\"method\":\"GET\",\"url\":\"/v1/api/user/vendors\",\"status\":\"304\",\"responseTime\":\"75.668\"}","timestamp":"2024-11-12T05:07:11.513Z"}
{"level":"info","message":"{\"method\":\"GET\",\"url\":\"/v1/api/user/fetchReview?vendorId=66e3f158ebbcf3a47b4e768e&userId=67169bd88848b78cf8031e7c\",\"status\":\"304\",\"responseTime\":\"112.800\"}","timestamp":"2024-11-12T05:07:14.740Z"}
{"level":"info","message":"{\"method\":\"GET\",\"url\":\"/v1/api/user/fetchVendorDetails?vendorId=66e3f158ebbcf3a47b4e768e&userId=67169bd88848b78cf8031e7c\",\"status\":\"304\",\"responseTime\":\"319.658\"}","timestamp":"2024-11-12T05:07:15.007Z"}
{"level":"info","message":"{\"method\":\"GET\",\"url\":\"/v1/api/user/slots/66e3f158ebbcf3a47b4e768e\",\"status\":\"200\",\"responseTime\":\"58.750\"}","timestamp":"2024-11-12T05:07:21.454Z"}
{"level":"info","message":"{\"method\":\"POST\",\"url\":\"/v1/api/user/payment\",\"status\":\"200\",\"responseTime\":\"104.236\"}","timestamp":"2024-11-12T05:07:36.854Z"}
{"level":"info","message":"{\"method\":\"GET\",\"url\":\"/v1/api/user/vendors\",\"status\":\"304\",\"responseTime\":\"47.844\"}","timestamp":"2024-11-12T05:08:33.902Z"}
{"level":"info","message":"{\"method\":\"GET\",\"url\":\"/v1/api/user/vendors\",\"status\":\"304\",\"responseTime\":\"103.293\"}","timestamp":"2024-11-12T05:16:17.853Z"}
{"level":"info","message":"{\"method\":\"GET\",\"url\":\"/v1/api/user/vendors\",\"status\":\"304\",\"responseTime\":\"55.106\"}","timestamp":"2024-11-12T05:16:20.082Z"}
{"level":"info","message":"{\"method\":\"GET\",\"url\":\"/v1/api/user/userunread-count?userId=67169bd88848b78cf8031e7c\",\"status\":\"200\",\"responseTime\":\"612.628\"}","timestamp":"2024-11-12T05:16:28.006Z"}
{"level":"info","message":"{\"method\":\"GET\",\"url\":\"/v1/api/user/fetchBookingDetails/67169bd88848b78cf8031e7c\",\"status\":\"200\",\"responseTime\":\"192.929\"}","timestamp":"2024-11-12T05:16:29.910Z"}
{"level":"info","message":"{\"method\":\"GET\",\"url\":\"/v1/api/user/vendors\",\"status\":\"304\",\"responseTime\":\"88.877\"}","timestamp":"2024-11-12T05:16:39.379Z"}
{"level":"info","message":"{\"method\":\"GET\",\"url\":\"/v1/api/user/vendors\",\"status\":\"304\",\"responseTime\":\"44.054\"}","timestamp":"2024-11-12T05:17:20.083Z"}
{"level":"info","message":"{\"method\":\"GET\",\"url\":\"/v1/api/user/vendors\",\"status\":\"304\",\"responseTime\":\"49.387\"}","timestamp":"2024-11-12T05:17:21.303Z"}
{"level":"info","message":"{\"method\":\"GET\",\"url\":\"/v1/api/user/fetchReview?vendorId=66e3f158ebbcf3a47b4e768e&userId=67169bd88848b78cf8031e7c\",\"status\":\"304\",\"responseTime\":\"49.272\"}","timestamp":"2024-11-12T05:17:24.801Z"}
{"level":"info","message":"{\"method\":\"GET\",\"url\":\"/v1/api/user/fetchVendorDetails?vendorId=66e3f158ebbcf3a47b4e768e&userId=67169bd88848b78cf8031e7c\",\"status\":\"304\",\"responseTime\":\"90.425\"}","timestamp":"2024-11-12T05:17:24.838Z"}
{"level":"info","message":"{\"method\":\"GET\",\"url\":\"/v1/api/user/slots/66e3f158ebbcf3a47b4e768e\",\"status\":\"304\",\"responseTime\":\"281.688\"}","timestamp":"2024-11-12T05:17:31.400Z"}
{"level":"info","message":"{\"method\":\"POST\",\"url\":\"/v1/api/user/payment\",\"status\":\"200\",\"responseTime\":\"119.574\"}","timestamp":"2024-11-12T05:17:54.256Z"}
{"level":"info","message":"{\"method\":\"GET\",\"url\":\"/v1/api/user/vendors\",\"status\":\"304\",\"responseTime\":\"825.054\"}","timestamp":"2024-11-12T05:58:10.501Z"}
{"level":"info","message":"{\"method\":\"GET\",\"url\":\"/v1/api/user/vendors\",\"status\":\"304\",\"responseTime\":\"56.051\"}","timestamp":"2024-11-12T05:58:12.624Z"}
{"level":"info","message":"{\"method\":\"GET\",\"url\":\"/v1/api/user/fetchVendorDetails?vendorId=66e3f158ebbcf3a47b4e768e&userId=67169bd88848b78cf8031e7c\",\"status\":\"304\",\"responseTime\":\"148.948\"}","timestamp":"2024-11-12T05:58:15.302Z"}
{"level":"info","message":"{\"method\":\"GET\",\"url\":\"/v1/api/user/fetchReview?vendorId=66e3f158ebbcf3a47b4e768e&userId=67169bd88848b78cf8031e7c\",\"status\":\"304\",\"responseTime\":\"494.676\"}","timestamp":"2024-11-12T05:58:15.668Z"}
{"level":"info","message":"{\"method\":\"GET\",\"url\":\"/v1/api/user/slots/66e3f158ebbcf3a47b4e768e\",\"status\":\"304\",\"responseTime\":\"53.889\"}","timestamp":"2024-11-12T05:58:18.971Z"}
{"level":"info","message":"{\"method\":\"POST\",\"url\":\"/v1/api/user/payment\",\"status\":\"200\",\"responseTime\":\"336.700\"}","timestamp":"2024-11-12T05:58:33.348Z"}
{"level":"info","message":"{\"method\":\"POST\",\"url\":\"/v1/api/user/payment\",\"status\":\"400\",\"responseTime\":\"301.300\"}","timestamp":"2024-11-12T06:10:34.251Z"}
{"level":"info","message":"{\"method\":\"POST\",\"url\":\"/v1/api/user/payment\",\"status\":\"400\",\"responseTime\":\"21.492\"}","timestamp":"2024-11-12T06:10:44.005Z"}
{"level":"info","message":"{\"method\":\"POST\",\"url\":\"/v1/api/user/payment\",\"status\":\"400\",\"responseTime\":\"19.482\"}","timestamp":"2024-11-12T06:10:45.953Z"}
{"level":"info","message":"{\"method\":\"POST\",\"url\":\"/v1/api/user/payment\",\"status\":\"400\",\"responseTime\":\"24.655\"}","timestamp":"2024-11-12T06:11:08.236Z"}
{"level":"info","message":"{\"method\":\"POST\",\"url\":\"/v1/api/user/payment\",\"status\":\"400\",\"responseTime\":\"20.170\"}","timestamp":"2024-11-12T06:11:09.435Z"}
{"level":"info","message":"{\"method\":\"GET\",\"url\":\"/v1/api/user/slots/66e3f158ebbcf3a47b4e768e\",\"status\":\"304\",\"responseTime\":\"48.223\"}","timestamp":"2024-11-12T06:11:24.520Z"}
{"level":"info","message":"{\"method\":\"POST\",\"url\":\"/v1/api/user/payment\",\"status\":\"200\",\"responseTime\":\"290.535\"}","timestamp":"2024-11-12T06:11:40.021Z"}
{"level":"info","message":"{\"method\":\"GET\",\"url\":\"/v1/api/user/vendors\",\"status\":\"304\",\"responseTime\":\"66.279\"}","timestamp":"2024-11-12T06:12:27.999Z"}
{"level":"info","message":"{\"method\":\"GET\",\"url\":\"/v1/api/user/vendors\",\"status\":\"304\",\"responseTime\":\"61.291\"}","timestamp":"2024-11-12T06:12:33.180Z"}
{"level":"info","message":"{\"method\":\"GET\",\"url\":\"/v1/api/user/fetchReview?vendorId=66e3f158ebbcf3a47b4e768e&userId=67169bd88848b78cf8031e7c\",\"status\":\"304\",\"responseTime\":\"277.302\"}","timestamp":"2024-11-12T06:12:37.146Z"}
{"level":"info","message":"{\"method\":\"GET\",\"url\":\"/v1/api/user/fetchVendorDetails?vendorId=66e3f158ebbcf3a47b4e768e&userId=67169bd88848b78cf8031e7c\",\"status\":\"304\",\"responseTime\":\"324.966\"}","timestamp":"2024-11-12T06:12:37.190Z"}
{"level":"info","message":"{\"method\":\"GET\",\"url\":\"/v1/api/user/userunread-count?userId=67169bd88848b78cf8031e7c\",\"status\":\"304\",\"responseTime\":\"132.681\"}","timestamp":"2024-11-12T06:15:31.138Z"}
{"level":"info","message":"{\"method\":\"GET\",\"url\":\"/v1/api/user/fetchNotifications?userId=67169bd88848b78cf8031e7c\",\"status\":\"200\",\"responseTime\":\"244.497\"}","timestamp":"2024-11-12T06:15:31.245Z"}
{"level":"info","message":"{\"method\":\"GET\",\"url\":\"/v1/api/user/vendors\",\"status\":\"304\",\"responseTime\":\"46.284\"}","timestamp":"2024-11-12T06:15:38.173Z"}
{"level":"info","message":"{\"method\":\"GET\",\"url\":\"/v1/api/user/vendors\",\"status\":\"304\",\"responseTime\":\"41.499\"}","timestamp":"2024-11-12T06:15:41.730Z"}
{"level":"info","message":"{\"method\":\"GET\",\"url\":\"/v1/api/user/vendors\",\"status\":\"304\",\"responseTime\":\"49.260\"}","timestamp":"2024-11-12T06:15:53.835Z"}
