{"level":"info","message":"{\"method\":\"GET\",\"url\":\"/v1/api/user/vendors\",\"status\":\"304\",\"responseTime\":\"279.637\"}","timestamp":"2024-11-11T06:04:52.676Z"}
{"level":"info","message":"{\"method\":\"GET\",\"url\":\"/v1/api/user/vendors\",\"status\":\"304\",\"responseTime\":\"57.658\"}","timestamp":"2024-11-11T06:05:28.898Z"}
{"level":"info","message":"{\"method\":\"GET\",\"url\":\"/v1/api/user/vendors\",\"status\":\"304\",\"responseTime\":\"56.569\"}","timestamp":"2024-11-11T06:05:28.978Z"}
{"level":"info","message":"{\"method\":\"GET\",\"url\":\"/v1/api/user/fetchReview?vendorId=66e3f158ebbcf3a47b4e768e&userId=67169bd88848b78cf8031e7c\",\"status\":\"304\",\"responseTime\":\"72.346\"}","timestamp":"2024-11-11T06:05:52.483Z"}
{"level":"info","message":"{\"method\":\"GET\",\"url\":\"/v1/api/user/fetchVendorDetails?vendorId=66e3f158ebbcf3a47b4e768e&userId=67169bd88848b78cf8031e7c\",\"status\":\"304\",\"responseTime\":\"172.397\"}","timestamp":"2024-11-11T06:05:52.605Z"}
{"level":"info","message":"{\"method\":\"GET\",\"url\":\"/v1/api/user/slots/66e3f158ebbcf3a47b4e768e\",\"status\":\"200\",\"responseTime\":\"403.335\"}","timestamp":"2024-11-11T06:08:26.088Z"}
{"level":"info","message":"{\"method\":\"POST\",\"url\":\"/v1/api/user/payment\",\"status\":\"200\",\"responseTime\":\"27.924\"}","timestamp":"2024-11-11T06:08:45.204Z"}
{"level":"info","message":"{\"method\":\"POST\",\"url\":\"/v1/api/user/payment\",\"status\":\"200\",\"responseTime\":\"7.032\"}","timestamp":"2024-11-11T06:08:45.218Z"}
{"level":"info","message":"{\"method\":\"POST\",\"url\":\"/v1/api/user/payment\",\"status\":\"400\",\"responseTime\":\"5.411\"}","timestamp":"2024-11-11T06:09:53.159Z"}
{"level":"info","message":"{\"method\":\"POST\",\"url\":\"/v1/api/user/payment\",\"status\":\"400\",\"responseTime\":\"1.085\"}","timestamp":"2024-11-11T06:09:53.167Z"}
{"level":"info","message":"{\"method\":\"POST\",\"url\":\"/v1/api/user/payment\",\"status\":\"200\",\"responseTime\":\"13.589\"}","timestamp":"2024-11-11T06:10:18.951Z"}
{"level":"info","message":"{\"method\":\"POST\",\"url\":\"/v1/api/user/payment\",\"status\":\"200\",\"responseTime\":\"8.720\"}","timestamp":"2024-11-11T06:10:18.962Z"}
{"level":"info","message":"{\"method\":\"GET\",\"url\":\"/v1/api/user/fetchReview?vendorId=66e3f158ebbcf3a47b4e768e&userId=67169bd88848b78cf8031e7c\",\"status\":\"304\",\"responseTime\":\"53.980\"}","timestamp":"2024-11-11T06:13:59.108Z"}
{"level":"info","message":"{\"method\":\"GET\",\"url\":\"/v1/api/user/fetchVendorDetails?vendorId=66e3f158ebbcf3a47b4e768e&userId=67169bd88848b78cf8031e7c\",\"status\":\"304\",\"responseTime\":\"105.046\"}","timestamp":"2024-11-11T06:13:59.148Z"}
{"level":"info","message":"{\"method\":\"GET\",\"url\":\"/v1/api/user/slots/66e3f158ebbcf3a47b4e768e\",\"status\":\"304\",\"responseTime\":\"326.326\"}","timestamp":"2024-11-11T06:40:41.085Z"}
{"level":"info","message":"{\"method\":\"POST\",\"url\":\"/v1/api/user/payment\",\"status\":\"200\",\"responseTime\":\"14.853\"}","timestamp":"2024-11-11T06:40:58.531Z"}
{"level":"info","message":"{\"method\":\"POST\",\"url\":\"/v1/api/user/payment\",\"status\":\"200\",\"responseTime\":\"30.114\"}","timestamp":"2024-11-11T06:40:58.564Z"}
{"level":"info","message":"{\"method\":\"GET\",\"url\":\"/v1/api/user/vendors\",\"status\":\"304\",\"responseTime\":\"903.982\"}","timestamp":"2024-11-11T08:46:30.212Z"}
{"level":"info","message":"{\"method\":\"GET\",\"url\":\"/v1/api/user/vendors\",\"status\":\"304\",\"responseTime\":\"275.831\"}","timestamp":"2024-11-11T08:47:08.772Z"}
{"level":"info","message":"{\"method\":\"GET\",\"url\":\"/v1/api/user/vendors\",\"status\":\"304\",\"responseTime\":\"236.760\"}","timestamp":"2024-11-11T08:47:09.012Z"}
{"level":"info","message":"{\"method\":\"GET\",\"url\":\"/v1/api/user/fetchReview?vendorId=66e3f158ebbcf3a47b4e768e&userId=67169bd88848b78cf8031e7c\",\"status\":\"304\",\"responseTime\":\"67.885\"}","timestamp":"2024-11-11T08:47:13.993Z"}
{"level":"info","message":"{\"method\":\"GET\",\"url\":\"/v1/api/user/fetchVendorDetails?vendorId=66e3f158ebbcf3a47b4e768e&userId=67169bd88848b78cf8031e7c\",\"status\":\"304\",\"responseTime\":\"1331.248\"}","timestamp":"2024-11-11T08:47:15.278Z"}
{"level":"info","message":"{\"method\":\"GET\",\"url\":\"/v1/api/user/slots/66e3f158ebbcf3a47b4e768e\",\"status\":\"304\",\"responseTime\":\"54.046\"}","timestamp":"2024-11-11T08:47:30.988Z"}
{"level":"info","message":"{\"method\":\"POST\",\"url\":\"/v1/api/user/payment\",\"status\":\"200\",\"responseTime\":\"206.536\"}","timestamp":"2024-11-11T08:47:48.139Z"}
{"level":"info","message":"{\"method\":\"POST\",\"url\":\"/v1/api/user/payment\",\"status\":\"200\",\"responseTime\":\"147.524\"}","timestamp":"2024-11-11T08:47:48.153Z"}
{"level":"info","message":"{\"method\":\"POST\",\"url\":\"/v1/api/user/payment\",\"status\":\"200\",\"responseTime\":\"74.310\"}","timestamp":"2024-11-11T09:02:39.935Z"}
{"level":"info","message":"{\"method\":\"POST\",\"url\":\"/v1/api/user/payment\",\"status\":\"200\",\"responseTime\":\"145.693\"}","timestamp":"2024-11-11T09:02:39.946Z"}
{"level":"info","message":"{\"method\":\"POST\",\"url\":\"/v1/api/user/response/saveData\",\"status\":\"200\",\"responseTime\":\"322.448\"}","timestamp":"2024-11-11T09:03:04.655Z"}
{"level":"info","message":"{\"method\":\"GET\",\"url\":\"/v1/api/user/fetchBookingDetails/67169bd88848b78cf8031e7c\",\"status\":\"200\",\"responseTime\":\"723.116\"}","timestamp":"2024-11-11T09:03:10.472Z"}
{"level":"info","message":"{\"method\":\"GET\",\"url\":\"/v1/api/user/vendors\",\"status\":\"200\",\"responseTime\":\"50.792\"}","timestamp":"2024-11-11T09:03:17.854Z"}
{"level":"info","message":"{\"method\":\"GET\",\"url\":\"/v1/api/user/vendors\",\"status\":\"200\",\"responseTime\":\"52.504\"}","timestamp":"2024-11-11T09:03:17.859Z"}
{"level":"info","message":"{\"method\":\"GET\",\"url\":\"/v1/api/vendor/unread-count\",\"status\":\"401\",\"responseTime\":\"40.175\"}","timestamp":"2024-11-11T09:32:29.972Z"}
{"level":"info","message":"{\"method\":\"POST\",\"url\":\"/v1/api/vendor/login\",\"status\":\"200\",\"responseTime\":\"978.778\"}","timestamp":"2024-11-11T09:32:54.306Z"}
{"level":"info","message":"{\"method\":\"GET\",\"url\":\"/v1/api/vendor/fetchDetailsVendor/66e3f158ebbcf3a47b4e768e\",\"status\":\"200\",\"responseTime\":\"64.478\"}","timestamp":"2024-11-11T09:32:58.035Z"}
{"level":"info","message":"{\"method\":\"GET\",\"url\":\"/v1/api/vendor/unread-count\",\"status\":\"200\",\"responseTime\":\"205.725\"}","timestamp":"2024-11-11T09:32:58.105Z"}
{"level":"info","message":"{\"method\":\"GET\",\"url\":\"/v1/api/vendor/fetchAuditoriumDetails/66e3f158ebbcf3a47b4e768e\",\"status\":\"200\",\"responseTime\":\"74.154\"}","timestamp":"2024-11-11T09:32:58.133Z"}
{"level":"info","message":"{\"method\":\"GET\",\"url\":\"/v1/api/vendor/fetchFoodDetails/66e3f158ebbcf3a47b4e768e\",\"status\":\"200\",\"responseTime\":\"137.175\"}","timestamp":"2024-11-11T09:32:58.309Z"}
{"level":"info","message":"{\"method\":\"GET\",\"url\":\"/v1/api/vendor/fetchReviews/66e3f158ebbcf3a47b4e768e\",\"status\":\"200\",\"responseTime\":\"49.987\"}","timestamp":"2024-11-11T09:32:58.365Z"}
{"level":"info","message":"{\"method\":\"GET\",\"url\":\"/v1/api/vendor/fetchDetailsVendor/66e3f158ebbcf3a47b4e768e\",\"status\":\"200\",\"responseTime\":\"612.049\"}","timestamp":"2024-11-11T09:32:58.568Z"}
{"level":"info","message":"{\"method\":\"GET\",\"url\":\"/v1/api/vendor/unread-count\",\"status\":\"200\",\"responseTime\":\"631.534\"}","timestamp":"2024-11-11T09:32:58.595Z"}
{"level":"info","message":"{\"method\":\"GET\",\"url\":\"/v1/api/vendor/fetchAuditoriumDetails/66e3f158ebbcf3a47b4e768e\",\"status\":\"200\",\"responseTime\":\"52.219\"}","timestamp":"2024-11-11T09:32:58.628Z"}
{"level":"info","message":"{\"method\":\"GET\",\"url\":\"/v1/api/vendor/fetchFoodDetails/66e3f158ebbcf3a47b4e768e\",\"status\":\"200\",\"responseTime\":\"110.303\"}","timestamp":"2024-11-11T09:32:58.749Z"}
{"level":"info","message":"{\"method\":\"GET\",\"url\":\"/v1/api/vendor/fetchReviews/66e3f158ebbcf3a47b4e768e\",\"status\":\"200\",\"responseTime\":\"43.903\"}","timestamp":"2024-11-11T09:32:58.800Z"}
{"level":"info","message":"{\"method\":\"GET\",\"url\":\"/v1/api/user/vendors\",\"status\":\"200\",\"responseTime\":\"48.503\"}","timestamp":"2024-11-11T09:33:16.348Z"}
{"level":"info","message":"{\"method\":\"GET\",\"url\":\"/v1/api/user/vendors\",\"status\":\"200\",\"responseTime\":\"82.731\"}","timestamp":"2024-11-11T09:33:16.376Z"}
